Sat May 17 14:25:17 2025       
+-----------------------------------------------------------------------------------------+
| NVIDIA-SMI 550.144.03             Driver Version: 550.144.03     CUDA Version: 12.4     |
|-----------------------------------------+------------------------+----------------------+
| GPU  Name                 Persistence-M | Bus-Id          Disp.A | Volatile Uncorr. ECC |
| Fan  Temp   Perf          Pwr:Usage/Cap |           Memory-Usage | GPU-Util  Compute M. |
|                                         |                        |               MIG M. |
|=========================================+========================+======================|
|   0  Tesla V100-PCIE-32GB           Off |   00000000:40:00.0 Off |                    0 |
| N/A   33C    P0             38W /  250W |       1MiB /  32768MiB |      0%      Default |
|                                         |                        |                  N/A |
+-----------------------------------------+------------------------+----------------------+
                                                                                         
+-----------------------------------------------------------------------------------------+
| Processes:                                                                              |
|  GPU   GI   CI        PID   Type   Process name                              GPU Memory |
|        ID   ID                                                               Usage      |
|=========================================================================================|
|  No running processes found                                                             |
+-----------------------------------------------------------------------------------------+
              total        used        free      shared  buff/cache   available
Mem:           376G         14G        351G        542M         10G        360G
Swap:           15G          0B         15G
pid, used_gpu_memory [MiB]
cuda available: True
device being used: cuda
Using device: cuda
Model device: cuda:0
Running Baseline Model
Epoch 1 | Starting warmup...
[GPU] memory allocated = 3904.01
[GPU] memory reserved = 28024.24
Step 1000 | Loss: 4.1388
[GPU] memory allocated = 3904.01
[GPU] memory reserved = 28024.24
Step 2000 | Loss: 3.5986
[GPU] memory allocated = 3904.01
[GPU] memory reserved = 28024.24
Step 3000 | Loss: 3.3411
[GPU] memory allocated = 3904.01
[GPU] memory reserved = 28024.24
Step 4000 | Loss: 3.1636
[GPU] memory allocated = 3904.01
[GPU] memory reserved = 28024.24
Step 5000 | Loss: 3.0650
[GPU] memory allocated = 3904.01
[GPU] memory reserved = 28024.24
Step 6000 | Loss: 3.0873
[GPU] memory allocated = 3904.01
[GPU] memory reserved = 28024.24
Step 7000 | Loss: 2.8322
[GPU] memory allocated = 3904.01
[GPU] memory reserved = 28024.24
Step 8000 | Loss: 2.8477
[GPU] memory allocated = 3904.01
[GPU] memory reserved = 28024.24
Step 9000 | Loss: 2.8125
[GPU] memory allocated = 3904.01
[GPU] memory reserved = 28024.24
Step 10000 | Loss: 2.6590
[GPU] memory allocated = 3904.01
[GPU] memory reserved = 28024.24
Step 11000 | Loss: 2.6987
[GPU] memory allocated = 3904.01
[GPU] memory reserved = 28024.24
Step 12000 | Loss: 2.6521
[GPU] memory allocated = 3904.01
[GPU] memory reserved = 28024.24
Step 13000 | Loss: 2.5387
[GPU] memory allocated = 3904.01
[GPU] memory reserved = 28024.24
Step 14000 | Loss: 2.5423
[GPU] memory allocated = 3904.01
[GPU] memory reserved = 28024.24
Step 15000 | Loss: 2.5478
[GPU] memory allocated = 3904.01
[GPU] memory reserved = 28024.24
Step 16000 | Loss: 2.5611
[GPU] memory allocated = 3904.01
[GPU] memory reserved = 28024.24
Step 17000 | Loss: 2.5036
[GPU] memory allocated = 3904.01
[GPU] memory reserved = 28024.24
Step 18000 | Loss: 2.5085
[GPU] memory allocated = 3904.01
[GPU] memory reserved = 28024.24
Step 19000 | Loss: 2.4832
[GPU] memory allocated = 3904.01
[GPU] memory reserved = 28024.24
Step 20000 | Loss: 2.4348
[GPU] memory allocated = 3904.01
[GPU] memory reserved = 28024.24
Step 21000 | Loss: 2.4969
[GPU] memory allocated = 3904.01
[GPU] memory reserved = 28024.24
Step 22000 | Loss: 2.4650
[GPU] memory allocated = 3904.01
[GPU] memory reserved = 28024.24
Step 23000 | Loss: 2.4628
[GPU] memory allocated = 3904.01
[GPU] memory reserved = 28024.24
Step 24000 | Loss: 2.3735
[GPU] memory allocated = 3904.01
[GPU] memory reserved = 28024.24
Step 25000 | Loss: 2.4175
[GPU] memory allocated = 3904.01
[GPU] memory reserved = 28024.24
Step 26000 | Loss: 2.3871
[GPU] memory allocated = 3904.01
[GPU] memory reserved = 28024.24
Step 27000 | Loss: 2.2983
[GPU] memory allocated = 3904.01
[GPU] memory reserved = 28024.24
Step 28000 | Loss: 2.3623
[GPU] memory allocated = 3904.01
[GPU] memory reserved = 28024.24
Step 29000 | Loss: 2.3321
[GPU] memory allocated = 3904.01
[GPU] memory reserved = 28024.24
Step 30000 | Loss: 2.3173
[GPU] memory allocated = 3904.01
[GPU] memory reserved = 28024.24
Step 31000 | Loss: 2.2640
[GPU] memory allocated = 3904.01
[GPU] memory reserved = 28024.24
Step 32000 | Loss: 2.2287
[GPU] memory allocated = 3904.01
[GPU] memory reserved = 28024.24
Step 33000 | Loss: 2.2812
[GPU] memory allocated = 3904.01
[GPU] memory reserved = 28024.24
Step 34000 | Loss: 2.3093
[GPU] memory allocated = 3904.01
[GPU] memory reserved = 28024.24
Step 35000 | Loss: 2.2829
[GPU] memory allocated = 3904.01
[GPU] memory reserved = 28024.24
Step 36000 | Loss: 2.2669
[GPU] memory allocated = 3904.01
[GPU] memory reserved = 28024.24
Step 37000 | Loss: 2.2299
[GPU] memory allocated = 3904.01
[GPU] memory reserved = 28024.24
Step 38000 | Loss: 2.3229
[GPU] memory allocated = 3904.01
[GPU] memory reserved = 28024.24
Step 39000 | Loss: 2.3291
[GPU] memory allocated = 3904.01
[GPU] memory reserved = 28024.24
Step 40000 | Loss: 2.1845
[GPU] memory allocated = 3904.01
[GPU] memory reserved = 28024.24
Step 41000 | Loss: 2.2264
[GPU] memory allocated = 3904.01
[GPU] memory reserved = 28024.24
Step 42000 | Loss: 2.2344
[GPU] memory allocated = 3904.01
[GPU] memory reserved = 28024.24
Step 43000 | Loss: 2.3016
[GPU] memory allocated = 3904.01
[GPU] memory reserved = 28024.24
Step 44000 | Loss: 2.2779
[GPU] memory allocated = 3904.01
[GPU] memory reserved = 28024.24
Step 45000 | Loss: 2.1152
[GPU] memory allocated = 3904.01
[GPU] memory reserved = 28024.24
Step 46000 | Loss: 2.2328
[GPU] memory allocated = 3904.01
[GPU] memory reserved = 28024.24
Step 47000 | Loss: 2.2040
[GPU] memory allocated = 3904.01
[GPU] memory reserved = 28024.24
Step 48000 | Loss: 2.1201
[GPU] memory allocated = 3904.01
[GPU] memory reserved = 28024.24
Step 49000 | Loss: 2.1879
[GPU] memory allocated = 3904.01
[GPU] memory reserved = 28024.24
Step 50000 | Loss: 2.1558
[GPU] memory allocated = 3904.01
[GPU] memory reserved = 28024.24
Step 51000 | Loss: 2.1558
[GPU] memory allocated = 3904.01
[GPU] memory reserved = 28024.24
Step 52000 | Loss: 2.1336
[GPU] memory allocated = 3904.01
[GPU] memory reserved = 28024.24
Step 53000 | Loss: 2.2456
[GPU] memory allocated = 3904.01
[GPU] memory reserved = 28024.24
Step 54000 | Loss: 2.2140
[GPU] memory allocated = 3904.01
[GPU] memory reserved = 28024.24
Step 55000 | Loss: 2.1380
[GPU] memory allocated = 3904.01
[GPU] memory reserved = 28024.24
Step 56000 | Loss: 2.1539
[GPU] memory allocated = 3904.01
[GPU] memory reserved = 28024.24
Step 57000 | Loss: 2.1392
[GPU] memory allocated = 3904.01
[GPU] memory reserved = 28024.24
Step 58000 | Loss: 2.1327
[GPU] memory allocated = 3904.01
[GPU] memory reserved = 28024.24
Step 59000 | Loss: 2.1334
[GPU] memory allocated = 3904.01
[GPU] memory reserved = 28024.24
Step 60000 | Loss: 2.0090
[GPU] memory allocated = 3904.01
[GPU] memory reserved = 28024.24
Step 61000 | Loss: 2.0631
[GPU] memory allocated = 3904.01
[GPU] memory reserved = 28024.24
Step 62000 | Loss: 2.1839
[GPU] memory allocated = 3904.01
[GPU] memory reserved = 28024.24
Step 63000 | Loss: 2.1135
[GPU] memory allocated = 3904.01
[GPU] memory reserved = 28024.24
Step 64000 | Loss: 2.0598
[GPU] memory allocated = 3904.01
[GPU] memory reserved = 28024.24
Step 65000 | Loss: 2.1210
[GPU] memory allocated = 3904.01
[GPU] memory reserved = 28024.24
Step 66000 | Loss: 2.1342
[GPU] memory allocated = 3904.01
[GPU] memory reserved = 28024.24
Step 67000 | Loss: 2.1413
[GPU] memory allocated = 3904.01
[GPU] memory reserved = 28024.24
Step 68000 | Loss: 2.0093
[GPU] memory allocated = 3904.01
[GPU] memory reserved = 28024.24
Step 69000 | Loss: 2.0995
[GPU] memory allocated = 3904.01
[GPU] memory reserved = 28024.24
Step 70000 | Loss: 2.1139
[GPU] memory allocated = 3904.01
[GPU] memory reserved = 28024.24
Step 71000 | Loss: 2.0510
[GPU] memory allocated = 3904.01
[GPU] memory reserved = 28024.24
Step 72000 | Loss: 2.0289
[GPU] memory allocated = 3904.01
[GPU] memory reserved = 28024.24
Step 73000 | Loss: 2.0688
[GPU] memory allocated = 3904.01
[GPU] memory reserved = 28024.24
Step 74000 | Loss: 2.0928
[GPU] memory allocated = 3904.01
[GPU] memory reserved = 28024.24
Step 75000 | Loss: 2.0865
[GPU] memory allocated = 3904.01
[GPU] memory reserved = 28024.24
Step 76000 | Loss: 2.1444
[GPU] memory allocated = 3904.01
[GPU] memory reserved = 28024.24
Step 77000 | Loss: 2.0498
[GPU] memory allocated = 3904.01
[GPU] memory reserved = 28024.24
Step 78000 | Loss: 1.9878
[GPU] memory allocated = 3904.01
[GPU] memory reserved = 28024.24
Step 79000 | Loss: 2.0970
[GPU] memory allocated = 3904.01
[GPU] memory reserved = 28024.24
Step 80000 | Loss: 1.9943
[GPU] memory allocated = 3904.01
[GPU] memory reserved = 28024.24
Step 81000 | Loss: 2.0391
[GPU] memory allocated = 3904.01
[GPU] memory reserved = 28024.24
Step 82000 | Loss: 1.9998
[GPU] memory allocated = 3904.01
[GPU] memory reserved = 28024.24
Step 83000 | Loss: 2.0511
[GPU] memory allocated = 3904.01
[GPU] memory reserved = 28024.24
Step 84000 | Loss: 2.0973
[GPU] memory allocated = 3904.01
[GPU] memory reserved = 28024.24
Step 85000 | Loss: 1.9920
[GPU] memory allocated = 3904.01
[GPU] memory reserved = 28024.24
Step 86000 | Loss: 2.0089
[GPU] memory allocated = 3904.01
[GPU] memory reserved = 28024.24
Step 87000 | Loss: 2.0614
[debug] Lenght of validation loader = 4591
Epoch 1 | Training Loss: 2.35 | Validation Loss: 1.6358
Epoch 2 | LR: 0.000801
[GPU] memory allocated = 3904.01
[GPU] memory reserved = 28024.24
Step 88000 | Loss: 2.0783
[GPU] memory allocated = 3904.01
[GPU] memory reserved = 28024.24
Step 89000 | Loss: 2.0356
[GPU] memory allocated = 3904.01
[GPU] memory reserved = 28024.24
Step 90000 | Loss: 2.0261
[GPU] memory allocated = 3904.01
[GPU] memory reserved = 28024.24
Step 91000 | Loss: 2.0818
[GPU] memory allocated = 3904.01
[GPU] memory reserved = 28024.24
Step 92000 | Loss: 2.0818
[GPU] memory allocated = 3904.01
[GPU] memory reserved = 28024.24
Step 93000 | Loss: 2.0257
[GPU] memory allocated = 3904.01
[GPU] memory reserved = 28024.24
Step 94000 | Loss: 2.0458
[GPU] memory allocated = 3904.01
[GPU] memory reserved = 28024.24
Step 95000 | Loss: 2.0084
[GPU] memory allocated = 3904.01
[GPU] memory reserved = 28024.24
Step 96000 | Loss: 2.0249
[GPU] memory allocated = 3904.01
[GPU] memory reserved = 28024.24
Step 97000 | Loss: 1.9677
[GPU] memory allocated = 3904.01
[GPU] memory reserved = 28024.24
Step 98000 | Loss: 1.9817
[GPU] memory allocated = 3904.01
[GPU] memory reserved = 28024.24
Step 99000 | Loss: 2.1110
[GPU] memory allocated = 3904.01
[GPU] memory reserved = 28024.24
Step 100000 | Loss: 2.0306
[GPU] memory allocated = 3904.01
[GPU] memory reserved = 28024.24
Step 101000 | Loss: 1.9577
[GPU] memory allocated = 3904.01
[GPU] memory reserved = 28024.24
Step 102000 | Loss: 2.0431
[GPU] memory allocated = 3904.01
[GPU] memory reserved = 28024.24
Step 103000 | Loss: 1.9518
[GPU] memory allocated = 3904.01
[GPU] memory reserved = 28024.24
Step 104000 | Loss: 1.9873
[GPU] memory allocated = 3904.01
[GPU] memory reserved = 28024.24
Step 105000 | Loss: 2.0051
[GPU] memory allocated = 3904.01
[GPU] memory reserved = 28024.24
Step 106000 | Loss: 2.0928
[GPU] memory allocated = 3904.01
[GPU] memory reserved = 28024.24
Step 107000 | Loss: 1.9652
[GPU] memory allocated = 3904.01
[GPU] memory reserved = 28024.24
Step 108000 | Loss: 1.9327
[GPU] memory allocated = 3904.01
[GPU] memory reserved = 28024.24
Step 109000 | Loss: 2.0706
[GPU] memory allocated = 3904.01
[GPU] memory reserved = 28024.24
Step 110000 | Loss: 1.9431
[GPU] memory allocated = 3904.01
[GPU] memory reserved = 28024.24
Step 111000 | Loss: 2.0220
[GPU] memory allocated = 3904.01
[GPU] memory reserved = 28024.24
Step 112000 | Loss: 1.9772
[GPU] memory allocated = 3904.01
[GPU] memory reserved = 28024.24
Step 113000 | Loss: 2.0083
[GPU] memory allocated = 3904.01
[GPU] memory reserved = 28024.24
Step 114000 | Loss: 1.9852
[GPU] memory allocated = 3904.01
[GPU] memory reserved = 28024.24
Step 115000 | Loss: 1.9775
[GPU] memory allocated = 3904.01
[GPU] memory reserved = 28024.24
Step 116000 | Loss: 1.9478
[GPU] memory allocated = 3904.01
[GPU] memory reserved = 28024.24
Step 117000 | Loss: 1.8937
[GPU] memory allocated = 3904.01
[GPU] memory reserved = 28024.24
Step 118000 | Loss: 1.9224
[GPU] memory allocated = 3904.01
[GPU] memory reserved = 28024.24
Step 119000 | Loss: 1.9338
[GPU] memory allocated = 3904.01
[GPU] memory reserved = 28024.24
Step 120000 | Loss: 1.9615
[GPU] memory allocated = 3904.01
[GPU] memory reserved = 28024.24
Step 121000 | Loss: 1.9453
[GPU] memory allocated = 3904.01
[GPU] memory reserved = 28024.24
Step 122000 | Loss: 1.9678
[GPU] memory allocated = 3904.01
[GPU] memory reserved = 28024.24
Step 123000 | Loss: 1.8467
[GPU] memory allocated = 3904.01
[GPU] memory reserved = 28024.24
Step 124000 | Loss: 1.9231
[GPU] memory allocated = 3904.01
[GPU] memory reserved = 28024.24
Step 125000 | Loss: 1.9288
[GPU] memory allocated = 3904.01
[GPU] memory reserved = 28024.24
Step 126000 | Loss: 1.9200
[GPU] memory allocated = 3904.01
[GPU] memory reserved = 28024.24
Step 127000 | Loss: 2.0144
[GPU] memory allocated = 3904.01
[GPU] memory reserved = 28024.24
Step 128000 | Loss: 1.9738
[GPU] memory allocated = 3904.01
[GPU] memory reserved = 28024.24
Step 129000 | Loss: 1.9092
[GPU] memory allocated = 3904.01
[GPU] memory reserved = 28024.24
Step 130000 | Loss: 1.9392
[GPU] memory allocated = 3904.01
[GPU] memory reserved = 28024.24
Step 131000 | Loss: 1.9620
[GPU] memory allocated = 3904.01
[GPU] memory reserved = 28024.24
Step 132000 | Loss: 1.9316
[GPU] memory allocated = 3904.01
[GPU] memory reserved = 28024.24
Step 133000 | Loss: 1.8929
[GPU] memory allocated = 3904.01
[GPU] memory reserved = 28024.24
Step 134000 | Loss: 1.8747
[GPU] memory allocated = 3904.01
[GPU] memory reserved = 28024.24
Step 135000 | Loss: 1.9357
[GPU] memory allocated = 3904.01
[GPU] memory reserved = 28024.24
Step 136000 | Loss: 1.9512
[GPU] memory allocated = 3904.01
[GPU] memory reserved = 28024.24
Step 137000 | Loss: 1.9552
[GPU] memory allocated = 3904.01
[GPU] memory reserved = 28024.24
Step 138000 | Loss: 1.8941
[GPU] memory allocated = 3904.01
[GPU] memory reserved = 28024.24
Step 139000 | Loss: 1.9218
[GPU] memory allocated = 3904.01
[GPU] memory reserved = 28024.24
Step 140000 | Loss: 1.8992
[GPU] memory allocated = 3904.01
[GPU] memory reserved = 28024.24
Step 141000 | Loss: 1.9582
[GPU] memory allocated = 3904.01
[GPU] memory reserved = 28024.24
Step 142000 | Loss: 1.9698
[GPU] memory allocated = 3904.01
[GPU] memory reserved = 28024.24
Step 143000 | Loss: 1.8829
[GPU] memory allocated = 3904.01
[GPU] memory reserved = 28024.24
Step 144000 | Loss: 1.8851
[GPU] memory allocated = 3904.01
[GPU] memory reserved = 28024.24
Step 145000 | Loss: 1.9509
[GPU] memory allocated = 3904.01
[GPU] memory reserved = 28024.24
Step 146000 | Loss: 1.9155
[GPU] memory allocated = 3904.01
[GPU] memory reserved = 28024.24
Step 147000 | Loss: 1.9639
[GPU] memory allocated = 3904.01
[GPU] memory reserved = 28024.24
Step 148000 | Loss: 1.9082
[GPU] memory allocated = 3904.01
[GPU] memory reserved = 28024.24
Step 149000 | Loss: 1.8668
[GPU] memory allocated = 3904.01
[GPU] memory reserved = 28024.24
Step 150000 | Loss: 1.9372
[GPU] memory allocated = 3904.01
[GPU] memory reserved = 28024.24
Step 151000 | Loss: 1.8632
[GPU] memory allocated = 3904.01
[GPU] memory reserved = 28024.24
Step 152000 | Loss: 1.9603
[GPU] memory allocated = 3904.01
[GPU] memory reserved = 28024.24
Step 153000 | Loss: 1.9448
[GPU] memory allocated = 3904.01
[GPU] memory reserved = 28024.24
Step 154000 | Loss: 1.9276
[GPU] memory allocated = 3904.01
[GPU] memory reserved = 28024.24
Step 155000 | Loss: 1.9183
[GPU] memory allocated = 3904.01
[GPU] memory reserved = 28024.24
Step 156000 | Loss: 1.9192
[GPU] memory allocated = 3904.01
[GPU] memory reserved = 28024.24
Step 157000 | Loss: 2.0187
[GPU] memory allocated = 3904.01
[GPU] memory reserved = 28024.24
Step 158000 | Loss: 1.8465
[GPU] memory allocated = 3904.01
[GPU] memory reserved = 28024.24
Step 159000 | Loss: 1.8925
[GPU] memory allocated = 3904.01
[GPU] memory reserved = 28024.24
Step 160000 | Loss: 1.8244
[GPU] memory allocated = 3904.01
[GPU] memory reserved = 28024.24
Step 161000 | Loss: 1.9010
[GPU] memory allocated = 3904.01
[GPU] memory reserved = 28024.24
Step 162000 | Loss: 1.9383
[GPU] memory allocated = 3904.01
[GPU] memory reserved = 28024.24
Step 163000 | Loss: 1.8392
[GPU] memory allocated = 3904.01
[GPU] memory reserved = 28024.24
Step 164000 | Loss: 1.8685
[GPU] memory allocated = 3904.01
[GPU] memory reserved = 28024.24
Step 165000 | Loss: 1.8908
[GPU] memory allocated = 3904.01
[GPU] memory reserved = 28024.24
Step 166000 | Loss: 1.9792
[GPU] memory allocated = 3904.01
[GPU] memory reserved = 28024.24
Step 167000 | Loss: 1.9242
[GPU] memory allocated = 3904.01
[GPU] memory reserved = 28024.24
Step 168000 | Loss: 1.9510
[GPU] memory allocated = 3904.01
[GPU] memory reserved = 28024.24
Step 169000 | Loss: 1.8997
[GPU] memory allocated = 3904.01
[GPU] memory reserved = 28024.24
Step 170000 | Loss: 1.8961
[GPU] memory allocated = 3904.01
[GPU] memory reserved = 28024.24
Step 171000 | Loss: 1.8902
[GPU] memory allocated = 3904.01
[GPU] memory reserved = 28024.24
Step 172000 | Loss: 1.8427
[GPU] memory allocated = 3904.01
[GPU] memory reserved = 28024.24
Step 173000 | Loss: 1.8644
[GPU] memory allocated = 3904.01
[GPU] memory reserved = 28024.24
Step 174000 | Loss: 1.8802
[debug] Lenght of validation loader = 4591
-1.0993724090596673
Epoch 2 | Training Loss: 1.96 | Validation Loss: 1.4543
Epoch 3 | LR: 0.000601
[GPU] memory allocated = 3904.01
[GPU] memory reserved = 28024.24
Step 175000 | Loss: 1.8898
[GPU] memory allocated = 3904.01
[GPU] memory reserved = 28024.24
Step 176000 | Loss: 1.9073
[GPU] memory allocated = 3904.01
[GPU] memory reserved = 28024.24
Step 177000 | Loss: 1.9039
[GPU] memory allocated = 3904.01
[GPU] memory reserved = 28024.24
Step 178000 | Loss: 1.8808
[GPU] memory allocated = 3904.01
[GPU] memory reserved = 28024.24
Step 179000 | Loss: 1.8976
[GPU] memory allocated = 3904.01
[GPU] memory reserved = 28024.24
Step 180000 | Loss: 1.8015
[GPU] memory allocated = 3904.01
[GPU] memory reserved = 28024.24
Step 181000 | Loss: 1.9203
[GPU] memory allocated = 3904.01
[GPU] memory reserved = 28024.24
Step 182000 | Loss: 1.8972
[GPU] memory allocated = 3904.01
[GPU] memory reserved = 28024.24
Step 183000 | Loss: 1.7947
[GPU] memory allocated = 3904.01
[GPU] memory reserved = 28024.24
Step 184000 | Loss: 1.9150
[GPU] memory allocated = 3904.01
[GPU] memory reserved = 28024.24
Step 185000 | Loss: 1.8432
[GPU] memory allocated = 3904.01
[GPU] memory reserved = 28024.24
Step 186000 | Loss: 1.8891
[GPU] memory allocated = 3904.01
[GPU] memory reserved = 28024.24
Step 187000 | Loss: 1.8858
[GPU] memory allocated = 3904.01
[GPU] memory reserved = 28024.24
Step 188000 | Loss: 1.8494
[GPU] memory allocated = 3904.01
[GPU] memory reserved = 28024.24
Step 189000 | Loss: 1.9250
[GPU] memory allocated = 3904.01
[GPU] memory reserved = 28024.24
Step 190000 | Loss: 1.7800
[GPU] memory allocated = 3904.01
[GPU] memory reserved = 28024.24
Step 191000 | Loss: 1.9041
[GPU] memory allocated = 3904.01
[GPU] memory reserved = 28024.24
Step 192000 | Loss: 1.8773
[GPU] memory allocated = 3904.01
[GPU] memory reserved = 28024.24
Step 193000 | Loss: 1.9191
[GPU] memory allocated = 3904.01
[GPU] memory reserved = 28024.24
Step 194000 | Loss: 1.8446
[GPU] memory allocated = 3904.01
[GPU] memory reserved = 28024.24
Step 195000 | Loss: 1.9078
[GPU] memory allocated = 3904.01
[GPU] memory reserved = 28024.24
Step 196000 | Loss: 1.8556
[GPU] memory allocated = 3904.01
[GPU] memory reserved = 28024.24
Step 197000 | Loss: 1.8958
[GPU] memory allocated = 3904.01
[GPU] memory reserved = 28024.24
Step 198000 | Loss: 1.8583
[GPU] memory allocated = 3904.01
[GPU] memory reserved = 28024.24
Step 199000 | Loss: 1.8566
[GPU] memory allocated = 3904.01
[GPU] memory reserved = 28024.24
Step 200000 | Loss: 1.8904
[GPU] memory allocated = 3904.01
[GPU] memory reserved = 28024.24
Step 201000 | Loss: 1.8366
[GPU] memory allocated = 3904.01
[GPU] memory reserved = 28024.24
Step 202000 | Loss: 1.8359
[GPU] memory allocated = 3904.01
[GPU] memory reserved = 28024.24
Step 203000 | Loss: 1.8156
[GPU] memory allocated = 3904.01
[GPU] memory reserved = 28024.24
Step 204000 | Loss: 1.8722
[GPU] memory allocated = 3904.01
[GPU] memory reserved = 28024.24
Step 205000 | Loss: 1.8357
[GPU] memory allocated = 3904.01
[GPU] memory reserved = 28024.24
Step 206000 | Loss: 1.8204
[GPU] memory allocated = 3904.01
[GPU] memory reserved = 28024.24
Step 207000 | Loss: 1.8317
[GPU] memory allocated = 3904.01
[GPU] memory reserved = 28024.24
Step 208000 | Loss: 1.8892
[GPU] memory allocated = 3904.01
[GPU] memory reserved = 28024.24
Step 209000 | Loss: 1.8861
[GPU] memory allocated = 3904.01
[GPU] memory reserved = 28024.24
Step 210000 | Loss: 1.8265
[GPU] memory allocated = 3904.01
[GPU] memory reserved = 28024.24
Step 211000 | Loss: 1.8440
[GPU] memory allocated = 3904.01
[GPU] memory reserved = 28024.24
Step 212000 | Loss: 1.8346
[GPU] memory allocated = 3904.01
[GPU] memory reserved = 28024.24
Step 213000 | Loss: 1.8957
[GPU] memory allocated = 3904.01
[GPU] memory reserved = 28024.24
Step 214000 | Loss: 1.8343
[GPU] memory allocated = 3904.01
[GPU] memory reserved = 28024.24
Step 215000 | Loss: 1.8455
[GPU] memory allocated = 3904.01
[GPU] memory reserved = 28024.24
Step 216000 | Loss: 1.8383
[GPU] memory allocated = 3904.01
[GPU] memory reserved = 28024.24
Step 217000 | Loss: 1.8151
[GPU] memory allocated = 3904.01
[GPU] memory reserved = 28024.24
Step 218000 | Loss: 1.8787
[GPU] memory allocated = 3904.01
[GPU] memory reserved = 28024.24
Step 219000 | Loss: 1.8248
[GPU] memory allocated = 3904.01
[GPU] memory reserved = 28024.24
Step 220000 | Loss: 1.8583
[GPU] memory allocated = 3904.01
[GPU] memory reserved = 28024.24
Step 221000 | Loss: 1.8102
[GPU] memory allocated = 3904.01
[GPU] memory reserved = 28024.24
Step 222000 | Loss: 1.8178
[GPU] memory allocated = 3904.01
[GPU] memory reserved = 28024.24
Step 223000 | Loss: 1.8405
[GPU] memory allocated = 3904.01
[GPU] memory reserved = 28024.24
Step 224000 | Loss: 1.9113
[GPU] memory allocated = 3904.01
[GPU] memory reserved = 28024.24
Step 225000 | Loss: 1.8827
[GPU] memory allocated = 3904.01
[GPU] memory reserved = 28024.24
Step 226000 | Loss: 1.8022
[GPU] memory allocated = 3904.01
[GPU] memory reserved = 28024.24
Step 227000 | Loss: 1.8620
[GPU] memory allocated = 3904.01
[GPU] memory reserved = 28024.24
Step 228000 | Loss: 1.8842
[GPU] memory allocated = 3904.01
[GPU] memory reserved = 28024.24
Step 229000 | Loss: 1.8064
[GPU] memory allocated = 3904.01
[GPU] memory reserved = 28024.24
Step 230000 | Loss: 1.8614
[GPU] memory allocated = 3904.01
[GPU] memory reserved = 28024.24
Step 231000 | Loss: 1.8552
[GPU] memory allocated = 3904.01
[GPU] memory reserved = 28024.24
Step 232000 | Loss: 1.8757
[GPU] memory allocated = 3904.01
[GPU] memory reserved = 28024.24
Step 233000 | Loss: 1.8568
[GPU] memory allocated = 3904.01
[GPU] memory reserved = 28024.24
Step 234000 | Loss: 1.8676
[GPU] memory allocated = 3904.01
[GPU] memory reserved = 28024.24
Step 235000 | Loss: 1.7981
[GPU] memory allocated = 3904.01
[GPU] memory reserved = 28024.24
Step 236000 | Loss: 1.8409
[GPU] memory allocated = 3904.01
[GPU] memory reserved = 28024.24
Step 237000 | Loss: 1.8414
[GPU] memory allocated = 3904.01
[GPU] memory reserved = 28024.24
Step 238000 | Loss: 1.7997
[GPU] memory allocated = 3904.01
[GPU] memory reserved = 28024.24
Step 239000 | Loss: 1.8574
[GPU] memory allocated = 3904.01
[GPU] memory reserved = 28024.24
Step 240000 | Loss: 1.8259
[GPU] memory allocated = 3904.01
[GPU] memory reserved = 28024.24
Step 241000 | Loss: 1.7963
[GPU] memory allocated = 3904.01
[GPU] memory reserved = 28024.24
Step 242000 | Loss: 1.7861
[GPU] memory allocated = 3904.01
[GPU] memory reserved = 28024.24
Step 243000 | Loss: 1.7780
[GPU] memory allocated = 3904.01
[GPU] memory reserved = 28024.24
Step 244000 | Loss: 1.8658
[GPU] memory allocated = 3904.01
[GPU] memory reserved = 28024.24
Step 245000 | Loss: 1.7805
[GPU] memory allocated = 3904.01
[GPU] memory reserved = 28024.24
Step 246000 | Loss: 1.8289
[GPU] memory allocated = 3904.01
[GPU] memory reserved = 28024.24
Step 247000 | Loss: 1.9364
[GPU] memory allocated = 3904.01
[GPU] memory reserved = 28024.24
Step 248000 | Loss: 1.7547
[GPU] memory allocated = 3904.01
[GPU] memory reserved = 28024.24
Step 249000 | Loss: 1.7776
[GPU] memory allocated = 3904.01
[GPU] memory reserved = 28024.24
Step 250000 | Loss: 1.7864
[GPU] memory allocated = 3904.01
[GPU] memory reserved = 28024.24
Step 251000 | Loss: 1.8278
[GPU] memory allocated = 3904.01
[GPU] memory reserved = 28024.24
Step 252000 | Loss: 1.8233
[GPU] memory allocated = 3904.01
[GPU] memory reserved = 28024.24
Step 253000 | Loss: 1.7792
[GPU] memory allocated = 3904.01
[GPU] memory reserved = 28024.24
Step 254000 | Loss: 1.8206
[GPU] memory allocated = 3904.01
[GPU] memory reserved = 28024.24
Step 255000 | Loss: 1.7166
[GPU] memory allocated = 3904.01
[GPU] memory reserved = 28024.24
Step 256000 | Loss: 1.8701
[GPU] memory allocated = 3904.01
[GPU] memory reserved = 28024.24
Step 257000 | Loss: 1.7712
[GPU] memory allocated = 3904.01
[GPU] memory reserved = 28024.24
Step 258000 | Loss: 1.7420
[GPU] memory allocated = 3904.01
[GPU] memory reserved = 28024.24
Step 259000 | Loss: 1.7410
[GPU] memory allocated = 3904.01
[GPU] memory reserved = 28024.24
Step 260000 | Loss: 1.7664
[GPU] memory allocated = 3904.01
[GPU] memory reserved = 28024.24
Step 261000 | Loss: 1.8015
[debug] Lenght of validation loader = 4591
-0.878690644245568
Epoch 3 | Training Loss: 1.85 | Validation Loss: 1.3372
Epoch 4 | LR: 0.000400
[GPU] memory allocated = 3904.01
[GPU] memory reserved = 28024.24
Step 262000 | Loss: 1.8481
[GPU] memory allocated = 3904.01
[GPU] memory reserved = 28024.24
Step 263000 | Loss: 1.7500
[GPU] memory allocated = 3904.01
[GPU] memory reserved = 28024.24
Step 264000 | Loss: 1.8959
[GPU] memory allocated = 3904.01
[GPU] memory reserved = 28024.24
Step 265000 | Loss: 1.7734
[GPU] memory allocated = 3904.01
[GPU] memory reserved = 28024.24
Step 266000 | Loss: 1.7082
[GPU] memory allocated = 3904.01
[GPU] memory reserved = 28024.24
Step 267000 | Loss: 1.8637
[GPU] memory allocated = 3904.01
[GPU] memory reserved = 28024.24
Step 268000 | Loss: 1.7540
[GPU] memory allocated = 3904.01
[GPU] memory reserved = 28024.24
Step 269000 | Loss: 1.7891
[GPU] memory allocated = 3904.01
[GPU] memory reserved = 28024.24
Step 270000 | Loss: 1.7768
[GPU] memory allocated = 3904.01
[GPU] memory reserved = 28024.24
Step 271000 | Loss: 1.7729
[GPU] memory allocated = 3904.01
[GPU] memory reserved = 28024.24
Step 272000 | Loss: 1.7862
[GPU] memory allocated = 3904.01
[GPU] memory reserved = 28024.24
Step 273000 | Loss: 1.8174
[GPU] memory allocated = 3904.01
[GPU] memory reserved = 28024.24
Step 274000 | Loss: 1.7746
[GPU] memory allocated = 3904.01
[GPU] memory reserved = 28024.24
Step 275000 | Loss: 1.7656
[GPU] memory allocated = 3904.01
[GPU] memory reserved = 28024.24
Step 276000 | Loss: 1.7810
[GPU] memory allocated = 3904.01
[GPU] memory reserved = 28024.24
Step 277000 | Loss: 1.8187
[GPU] memory allocated = 3904.01
[GPU] memory reserved = 28024.24
Step 278000 | Loss: 1.8230
[GPU] memory allocated = 3904.01
[GPU] memory reserved = 28024.24
Step 279000 | Loss: 1.8660
[GPU] memory allocated = 3904.01
[GPU] memory reserved = 28024.24
Step 280000 | Loss: 1.7793
[GPU] memory allocated = 3904.01
[GPU] memory reserved = 28024.24
Step 281000 | Loss: 1.7409
[GPU] memory allocated = 3904.01
[GPU] memory reserved = 28024.24
Step 282000 | Loss: 1.7892
[GPU] memory allocated = 3904.01
[GPU] memory reserved = 28024.24
Step 283000 | Loss: 1.7793
[GPU] memory allocated = 3904.01
[GPU] memory reserved = 28024.24
Step 284000 | Loss: 1.8501
[GPU] memory allocated = 3904.01
[GPU] memory reserved = 28024.24
Step 285000 | Loss: 1.7707
[GPU] memory allocated = 3904.01
[GPU] memory reserved = 28024.24
Step 286000 | Loss: 1.8177
[GPU] memory allocated = 3904.01
[GPU] memory reserved = 28024.24
Step 287000 | Loss: 1.7839
[GPU] memory allocated = 3904.01
[GPU] memory reserved = 28024.24
Step 288000 | Loss: 1.7391
[GPU] memory allocated = 3904.01
[GPU] memory reserved = 28024.24
Step 289000 | Loss: 1.7941
[GPU] memory allocated = 3904.01
[GPU] memory reserved = 28024.24
Step 290000 | Loss: 1.7539
[GPU] memory allocated = 3904.01
[GPU] memory reserved = 28024.24
Step 291000 | Loss: 1.7568
[GPU] memory allocated = 3904.01
[GPU] memory reserved = 28024.24
Step 292000 | Loss: 1.7542
[GPU] memory allocated = 3904.01
[GPU] memory reserved = 28024.24
Step 293000 | Loss: 1.8053
[GPU] memory allocated = 3904.01
[GPU] memory reserved = 28024.24
Step 294000 | Loss: 1.8042
[GPU] memory allocated = 3904.01
[GPU] memory reserved = 28024.24
Step 295000 | Loss: 1.7857
[GPU] memory allocated = 3904.01
[GPU] memory reserved = 28024.24
Step 296000 | Loss: 1.8589
[GPU] memory allocated = 3904.01
[GPU] memory reserved = 28024.24
Step 297000 | Loss: 1.7170
[GPU] memory allocated = 3904.01
[GPU] memory reserved = 28024.24
Step 298000 | Loss: 1.7083
[GPU] memory allocated = 3904.01
[GPU] memory reserved = 28024.24
Step 299000 | Loss: 1.7919
[GPU] memory allocated = 3904.01
[GPU] memory reserved = 28024.24
Step 300000 | Loss: 1.9294
[GPU] memory allocated = 3904.01
[GPU] memory reserved = 28024.24
Step 301000 | Loss: 1.7617
[GPU] memory allocated = 3904.01
[GPU] memory reserved = 28024.24
Step 302000 | Loss: 1.7253
[GPU] memory allocated = 3904.01
[GPU] memory reserved = 28024.24
Step 303000 | Loss: 1.7387
[GPU] memory allocated = 3904.01
[GPU] memory reserved = 28024.24
Step 304000 | Loss: 1.8033
[GPU] memory allocated = 3904.01
[GPU] memory reserved = 28024.24
Step 305000 | Loss: 1.7427
[GPU] memory allocated = 3904.01
[GPU] memory reserved = 28024.24
Step 306000 | Loss: 1.8258
[GPU] memory allocated = 3904.01
[GPU] memory reserved = 28024.24
Step 307000 | Loss: 1.8021
[GPU] memory allocated = 3904.01
[GPU] memory reserved = 28024.24
Step 308000 | Loss: 1.7692
[GPU] memory allocated = 3904.01
[GPU] memory reserved = 28024.24
Step 309000 | Loss: 1.7749
[GPU] memory allocated = 3904.01
[GPU] memory reserved = 28024.24
Step 310000 | Loss: 1.7770
[GPU] memory allocated = 3904.01
[GPU] memory reserved = 28024.24
Step 311000 | Loss: 1.7138
[GPU] memory allocated = 3904.01
[GPU] memory reserved = 28024.24
Step 312000 | Loss: 1.6785
[GPU] memory allocated = 3904.01
[GPU] memory reserved = 28024.24
Step 313000 | Loss: 1.7172
[GPU] memory allocated = 3904.01
[GPU] memory reserved = 28024.24
Step 314000 | Loss: 1.7532
[GPU] memory allocated = 3904.01
[GPU] memory reserved = 28024.24
Step 315000 | Loss: 1.8364
[GPU] memory allocated = 3904.01
[GPU] memory reserved = 28024.24
Step 316000 | Loss: 1.7189
[GPU] memory allocated = 3904.01
[GPU] memory reserved = 28024.24
Step 317000 | Loss: 1.7237
[GPU] memory allocated = 3904.01
[GPU] memory reserved = 28024.24
Step 318000 | Loss: 1.6725
[GPU] memory allocated = 3904.01
[GPU] memory reserved = 28024.24
Step 319000 | Loss: 1.7818
[GPU] memory allocated = 3904.01
[GPU] memory reserved = 28024.24
Step 320000 | Loss: 1.7053
[GPU] memory allocated = 3904.01
[GPU] memory reserved = 28024.24
Step 321000 | Loss: 1.7324
[GPU] memory allocated = 3904.01
[GPU] memory reserved = 28024.24
Step 322000 | Loss: 1.7473
[GPU] memory allocated = 3904.01
[GPU] memory reserved = 28024.24
Step 323000 | Loss: 1.7405
[GPU] memory allocated = 3904.01
[GPU] memory reserved = 28024.24
Step 324000 | Loss: 1.7713
[GPU] memory allocated = 3904.01
[GPU] memory reserved = 28024.24
Step 325000 | Loss: 1.7822
[GPU] memory allocated = 3904.01
[GPU] memory reserved = 28024.24
Step 326000 | Loss: 1.6364
[GPU] memory allocated = 3904.01
[GPU] memory reserved = 28024.24
Step 327000 | Loss: 1.6982
[GPU] memory allocated = 3904.01
[GPU] memory reserved = 28024.24
Step 328000 | Loss: 1.7196
[GPU] memory allocated = 3904.01
[GPU] memory reserved = 28024.24
Step 329000 | Loss: 1.7644
[GPU] memory allocated = 3904.01
[GPU] memory reserved = 28024.24
Step 330000 | Loss: 1.7400
[GPU] memory allocated = 3904.01
[GPU] memory reserved = 28024.24
Step 331000 | Loss: 1.7637
[GPU] memory allocated = 3904.01
[GPU] memory reserved = 28024.24
Step 332000 | Loss: 1.7708
[GPU] memory allocated = 3904.01
[GPU] memory reserved = 28024.24
Step 333000 | Loss: 1.7706
[GPU] memory allocated = 3904.01
[GPU] memory reserved = 28024.24
Step 334000 | Loss: 1.7014
[GPU] memory allocated = 3904.01
[GPU] memory reserved = 28024.24
Step 335000 | Loss: 1.7507
[GPU] memory allocated = 3904.01
[GPU] memory reserved = 28024.24
Step 336000 | Loss: 1.8283
[GPU] memory allocated = 3904.01
[GPU] memory reserved = 28024.24
Step 337000 | Loss: 1.7172
[GPU] memory allocated = 3904.01
[GPU] memory reserved = 28024.24
Step 338000 | Loss: 1.6890
[GPU] memory allocated = 3904.01
[GPU] memory reserved = 28024.24
Step 339000 | Loss: 1.7148
[GPU] memory allocated = 3904.01
[GPU] memory reserved = 28024.24
Step 340000 | Loss: 1.7545
[GPU] memory allocated = 3904.01
[GPU] memory reserved = 28024.24
Step 341000 | Loss: 1.7567
[GPU] memory allocated = 3904.01
[GPU] memory reserved = 28024.24
Step 342000 | Loss: 1.7398
[GPU] memory allocated = 3904.01
[GPU] memory reserved = 28024.24
Step 343000 | Loss: 1.7526
[GPU] memory allocated = 3904.01
[GPU] memory reserved = 28024.24
Step 344000 | Loss: 1.7632
[GPU] memory allocated = 3904.01
[GPU] memory reserved = 28024.24
Step 345000 | Loss: 1.7248
[GPU] memory allocated = 3904.01
[GPU] memory reserved = 28024.24
Step 346000 | Loss: 1.7152
[GPU] memory allocated = 3904.01
[GPU] memory reserved = 28024.24
Step 347000 | Loss: 1.7084
[GPU] memory allocated = 3904.01
[GPU] memory reserved = 28024.24
Step 348000 | Loss: 1.7883
[debug] Lenght of validation loader = 4591
-0.681974060493445
Epoch 4 | Training Loss: 1.76 | Validation Loss: 1.2302
Epoch 5 | LR: 0.000200
[GPU] memory allocated = 3904.01
[GPU] memory reserved = 28024.24
Step 349000 | Loss: 1.7353
[GPU] memory allocated = 3904.01
[GPU] memory reserved = 28024.24
Step 350000 | Loss: 1.7083
[GPU] memory allocated = 3904.01
[GPU] memory reserved = 28024.24
Step 351000 | Loss: 1.7235
[GPU] memory allocated = 3904.01
[GPU] memory reserved = 28024.24
Step 352000 | Loss: 1.6237
[GPU] memory allocated = 3904.01
[GPU] memory reserved = 28024.24
Step 353000 | Loss: 1.7133
[GPU] memory allocated = 3904.01
[GPU] memory reserved = 28024.24
Step 354000 | Loss: 1.6930
[GPU] memory allocated = 3904.01
[GPU] memory reserved = 28024.24
Step 355000 | Loss: 1.7081
[GPU] memory allocated = 3904.01
[GPU] memory reserved = 28024.24
Step 356000 | Loss: 1.6613
[GPU] memory allocated = 3904.01
[GPU] memory reserved = 28024.24
Step 357000 | Loss: 1.7074
[GPU] memory allocated = 3904.01
[GPU] memory reserved = 28024.24
Step 358000 | Loss: 1.7115
[GPU] memory allocated = 3904.01
[GPU] memory reserved = 28024.24
Step 359000 | Loss: 1.6847
[GPU] memory allocated = 3904.01
[GPU] memory reserved = 28024.24
Step 360000 | Loss: 1.7277
[GPU] memory allocated = 3904.01
[GPU] memory reserved = 28024.24
Step 361000 | Loss: 1.6816
[GPU] memory allocated = 3904.01
[GPU] memory reserved = 28024.24
Step 362000 | Loss: 1.6343
[GPU] memory allocated = 3904.01
[GPU] memory reserved = 28024.24
Step 363000 | Loss: 1.7295
[GPU] memory allocated = 3904.01
[GPU] memory reserved = 28024.24
Step 364000 | Loss: 1.7481
[GPU] memory allocated = 3904.01
[GPU] memory reserved = 28024.24
Step 365000 | Loss: 1.7041
[GPU] memory allocated = 3904.01
[GPU] memory reserved = 28024.24
Step 366000 | Loss: 1.6755
[GPU] memory allocated = 3904.01
[GPU] memory reserved = 28024.24
Step 367000 | Loss: 1.6439
[GPU] memory allocated = 3904.01
[GPU] memory reserved = 28024.24
Step 368000 | Loss: 1.7114
[GPU] memory allocated = 3904.01
[GPU] memory reserved = 28024.24
Step 369000 | Loss: 1.6090
[GPU] memory allocated = 3904.01
[GPU] memory reserved = 28024.24
Step 370000 | Loss: 1.6720
[GPU] memory allocated = 3904.01
[GPU] memory reserved = 28024.24
Step 371000 | Loss: 1.6564
[GPU] memory allocated = 3904.01
[GPU] memory reserved = 28024.24
Step 372000 | Loss: 1.7127
[GPU] memory allocated = 3904.01
[GPU] memory reserved = 28024.24
Step 373000 | Loss: 1.6909
[GPU] memory allocated = 3904.01
[GPU] memory reserved = 28024.24
Step 374000 | Loss: 1.6520
[GPU] memory allocated = 3904.01
[GPU] memory reserved = 28024.24
Step 375000 | Loss: 1.6752
[GPU] memory allocated = 3904.01
[GPU] memory reserved = 28024.24
Step 376000 | Loss: 1.6545
[GPU] memory allocated = 3904.01
[GPU] memory reserved = 28024.24
Step 377000 | Loss: 1.6054
[GPU] memory allocated = 3904.01
[GPU] memory reserved = 28024.24
Step 378000 | Loss: 1.7441
[GPU] memory allocated = 3904.01
[GPU] memory reserved = 28024.24
Step 379000 | Loss: 1.7178
[GPU] memory allocated = 3904.01
[GPU] memory reserved = 28024.24
Step 380000 | Loss: 1.6601
[GPU] memory allocated = 3904.01
[GPU] memory reserved = 28024.24
Step 381000 | Loss: 1.6404
[GPU] memory allocated = 3904.01
[GPU] memory reserved = 28024.24
Step 382000 | Loss: 1.6781
[GPU] memory allocated = 3904.01
[GPU] memory reserved = 28024.24
Step 383000 | Loss: 1.6759
[GPU] memory allocated = 3904.01
[GPU] memory reserved = 28024.24
Step 384000 | Loss: 1.6774
[GPU] memory allocated = 3904.01
[GPU] memory reserved = 28024.24
Step 385000 | Loss: 1.6627
[GPU] memory allocated = 3904.01
[GPU] memory reserved = 28024.24
Step 386000 | Loss: 1.6663
[GPU] memory allocated = 3904.01
[GPU] memory reserved = 28024.24
Step 387000 | Loss: 1.6784
[GPU] memory allocated = 3904.01
[GPU] memory reserved = 28024.24
Step 388000 | Loss: 1.6773
[GPU] memory allocated = 3904.01
[GPU] memory reserved = 28024.24
Step 389000 | Loss: 1.6692
[GPU] memory allocated = 3904.01
[GPU] memory reserved = 28024.24
Step 390000 | Loss: 1.6660
[GPU] memory allocated = 3904.01
[GPU] memory reserved = 28024.24
Step 391000 | Loss: 1.7444
[GPU] memory allocated = 3904.01
[GPU] memory reserved = 28024.24
Step 392000 | Loss: 1.5793
[GPU] memory allocated = 3904.01
[GPU] memory reserved = 28024.24
Step 393000 | Loss: 1.6349
[GPU] memory allocated = 3904.01
[GPU] memory reserved = 28024.24
Step 394000 | Loss: 1.6600
[GPU] memory allocated = 3904.01
[GPU] memory reserved = 28024.24
Step 395000 | Loss: 1.6779
[GPU] memory allocated = 3904.01
[GPU] memory reserved = 28024.24
Step 396000 | Loss: 1.6703
[GPU] memory allocated = 3904.01
[GPU] memory reserved = 28024.24
Step 397000 | Loss: 1.6553
[GPU] memory allocated = 3904.01
[GPU] memory reserved = 28024.24
Step 398000 | Loss: 1.6313
[GPU] memory allocated = 3904.01
[GPU] memory reserved = 28024.24
Step 399000 | Loss: 1.7290
[GPU] memory allocated = 3904.01
[GPU] memory reserved = 28024.24
Step 400000 | Loss: 1.6179
[GPU] memory allocated = 3904.01
[GPU] memory reserved = 28024.24
Step 401000 | Loss: 1.6418
[GPU] memory allocated = 3904.01
[GPU] memory reserved = 28024.24
Step 402000 | Loss: 1.5896
[GPU] memory allocated = 3904.01
[GPU] memory reserved = 28024.24
Step 403000 | Loss: 1.6966
[GPU] memory allocated = 3904.01
[GPU] memory reserved = 28024.24
Step 404000 | Loss: 1.6796
[GPU] memory allocated = 3904.01
[GPU] memory reserved = 28024.24
Step 405000 | Loss: 1.7038
[GPU] memory allocated = 3904.01
[GPU] memory reserved = 28024.24
Step 406000 | Loss: 1.6057
[GPU] memory allocated = 3904.01
[GPU] memory reserved = 28024.24
Step 407000 | Loss: 1.7228
[GPU] memory allocated = 3904.01
[GPU] memory reserved = 28024.24
Step 408000 | Loss: 1.6616
[GPU] memory allocated = 3904.01
[GPU] memory reserved = 28024.24
Step 409000 | Loss: 1.6514
[GPU] memory allocated = 3904.01
[GPU] memory reserved = 28024.24
Step 410000 | Loss: 1.6399
[GPU] memory allocated = 3904.01
[GPU] memory reserved = 28024.24
Step 411000 | Loss: 1.6015
[GPU] memory allocated = 3904.01
[GPU] memory reserved = 28024.24
Step 412000 | Loss: 1.6636
[GPU] memory allocated = 3904.01
[GPU] memory reserved = 28024.24
Step 413000 | Loss: 1.6688
[GPU] memory allocated = 3904.01
[GPU] memory reserved = 28024.24
Step 414000 | Loss: 1.6379
[GPU] memory allocated = 3904.01
[GPU] memory reserved = 28024.24
Step 415000 | Loss: 1.6438
[GPU] memory allocated = 3904.01
[GPU] memory reserved = 28024.24
Step 416000 | Loss: 1.7434
[GPU] memory allocated = 3904.01
[GPU] memory reserved = 28024.24
Step 417000 | Loss: 1.5881
[GPU] memory allocated = 3904.01
[GPU] memory reserved = 28024.24
Step 418000 | Loss: 1.5842
[GPU] memory allocated = 3904.01
[GPU] memory reserved = 28024.24
Step 419000 | Loss: 1.6632
[GPU] memory allocated = 3904.01
[GPU] memory reserved = 28024.24
Step 420000 | Loss: 1.6246
[GPU] memory allocated = 3904.01
[GPU] memory reserved = 28024.24
Step 421000 | Loss: 1.5929
[GPU] memory allocated = 3904.01
[GPU] memory reserved = 28024.24
Step 422000 | Loss: 1.6493
[GPU] memory allocated = 3904.01
[GPU] memory reserved = 28024.24
Step 423000 | Loss: 1.6572
[GPU] memory allocated = 3904.01
[GPU] memory reserved = 28024.24
Step 424000 | Loss: 1.6758
[GPU] memory allocated = 3904.01
[GPU] memory reserved = 28024.24
Step 425000 | Loss: 1.5974
[GPU] memory allocated = 3904.01
[GPU] memory reserved = 28024.24
Step 426000 | Loss: 1.6028
[GPU] memory allocated = 3904.01
[GPU] memory reserved = 28024.24
Step 427000 | Loss: 1.5754
[GPU] memory allocated = 3904.01
[GPU] memory reserved = 28024.24
Step 428000 | Loss: 1.6544
[GPU] memory allocated = 3904.01
[GPU] memory reserved = 28024.24
Step 429000 | Loss: 1.5838
[GPU] memory allocated = 3904.01
[GPU] memory reserved = 28024.24
Step 430000 | Loss: 1.5680
[GPU] memory allocated = 3904.01
[GPU] memory reserved = 28024.24
Step 431000 | Loss: 1.6488
[GPU] memory allocated = 3904.01
[GPU] memory reserved = 28024.24
Step 432000 | Loss: 1.6320
[GPU] memory allocated = 3904.01
[GPU] memory reserved = 28024.24
Step 433000 | Loss: 1.6737
[GPU] memory allocated = 3904.01
[GPU] memory reserved = 28024.24
Step 434000 | Loss: 1.5469
[GPU] memory allocated = 3904.01
[GPU] memory reserved = 28024.24
Step 435000 | Loss: 1.6501
[GPU] memory allocated = 3904.01
[GPU] memory reserved = 28024.24
Step 436000 | Loss: 1.5962
[debug] Lenght of validation loader = 4591
-0.5726792826037487
Epoch 5 | Training Loss: 1.67 | Validation Loss: 1.1369
Main10M training complete. Time: 137220.847s
[info] Main10M parameters: 49.39M
