Sat May 17 00:15:00 2025       
+-----------------------------------------------------------------------------------------+
| NVIDIA-SMI 550.144.03             Driver Version: 550.144.03     CUDA Version: 12.4     |
|-----------------------------------------+------------------------+----------------------+
| GPU  Name                 Persistence-M | Bus-Id          Disp.A | Volatile Uncorr. ECC |
| Fan  Temp   Perf          Pwr:Usage/Cap |           Memory-Usage | GPU-Util  Compute M. |
|                                         |                        |               MIG M. |
|=========================================+========================+======================|
|   0  Tesla V100-PCIE-32GB           Off |   00000000:3D:00.0 Off |                    0 |
| N/A   34C    P0             38W /  250W |       1MiB /  32768MiB |      1%      Default |
|                                         |                        |                  N/A |
+-----------------------------------------+------------------------+----------------------+
                                                                                         
+-----------------------------------------------------------------------------------------+
| Processes:                                                                              |
|  GPU   GI   CI        PID   Type   Process name                              GPU Memory |
|        ID   ID                                                               Usage      |
|=========================================================================================|
|  No running processes found                                                             |
+-----------------------------------------------------------------------------------------+
              total        used        free      shared  buff/cache   available
Mem:           376G         41G        324G        536M         10G        332G
Swap:           15G          0B         15G
pid, used_gpu_memory [MiB]
cuda available: True
device being used: cuda
Using device: cuda
Model device: cuda:0
Running Baseline Model
Epoch 1 | Starting warmup...
[GPU] memory allocated = 1434.51
[GPU] memory reserved = 8776.58
Step 1000 | Loss: 2.6771
[GPU] memory allocated = 1434.51
[GPU] memory reserved = 8776.58
Step 2000 | Loss: 2.4641
[GPU] memory allocated = 1434.51
[GPU] memory reserved = 8776.58
Step 3000 | Loss: 2.1538
[GPU] memory allocated = 1434.51
[GPU] memory reserved = 8776.58
Step 4000 | Loss: 2.3248
[GPU] memory allocated = 1434.51
[GPU] memory reserved = 8776.58
Step 5000 | Loss: 2.2159
[GPU] memory allocated = 1434.51
[GPU] memory reserved = 8776.58
Step 6000 | Loss: 2.0556
[GPU] memory allocated = 1434.51
[GPU] memory reserved = 8776.58
Step 7000 | Loss: 1.9839
[GPU] memory allocated = 1434.51
[GPU] memory reserved = 8776.58
Step 8000 | Loss: 1.9469
[GPU] memory allocated = 1434.51
[GPU] memory reserved = 8776.58
Step 9000 | Loss: 2.0475
[GPU] memory allocated = 1434.51
[GPU] memory reserved = 8776.58
Step 10000 | Loss: 2.0198
[GPU] memory allocated = 1434.51
[GPU] memory reserved = 8776.58
Step 11000 | Loss: 1.8573
[GPU] memory allocated = 1434.51
[GPU] memory reserved = 8776.58
Step 12000 | Loss: 1.8372
[GPU] memory allocated = 1434.51
[GPU] memory reserved = 8776.58
Step 13000 | Loss: 1.9534
[GPU] memory allocated = 1434.51
[GPU] memory reserved = 8776.58
Step 14000 | Loss: 1.8259
[GPU] memory allocated = 1434.51
[GPU] memory reserved = 8776.58
Step 15000 | Loss: 1.8891
[GPU] memory allocated = 1434.51
[GPU] memory reserved = 8776.58
Step 16000 | Loss: 1.8361
[GPU] memory allocated = 1434.51
[GPU] memory reserved = 8776.58
Step 17000 | Loss: 1.8757
[GPU] memory allocated = 1434.51
[GPU] memory reserved = 8776.58
Step 18000 | Loss: 1.9430
[GPU] memory allocated = 1434.51
[GPU] memory reserved = 8776.58
Step 19000 | Loss: 1.8403
[GPU] memory allocated = 1434.51
[GPU] memory reserved = 8776.58
Step 20000 | Loss: 1.6603
[GPU] memory allocated = 1434.51
[GPU] memory reserved = 8776.58
Step 21000 | Loss: 1.8839
[GPU] memory allocated = 1434.51
[GPU] memory reserved = 8776.58
Step 22000 | Loss: 1.8958
[GPU] memory allocated = 1434.51
[GPU] memory reserved = 8776.58
Step 23000 | Loss: 1.7650
[GPU] memory allocated = 1434.51
[GPU] memory reserved = 8776.58
Step 24000 | Loss: 1.8211
[GPU] memory allocated = 1434.51
[GPU] memory reserved = 8776.58
Step 25000 | Loss: 1.7380
[GPU] memory allocated = 1434.51
[GPU] memory reserved = 8776.58
Step 26000 | Loss: 1.8634
[GPU] memory allocated = 1434.51
[GPU] memory reserved = 8776.58
Step 27000 | Loss: 1.7490
[GPU] memory allocated = 1434.51
[GPU] memory reserved = 8776.58
Step 28000 | Loss: 1.9051
[GPU] memory allocated = 1434.51
[GPU] memory reserved = 8776.58
Step 29000 | Loss: 1.7744
[GPU] memory allocated = 1434.51
[GPU] memory reserved = 8776.58
Step 30000 | Loss: 1.7831
[GPU] memory allocated = 1434.51
[GPU] memory reserved = 8776.58
Step 31000 | Loss: 1.8400
[GPU] memory allocated = 1434.51
[GPU] memory reserved = 8776.58
Step 32000 | Loss: 1.7627
[GPU] memory allocated = 1434.51
[GPU] memory reserved = 8776.58
Step 33000 | Loss: 1.7779
[GPU] memory allocated = 1434.51
[GPU] memory reserved = 8776.58
Step 34000 | Loss: 1.7217
[GPU] memory allocated = 1434.51
[GPU] memory reserved = 8776.58
Step 35000 | Loss: 1.6819
[GPU] memory allocated = 1434.51
[GPU] memory reserved = 8776.58
Step 36000 | Loss: 1.8195
[GPU] memory allocated = 1434.51
[GPU] memory reserved = 8776.58
Step 37000 | Loss: 1.8271
[GPU] memory allocated = 1434.51
[GPU] memory reserved = 8776.58
Step 38000 | Loss: 1.8410
[GPU] memory allocated = 1434.51
[GPU] memory reserved = 8776.58
Step 39000 | Loss: 1.7918
[GPU] memory allocated = 1434.51
[GPU] memory reserved = 8776.58
Step 40000 | Loss: 1.8256
[GPU] memory allocated = 1434.51
[GPU] memory reserved = 8776.58
Step 41000 | Loss: 1.6556
[GPU] memory allocated = 1434.51
[GPU] memory reserved = 8776.58
Step 42000 | Loss: 1.6995
[GPU] memory allocated = 1434.51
[GPU] memory reserved = 8776.58
Step 43000 | Loss: 1.7747
[GPU] memory allocated = 1434.51
[GPU] memory reserved = 8776.58
Step 44000 | Loss: 1.7984
[GPU] memory allocated = 1434.51
[GPU] memory reserved = 8776.58
Step 45000 | Loss: 1.6995
[GPU] memory allocated = 1434.51
[GPU] memory reserved = 8776.58
Step 46000 | Loss: 1.6450
[GPU] memory allocated = 1434.51
[GPU] memory reserved = 8776.58
Step 47000 | Loss: 1.8488
[GPU] memory allocated = 1434.51
[GPU] memory reserved = 8776.58
Step 48000 | Loss: 1.8211
[GPU] memory allocated = 1434.51
[GPU] memory reserved = 8776.58
Step 49000 | Loss: 1.7721
[GPU] memory allocated = 1434.51
[GPU] memory reserved = 8776.58
Step 50000 | Loss: 1.7677
[GPU] memory allocated = 1434.51
[GPU] memory reserved = 8776.58
Step 51000 | Loss: 1.6951
[GPU] memory allocated = 1434.51
[GPU] memory reserved = 8776.58
Step 52000 | Loss: 1.7689
[GPU] memory allocated = 1434.51
[GPU] memory reserved = 8776.58
Step 53000 | Loss: 1.7588
[GPU] memory allocated = 1434.51
[GPU] memory reserved = 8776.58
Step 54000 | Loss: 1.6513
[GPU] memory allocated = 1434.51
[GPU] memory reserved = 8776.58
Step 55000 | Loss: 1.6315
[GPU] memory allocated = 1434.51
[GPU] memory reserved = 8776.58
Step 56000 | Loss: 1.7792
[GPU] memory allocated = 1434.51
[GPU] memory reserved = 8776.58
Step 57000 | Loss: 1.7531
[GPU] memory allocated = 1434.51
[GPU] memory reserved = 8776.58
Step 58000 | Loss: 1.6191
[GPU] memory allocated = 1434.51
[GPU] memory reserved = 8776.58
Step 59000 | Loss: 1.6493
[GPU] memory allocated = 1434.51
[GPU] memory reserved = 8776.58
Step 60000 | Loss: 1.6429
[GPU] memory allocated = 1434.51
[GPU] memory reserved = 8776.58
Step 61000 | Loss: 1.7061
[GPU] memory allocated = 1434.51
[GPU] memory reserved = 8776.58
Step 62000 | Loss: 1.7971
[GPU] memory allocated = 1434.51
[GPU] memory reserved = 8776.58
Step 63000 | Loss: 1.8884
[GPU] memory allocated = 1434.51
[GPU] memory reserved = 8776.58
Step 64000 | Loss: 1.6389
[GPU] memory allocated = 1434.51
[GPU] memory reserved = 8776.58
Step 65000 | Loss: 1.7789
[GPU] memory allocated = 1434.51
[GPU] memory reserved = 8776.58
Step 66000 | Loss: 1.5811
[GPU] memory allocated = 1434.51
[GPU] memory reserved = 8776.58
Step 67000 | Loss: 1.6517
[GPU] memory allocated = 1434.51
[GPU] memory reserved = 8776.58
Step 68000 | Loss: 1.6713
[GPU] memory allocated = 1434.51
[GPU] memory reserved = 8776.58
Step 69000 | Loss: 1.7318
[GPU] memory allocated = 1434.51
[GPU] memory reserved = 8776.58
Step 70000 | Loss: 1.6660
[GPU] memory allocated = 1434.51
[GPU] memory reserved = 8776.58
Step 71000 | Loss: 1.6192
[GPU] memory allocated = 1434.51
[GPU] memory reserved = 8776.58
Step 72000 | Loss: 1.7294
[GPU] memory allocated = 1434.51
[GPU] memory reserved = 8776.58
Step 73000 | Loss: 1.7034
[GPU] memory allocated = 1434.51
[GPU] memory reserved = 8776.58
Step 74000 | Loss: 1.7783
[GPU] memory allocated = 1434.51
[GPU] memory reserved = 8776.58
Step 75000 | Loss: 1.6942
[GPU] memory allocated = 1434.51
[GPU] memory reserved = 8776.58
Step 76000 | Loss: 1.8018
[GPU] memory allocated = 1434.51
[GPU] memory reserved = 8776.58
Step 77000 | Loss: 1.6489
[GPU] memory allocated = 1434.51
[GPU] memory reserved = 8776.58
Step 78000 | Loss: 1.5161
[GPU] memory allocated = 1434.51
[GPU] memory reserved = 8776.58
Step 79000 | Loss: 1.5867
[GPU] memory allocated = 1434.51
[GPU] memory reserved = 8776.58
Step 80000 | Loss: 1.6365
[GPU] memory allocated = 1434.51
[GPU] memory reserved = 8776.58
Step 81000 | Loss: 1.7210
[GPU] memory allocated = 1434.51
[GPU] memory reserved = 8776.58
Step 82000 | Loss: 1.5691
[GPU] memory allocated = 1434.51
[GPU] memory reserved = 8776.58
Step 83000 | Loss: 1.7212
[GPU] memory allocated = 1434.51
[GPU] memory reserved = 8776.58
Step 84000 | Loss: 1.7697
[GPU] memory allocated = 1434.51
[GPU] memory reserved = 8776.58
Step 85000 | Loss: 1.7139
[GPU] memory allocated = 1434.51
[GPU] memory reserved = 8776.58
Step 86000 | Loss: 1.6039
[GPU] memory allocated = 1434.51
[GPU] memory reserved = 8776.58
Step 87000 | Loss: 1.7062
[GPU] memory allocated = 1434.51
[GPU] memory reserved = 8776.58
Step 88000 | Loss: 1.6573
[GPU] memory allocated = 1434.51
[GPU] memory reserved = 8776.58
Step 89000 | Loss: 1.6211
[GPU] memory allocated = 1434.51
[GPU] memory reserved = 8776.58
Step 90000 | Loss: 1.6337
[GPU] memory allocated = 1434.51
[GPU] memory reserved = 8776.58
Step 91000 | Loss: 1.6831
[GPU] memory allocated = 1434.51
[GPU] memory reserved = 8776.58
Step 92000 | Loss: 1.6626
[GPU] memory allocated = 1434.51
[GPU] memory reserved = 8776.58
Step 93000 | Loss: 1.8004
[GPU] memory allocated = 1434.51
[GPU] memory reserved = 8776.58
Step 94000 | Loss: 1.8048
[GPU] memory allocated = 1434.51
[GPU] memory reserved = 8776.58
Step 95000 | Loss: 1.7049
[GPU] memory allocated = 1434.51
[GPU] memory reserved = 8776.58
Step 96000 | Loss: 1.6037
[GPU] memory allocated = 1434.51
[GPU] memory reserved = 8776.58
Step 97000 | Loss: 1.6590
[GPU] memory allocated = 1434.51
[GPU] memory reserved = 8776.58
Step 98000 | Loss: 1.5730
[GPU] memory allocated = 1434.51
[GPU] memory reserved = 8776.58
Step 99000 | Loss: 1.6520
[GPU] memory allocated = 1434.51
[GPU] memory reserved = 8776.58
Step 100000 | Loss: 1.6878
[GPU] memory allocated = 1434.51
[GPU] memory reserved = 8776.58
Step 101000 | Loss: 1.5308
[GPU] memory allocated = 1434.51
[GPU] memory reserved = 8776.58
Step 102000 | Loss: 1.6166
[GPU] memory allocated = 1434.51
[GPU] memory reserved = 8776.58
Step 103000 | Loss: 1.7247
[GPU] memory allocated = 1434.51
[GPU] memory reserved = 8776.58
Step 104000 | Loss: 1.7055
[GPU] memory allocated = 1434.51
[GPU] memory reserved = 8776.58
Step 105000 | Loss: 1.7880
[GPU] memory allocated = 1434.51
[GPU] memory reserved = 8776.58
Step 106000 | Loss: 1.5771
[GPU] memory allocated = 1434.51
[GPU] memory reserved = 8776.58
Step 107000 | Loss: 1.7103
[GPU] memory allocated = 1434.51
[GPU] memory reserved = 8776.58
Step 108000 | Loss: 1.5661
[GPU] memory allocated = 1434.51
[GPU] memory reserved = 8776.58
Step 109000 | Loss: 1.6581
[GPU] memory allocated = 1434.51
[GPU] memory reserved = 8776.58
Step 110000 | Loss: 1.7213
[GPU] memory allocated = 1434.51
[GPU] memory reserved = 8776.58
Step 111000 | Loss: 1.7033
[GPU] memory allocated = 1434.51
[GPU] memory reserved = 8776.58
Step 112000 | Loss: 1.6154
[GPU] memory allocated = 1434.51
[GPU] memory reserved = 8776.58
Step 113000 | Loss: 1.7407
[GPU] memory allocated = 1434.51
[GPU] memory reserved = 8776.58
Step 114000 | Loss: 1.6971
[GPU] memory allocated = 1434.51
[GPU] memory reserved = 8776.58
Step 115000 | Loss: 1.6303
[GPU] memory allocated = 1434.51
[GPU] memory reserved = 8776.58
Step 116000 | Loss: 1.6672
[GPU] memory allocated = 1434.51
[GPU] memory reserved = 8776.58
Step 117000 | Loss: 1.6493
[GPU] memory allocated = 1434.51
[GPU] memory reserved = 8776.58
Step 118000 | Loss: 1.6406
[GPU] memory allocated = 1434.51
[GPU] memory reserved = 8776.58
Step 119000 | Loss: 1.6091
[GPU] memory allocated = 1434.51
[GPU] memory reserved = 8776.58
Step 120000 | Loss: 1.5013
[GPU] memory allocated = 1434.51
[GPU] memory reserved = 8776.58
Step 121000 | Loss: 1.6283
[GPU] memory allocated = 1434.51
[GPU] memory reserved = 8776.58
Step 122000 | Loss: 1.7351
[GPU] memory allocated = 1434.51
[GPU] memory reserved = 8776.58
Step 123000 | Loss: 1.7233
[GPU] memory allocated = 1434.51
[GPU] memory reserved = 8776.58
Step 124000 | Loss: 1.5831
[GPU] memory allocated = 1434.51
[GPU] memory reserved = 8776.58
Step 125000 | Loss: 1.6422
[GPU] memory allocated = 1434.51
[GPU] memory reserved = 8776.58
Step 126000 | Loss: 1.5960
[GPU] memory allocated = 1434.51
[GPU] memory reserved = 8776.58
Step 127000 | Loss: 1.7179
[GPU] memory allocated = 1434.51
[GPU] memory reserved = 8776.58
Step 128000 | Loss: 1.5566
[GPU] memory allocated = 1434.51
[GPU] memory reserved = 8776.58
Step 129000 | Loss: 1.6663
[GPU] memory allocated = 1434.51
[GPU] memory reserved = 8776.58
Step 130000 | Loss: 1.6793
[GPU] memory allocated = 1434.51
[GPU] memory reserved = 8776.58
Step 131000 | Loss: 1.6412
[GPU] memory allocated = 1434.51
[GPU] memory reserved = 8776.58
Step 132000 | Loss: 1.6253
[GPU] memory allocated = 1434.51
[GPU] memory reserved = 8776.58
Step 133000 | Loss: 1.6187
[GPU] memory allocated = 1434.51
[GPU] memory reserved = 8776.58
Step 134000 | Loss: 1.6479
[GPU] memory allocated = 1434.51
[GPU] memory reserved = 8776.58
Step 135000 | Loss: 1.6503
[GPU] memory allocated = 1434.51
[GPU] memory reserved = 8776.58
Step 136000 | Loss: 1.6852
[GPU] memory allocated = 1434.51
[GPU] memory reserved = 8776.58
Step 137000 | Loss: 1.7127
[GPU] memory allocated = 1434.51
[GPU] memory reserved = 8776.58
Step 138000 | Loss: 1.6619
[GPU] memory allocated = 1434.51
[GPU] memory reserved = 8776.58
Step 139000 | Loss: 1.5814
[GPU] memory allocated = 1434.51
[GPU] memory reserved = 8776.58
Step 140000 | Loss: 1.7294
[GPU] memory allocated = 1434.51
[GPU] memory reserved = 8776.58
Step 141000 | Loss: 1.7169
[GPU] memory allocated = 1434.51
[GPU] memory reserved = 8776.58
Step 142000 | Loss: 1.6733
[GPU] memory allocated = 1434.51
[GPU] memory reserved = 8776.58
Step 143000 | Loss: 1.6960
[GPU] memory allocated = 1434.51
[GPU] memory reserved = 8776.58
Step 144000 | Loss: 1.6769
[GPU] memory allocated = 1434.51
[GPU] memory reserved = 8776.58
Step 145000 | Loss: 1.6557
[GPU] memory allocated = 1434.51
[GPU] memory reserved = 8776.58
Step 146000 | Loss: 1.6600
[GPU] memory allocated = 1434.51
[GPU] memory reserved = 8776.58
Step 147000 | Loss: 1.6587
[GPU] memory allocated = 1434.51
[GPU] memory reserved = 8776.58
Step 148000 | Loss: 1.6423
[GPU] memory allocated = 1434.51
[GPU] memory reserved = 8776.58
Step 149000 | Loss: 1.5352
[GPU] memory allocated = 1434.51
[GPU] memory reserved = 8776.58
Step 150000 | Loss: 1.5464
[GPU] memory allocated = 1434.51
[GPU] memory reserved = 8776.58
Step 151000 | Loss: 1.6601
[GPU] memory allocated = 1434.51
[GPU] memory reserved = 8776.58
Step 152000 | Loss: 1.5943
[GPU] memory allocated = 1434.51
[GPU] memory reserved = 8776.58
Step 153000 | Loss: 1.8635
[GPU] memory allocated = 1434.51
[GPU] memory reserved = 8776.58
Step 154000 | Loss: 1.5493
[GPU] memory allocated = 1434.51
[GPU] memory reserved = 8776.58
Step 155000 | Loss: 1.6261
[GPU] memory allocated = 1434.51
[GPU] memory reserved = 8776.58
Step 156000 | Loss: 1.6646
[GPU] memory allocated = 1434.51
[GPU] memory reserved = 8776.58
Step 157000 | Loss: 1.6486
[GPU] memory allocated = 1434.51
[GPU] memory reserved = 8776.58
Step 158000 | Loss: 1.5795
[GPU] memory allocated = 1434.51
[GPU] memory reserved = 8776.58
Step 159000 | Loss: 1.6543
[GPU] memory allocated = 1434.51
[GPU] memory reserved = 8776.58
Step 160000 | Loss: 1.6354
[GPU] memory allocated = 1434.51
[GPU] memory reserved = 8776.58
Step 161000 | Loss: 1.6787
[GPU] memory allocated = 1434.51
[GPU] memory reserved = 8776.58
Step 162000 | Loss: 1.5400
[GPU] memory allocated = 1434.51
[GPU] memory reserved = 8776.58
Step 163000 | Loss: 1.6769
[GPU] memory allocated = 1434.51
[GPU] memory reserved = 8776.58
Step 164000 | Loss: 1.7616
[GPU] memory allocated = 1434.51
[GPU] memory reserved = 8776.58
Step 165000 | Loss: 1.6489
[GPU] memory allocated = 1434.51
[GPU] memory reserved = 8776.58
Step 166000 | Loss: 1.5845
[GPU] memory allocated = 1434.51
[GPU] memory reserved = 8776.58
Step 167000 | Loss: 1.7104
[GPU] memory allocated = 1434.51
[GPU] memory reserved = 8776.58
Step 168000 | Loss: 1.5830
[GPU] memory allocated = 1434.51
[GPU] memory reserved = 8776.58
Step 169000 | Loss: 1.7661
[GPU] memory allocated = 1434.51
[GPU] memory reserved = 8776.58
Step 170000 | Loss: 1.7046
[GPU] memory allocated = 1434.51
[GPU] memory reserved = 8776.58
Step 171000 | Loss: 1.7866
[GPU] memory allocated = 1434.51
[GPU] memory reserved = 8776.58
Step 172000 | Loss: 1.7494
[GPU] memory allocated = 1434.51
[GPU] memory reserved = 8776.58
Step 173000 | Loss: 1.6989
[GPU] memory allocated = 1434.51
[GPU] memory reserved = 8776.58
Step 174000 | Loss: 1.7383
[GPU] memory allocated = 1434.51
[GPU] memory reserved = 8776.58
Step 175000 | Loss: 1.6372
[GPU] memory allocated = 1434.51
[GPU] memory reserved = 8776.58
Step 176000 | Loss: 1.6020
[GPU] memory allocated = 1434.51
[GPU] memory reserved = 8776.58
Step 177000 | Loss: 1.6332
[GPU] memory allocated = 1434.51
[GPU] memory reserved = 8776.58
Step 178000 | Loss: 1.6937
[GPU] memory allocated = 1434.51
[GPU] memory reserved = 8776.58
Step 179000 | Loss: 1.6552
[GPU] memory allocated = 1434.51
[GPU] memory reserved = 8776.58
Step 180000 | Loss: 1.7525
[GPU] memory allocated = 1434.51
[GPU] memory reserved = 8776.58
Step 181000 | Loss: 1.5728
[GPU] memory allocated = 1434.51
[GPU] memory reserved = 8776.58
Step 182000 | Loss: 1.6036
[GPU] memory allocated = 1434.51
[GPU] memory reserved = 8776.58
Step 183000 | Loss: 1.6068
[GPU] memory allocated = 1434.51
[GPU] memory reserved = 8776.58
Step 184000 | Loss: 1.5304
[GPU] memory allocated = 1434.51
[GPU] memory reserved = 8776.58
Step 185000 | Loss: 1.6724
[GPU] memory allocated = 1434.51
[GPU] memory reserved = 8776.58
Step 186000 | Loss: 1.6777
[GPU] memory allocated = 1434.51
[GPU] memory reserved = 8776.58
Step 187000 | Loss: 1.5195
[GPU] memory allocated = 1434.51
[GPU] memory reserved = 8776.58
Step 188000 | Loss: 1.5774
[GPU] memory allocated = 1434.51
[GPU] memory reserved = 8776.58
Step 189000 | Loss: 1.6379
[GPU] memory allocated = 1434.51
[GPU] memory reserved = 8776.58
Step 190000 | Loss: 1.7224
[GPU] memory allocated = 1434.51
[GPU] memory reserved = 8776.58
Step 191000 | Loss: 1.5518
[GPU] memory allocated = 1434.51
[GPU] memory reserved = 8776.58
Step 192000 | Loss: 1.6143
[GPU] memory allocated = 1434.51
[GPU] memory reserved = 8776.58
Step 193000 | Loss: 1.6028
[GPU] memory allocated = 1434.51
[GPU] memory reserved = 8776.58
Step 194000 | Loss: 1.6688
[GPU] memory allocated = 1434.51
[GPU] memory reserved = 8776.58
Step 195000 | Loss: 1.7405
[GPU] memory allocated = 1434.51
[GPU] memory reserved = 8776.58
Step 196000 | Loss: 1.5955
[GPU] memory allocated = 1434.51
[GPU] memory reserved = 8776.58
Step 197000 | Loss: 1.5673
[GPU] memory allocated = 1434.51
[GPU] memory reserved = 8776.58
Step 198000 | Loss: 1.7324
[GPU] memory allocated = 1434.51
[GPU] memory reserved = 8776.58
Step 199000 | Loss: 1.6144
[GPU] memory allocated = 1434.51
[GPU] memory reserved = 8776.58
Step 200000 | Loss: 1.6601
[GPU] memory allocated = 1434.51
[GPU] memory reserved = 8776.58
Step 201000 | Loss: 1.7038
[GPU] memory allocated = 1434.51
[GPU] memory reserved = 8776.58
Step 202000 | Loss: 1.6602
[GPU] memory allocated = 1434.51
[GPU] memory reserved = 8776.58
Step 203000 | Loss: 1.6564
[GPU] memory allocated = 1434.51
[GPU] memory reserved = 8776.58
Step 204000 | Loss: 1.6224
[GPU] memory allocated = 1434.51
[GPU] memory reserved = 8776.58
Step 205000 | Loss: 1.6771
[GPU] memory allocated = 1434.51
[GPU] memory reserved = 8776.58
Step 206000 | Loss: 1.6468
[GPU] memory allocated = 1434.51
[GPU] memory reserved = 8776.58
Step 207000 | Loss: 1.6394
[GPU] memory allocated = 1434.51
[GPU] memory reserved = 8776.58
Step 208000 | Loss: 1.6644
[GPU] memory allocated = 1434.51
[GPU] memory reserved = 8776.58
Step 209000 | Loss: 1.5655
[GPU] memory allocated = 1434.51
[GPU] memory reserved = 8776.58
Step 210000 | Loss: 1.5476
[GPU] memory allocated = 1434.51
[GPU] memory reserved = 8776.58
Step 211000 | Loss: 1.7659
[GPU] memory allocated = 1434.51
[GPU] memory reserved = 8776.58
Step 212000 | Loss: 1.6776
[GPU] memory allocated = 1434.51
[GPU] memory reserved = 8776.58
Step 213000 | Loss: 1.6087
[GPU] memory allocated = 1434.51
[GPU] memory reserved = 8776.58
Step 214000 | Loss: 1.6508
[GPU] memory allocated = 1434.51
[GPU] memory reserved = 8776.58
Step 215000 | Loss: 1.5425
[GPU] memory allocated = 1434.51
[GPU] memory reserved = 8776.58
Step 216000 | Loss: 1.5802
[GPU] memory allocated = 1434.51
[GPU] memory reserved = 8776.58
Step 217000 | Loss: 1.6851
[GPU] memory allocated = 1434.51
[GPU] memory reserved = 8776.58
Step 218000 | Loss: 1.6752
[GPU] memory allocated = 1434.51
[GPU] memory reserved = 8776.58
Step 219000 | Loss: 1.6492
[GPU] memory allocated = 1434.51
[GPU] memory reserved = 8776.58
Step 220000 | Loss: 1.7711
[GPU] memory allocated = 1434.51
[GPU] memory reserved = 8776.58
Step 221000 | Loss: 1.5555
[GPU] memory allocated = 1434.51
[GPU] memory reserved = 8776.58
Step 222000 | Loss: 1.6747
[GPU] memory allocated = 1434.51
[GPU] memory reserved = 8776.58
Step 223000 | Loss: 1.6360
[GPU] memory allocated = 1434.51
[GPU] memory reserved = 8776.58
Step 224000 | Loss: 1.6066
[GPU] memory allocated = 1434.51
[GPU] memory reserved = 8776.58
Step 225000 | Loss: 1.7145
[GPU] memory allocated = 1434.51
[GPU] memory reserved = 8776.58
Step 226000 | Loss: 1.6043
[GPU] memory allocated = 1434.51
[GPU] memory reserved = 8776.58
Step 227000 | Loss: 1.7092
[GPU] memory allocated = 1434.51
[GPU] memory reserved = 8776.58
Step 228000 | Loss: 1.6562
[GPU] memory allocated = 1434.51
[GPU] memory reserved = 8776.58
Step 229000 | Loss: 1.5879
[GPU] memory allocated = 1434.51
[GPU] memory reserved = 8776.58
Step 230000 | Loss: 1.7030
[GPU] memory allocated = 1434.51
[GPU] memory reserved = 8776.58
Step 231000 | Loss: 1.7431
[GPU] memory allocated = 1434.51
[GPU] memory reserved = 8776.58
Step 232000 | Loss: 1.6112
[GPU] memory allocated = 1434.51
[GPU] memory reserved = 8776.58
Step 233000 | Loss: 1.5921
[GPU] memory allocated = 1434.51
[GPU] memory reserved = 8776.58
Step 234000 | Loss: 1.6333
[GPU] memory allocated = 1434.51
[GPU] memory reserved = 8776.58
Step 235000 | Loss: 1.5532
[GPU] memory allocated = 1434.51
[GPU] memory reserved = 8776.58
Step 236000 | Loss: 1.7214
[GPU] memory allocated = 1434.51
[GPU] memory reserved = 8776.58
Step 237000 | Loss: 1.6003
[GPU] memory allocated = 1434.51
[GPU] memory reserved = 8776.58
Step 238000 | Loss: 1.6097
[GPU] memory allocated = 1434.51
[GPU] memory reserved = 8776.58
Step 239000 | Loss: 1.6933
[GPU] memory allocated = 1434.51
[GPU] memory reserved = 8776.58
Step 240000 | Loss: 1.5621
[GPU] memory allocated = 1434.51
[GPU] memory reserved = 8776.58
Step 241000 | Loss: 1.5062
[GPU] memory allocated = 1434.51
[GPU] memory reserved = 8776.58
Step 242000 | Loss: 1.6217
[GPU] memory allocated = 1434.51
[GPU] memory reserved = 8776.58
Step 243000 | Loss: 1.5693
[GPU] memory allocated = 1434.51
[GPU] memory reserved = 8776.58
Step 244000 | Loss: 1.7216
[GPU] memory allocated = 1434.51
[GPU] memory reserved = 8776.58
Step 245000 | Loss: 1.7302
[GPU] memory allocated = 1434.51
[GPU] memory reserved = 8776.58
Step 246000 | Loss: 1.5941
[GPU] memory allocated = 1434.51
[GPU] memory reserved = 8776.58
Step 247000 | Loss: 1.6402
[GPU] memory allocated = 1434.51
[GPU] memory reserved = 8776.58
Step 248000 | Loss: 1.5388
[GPU] memory allocated = 1434.51
[GPU] memory reserved = 8776.58
Step 249000 | Loss: 1.6380
[GPU] memory allocated = 1434.51
[GPU] memory reserved = 8776.58
Step 250000 | Loss: 1.6401
[GPU] memory allocated = 1434.51
[GPU] memory reserved = 8776.58
Step 251000 | Loss: 1.6132
[GPU] memory allocated = 1434.51
[GPU] memory reserved = 8776.58
Step 252000 | Loss: 1.6857
[GPU] memory allocated = 1434.51
[GPU] memory reserved = 8776.58
Step 253000 | Loss: 1.7248
[GPU] memory allocated = 1434.51
[GPU] memory reserved = 8776.58
Step 254000 | Loss: 1.6275
[GPU] memory allocated = 1434.51
[GPU] memory reserved = 8776.58
Step 255000 | Loss: 1.6809
[GPU] memory allocated = 1434.51
[GPU] memory reserved = 8776.58
Step 256000 | Loss: 1.7448
[GPU] memory allocated = 1434.51
[GPU] memory reserved = 8776.58
Step 257000 | Loss: 1.5822
[GPU] memory allocated = 1434.51
[GPU] memory reserved = 8776.58
Step 258000 | Loss: 1.7107
[GPU] memory allocated = 1434.51
[GPU] memory reserved = 8776.58
Step 259000 | Loss: 1.5759
[GPU] memory allocated = 1434.51
[GPU] memory reserved = 8776.58
Step 260000 | Loss: 1.6952
[GPU] memory allocated = 1434.51
[GPU] memory reserved = 8776.58
Step 261000 | Loss: 1.6490
[GPU] memory allocated = 1434.51
[GPU] memory reserved = 8776.58
Step 262000 | Loss: 1.6546
[GPU] memory allocated = 1434.51
[GPU] memory reserved = 8776.58
Step 263000 | Loss: 1.5765
[GPU] memory allocated = 1434.51
[GPU] memory reserved = 8776.58
Step 264000 | Loss: 1.5956
[GPU] memory allocated = 1434.51
[GPU] memory reserved = 8776.58
Step 265000 | Loss: 1.6073
[GPU] memory allocated = 1434.51
[GPU] memory reserved = 8776.58
Step 266000 | Loss: 1.6172
[GPU] memory allocated = 1434.51
[GPU] memory reserved = 8776.58
Step 267000 | Loss: 1.4646
[GPU] memory allocated = 1434.51
[GPU] memory reserved = 8776.58
Step 268000 | Loss: 1.6417
[GPU] memory allocated = 1434.51
[GPU] memory reserved = 8776.58
Step 269000 | Loss: 1.5350
[GPU] memory allocated = 1434.51
[GPU] memory reserved = 8776.58
Step 270000 | Loss: 1.7288
[GPU] memory allocated = 1434.51
[GPU] memory reserved = 8776.58
Step 271000 | Loss: 1.5843
[GPU] memory allocated = 1434.51
[GPU] memory reserved = 8776.58
Step 272000 | Loss: 1.7790
[GPU] memory allocated = 1434.51
[GPU] memory reserved = 8776.58
Step 273000 | Loss: 1.5679
[GPU] memory allocated = 1434.51
[GPU] memory reserved = 8776.58
Step 274000 | Loss: 1.6205
[GPU] memory allocated = 1434.51
[GPU] memory reserved = 8776.58
Step 275000 | Loss: 1.5879
[GPU] memory allocated = 1434.51
[GPU] memory reserved = 8776.58
Step 276000 | Loss: 1.6364
[GPU] memory allocated = 1434.51
[GPU] memory reserved = 8776.58
Step 277000 | Loss: 1.6325
[GPU] memory allocated = 1434.51
[GPU] memory reserved = 8776.58
Step 278000 | Loss: 1.5973
[GPU] memory allocated = 1434.51
[GPU] memory reserved = 8776.58
Step 279000 | Loss: 1.6076
[GPU] memory allocated = 1434.51
[GPU] memory reserved = 8776.58
Step 280000 | Loss: 1.6463
[GPU] memory allocated = 1434.51
[GPU] memory reserved = 8776.58
Step 281000 | Loss: 1.6207
[GPU] memory allocated = 1434.51
[GPU] memory reserved = 8776.58
Step 282000 | Loss: 1.5790
[GPU] memory allocated = 1434.51
[GPU] memory reserved = 8776.58
Step 283000 | Loss: 1.6141
[GPU] memory allocated = 1434.51
[GPU] memory reserved = 8776.58
Step 284000 | Loss: 1.5613
[GPU] memory allocated = 1434.51
[GPU] memory reserved = 8776.58
Step 285000 | Loss: 1.6557
[GPU] memory allocated = 1434.51
[GPU] memory reserved = 8776.58
Step 286000 | Loss: 1.6308
[GPU] memory allocated = 1434.51
[GPU] memory reserved = 8776.58
Step 287000 | Loss: 1.5626
[GPU] memory allocated = 1434.51
[GPU] memory reserved = 8776.58
Step 288000 | Loss: 1.6926
[GPU] memory allocated = 1434.51
[GPU] memory reserved = 8776.58
Step 289000 | Loss: 1.7149
[GPU] memory allocated = 1434.51
[GPU] memory reserved = 8776.58
Step 290000 | Loss: 1.5768
[GPU] memory allocated = 1434.51
[GPU] memory reserved = 8776.58
Step 291000 | Loss: 1.5824
[GPU] memory allocated = 1434.51
[GPU] memory reserved = 8776.58
Step 292000 | Loss: 1.6583
[GPU] memory allocated = 1434.51
[GPU] memory reserved = 8776.58
Step 293000 | Loss: 1.7295
[GPU] memory allocated = 1434.51
[GPU] memory reserved = 8776.58
Step 294000 | Loss: 1.6435
[GPU] memory allocated = 1434.51
[GPU] memory reserved = 8776.58
Step 295000 | Loss: 1.6828
[GPU] memory allocated = 1434.51
[GPU] memory reserved = 8776.58
Step 296000 | Loss: 1.6028
[GPU] memory allocated = 1434.51
[GPU] memory reserved = 8776.58
Step 297000 | Loss: 1.5495
[GPU] memory allocated = 1434.51
[GPU] memory reserved = 8776.58
Step 298000 | Loss: 1.7274
[GPU] memory allocated = 1434.51
[GPU] memory reserved = 8776.58
Step 299000 | Loss: 1.5704
[GPU] memory allocated = 1434.51
[GPU] memory reserved = 8776.58
Step 300000 | Loss: 1.6160
[GPU] memory allocated = 1434.51
[GPU] memory reserved = 8776.58
Step 301000 | Loss: 1.6303
[GPU] memory allocated = 1434.51
[GPU] memory reserved = 8776.58
Step 302000 | Loss: 1.4878
[GPU] memory allocated = 1434.51
[GPU] memory reserved = 8776.58
Step 303000 | Loss: 1.6784
[GPU] memory allocated = 1434.51
[GPU] memory reserved = 8776.58
Step 304000 | Loss: 1.6457
[GPU] memory allocated = 1434.51
[GPU] memory reserved = 8776.58
Step 305000 | Loss: 1.5573
[GPU] memory allocated = 1434.51
[GPU] memory reserved = 8776.58
Step 306000 | Loss: 1.7327
[GPU] memory allocated = 1434.51
[GPU] memory reserved = 8776.58
Step 307000 | Loss: 1.6420
[GPU] memory allocated = 1434.51
[GPU] memory reserved = 8776.58
Step 308000 | Loss: 1.6346
[GPU] memory allocated = 1434.51
[GPU] memory reserved = 8776.58
Step 309000 | Loss: 1.5849
[GPU] memory allocated = 1434.51
[GPU] memory reserved = 8776.58
Step 310000 | Loss: 1.6300
[GPU] memory allocated = 1434.51
[GPU] memory reserved = 8776.58
Step 311000 | Loss: 1.5428
[GPU] memory allocated = 1434.51
[GPU] memory reserved = 8776.58
Step 312000 | Loss: 1.6095
[GPU] memory allocated = 1434.51
[GPU] memory reserved = 8776.58
Step 313000 | Loss: 1.5235
[GPU] memory allocated = 1434.51
[GPU] memory reserved = 8776.58
Step 314000 | Loss: 1.5193
[GPU] memory allocated = 1434.51
[GPU] memory reserved = 8776.58
Step 315000 | Loss: 1.7169
[GPU] memory allocated = 1434.51
[GPU] memory reserved = 8776.58
Step 316000 | Loss: 1.4772
[GPU] memory allocated = 1434.51
[GPU] memory reserved = 8776.58
Step 317000 | Loss: 1.6791
[GPU] memory allocated = 1434.51
[GPU] memory reserved = 8776.58
Step 318000 | Loss: 1.6335
[GPU] memory allocated = 1434.51
[GPU] memory reserved = 8776.58
Step 319000 | Loss: 1.6970
[GPU] memory allocated = 1434.51
[GPU] memory reserved = 8776.58
Step 320000 | Loss: 1.6598
[GPU] memory allocated = 1434.51
[GPU] memory reserved = 8776.58
Step 321000 | Loss: 1.5697
[GPU] memory allocated = 1434.51
[GPU] memory reserved = 8776.58
Step 322000 | Loss: 1.6789
[GPU] memory allocated = 1434.51
[GPU] memory reserved = 8776.58
Step 323000 | Loss: 1.5252
[GPU] memory allocated = 1434.51
[GPU] memory reserved = 8776.58
Step 324000 | Loss: 1.6700
[GPU] memory allocated = 1434.51
[GPU] memory reserved = 8776.58
Step 325000 | Loss: 1.6271
[GPU] memory allocated = 1434.51
[GPU] memory reserved = 8776.58
Step 326000 | Loss: 1.5081
[GPU] memory allocated = 1434.51
[GPU] memory reserved = 8776.58
Step 327000 | Loss: 1.5550
[GPU] memory allocated = 1434.51
[GPU] memory reserved = 8776.58
Step 328000 | Loss: 1.6668
[GPU] memory allocated = 1434.51
[GPU] memory reserved = 8776.58
Step 329000 | Loss: 1.6330
[GPU] memory allocated = 1434.51
[GPU] memory reserved = 8776.58
Step 330000 | Loss: 1.6613
[GPU] memory allocated = 1434.51
[GPU] memory reserved = 8776.58
Step 331000 | Loss: 1.6308
[GPU] memory allocated = 1434.51
[GPU] memory reserved = 8776.58
Step 332000 | Loss: 1.6510
[GPU] memory allocated = 1434.51
[GPU] memory reserved = 8776.58
Step 333000 | Loss: 1.6099
[GPU] memory allocated = 1434.51
[GPU] memory reserved = 8776.58
Step 334000 | Loss: 1.7163
[GPU] memory allocated = 1434.51
[GPU] memory reserved = 8776.58
Step 335000 | Loss: 1.4818
[GPU] memory allocated = 1434.51
[GPU] memory reserved = 8776.58
Step 336000 | Loss: 1.6441
[GPU] memory allocated = 1434.51
[GPU] memory reserved = 8776.58
Step 337000 | Loss: 1.6192
[GPU] memory allocated = 1434.51
[GPU] memory reserved = 8776.58
Step 338000 | Loss: 1.7261
[GPU] memory allocated = 1434.51
[GPU] memory reserved = 8776.58
Step 339000 | Loss: 1.6590
[GPU] memory allocated = 1434.51
[GPU] memory reserved = 8776.58
Step 340000 | Loss: 1.7092
[GPU] memory allocated = 1434.51
[GPU] memory reserved = 8776.58
Step 341000 | Loss: 1.5507
[GPU] memory allocated = 1434.51
[GPU] memory reserved = 8776.58
Step 342000 | Loss: 1.7499
[GPU] memory allocated = 1434.51
[GPU] memory reserved = 8776.58
Step 343000 | Loss: 1.5190
[GPU] memory allocated = 1434.51
[GPU] memory reserved = 8776.58
Step 344000 | Loss: 1.5872
[GPU] memory allocated = 1434.51
[GPU] memory reserved = 8776.58
Step 345000 | Loss: 1.5804
[GPU] memory allocated = 1434.51
[GPU] memory reserved = 8776.58
Step 346000 | Loss: 1.6401
[GPU] memory allocated = 1434.51
[GPU] memory reserved = 8776.58
Step 347000 | Loss: 1.6570
[GPU] memory allocated = 1434.51
[GPU] memory reserved = 8776.58
Step 348000 | Loss: 1.6267
[GPU] memory allocated = 1434.51
[GPU] memory reserved = 8776.58
Step 349000 | Loss: 1.7109
[GPU] memory allocated = 1434.51
[GPU] memory reserved = 8776.58
Step 350000 | Loss: 1.5953
[GPU] memory allocated = 1434.51
[GPU] memory reserved = 8776.58
Step 351000 | Loss: 1.8070
[GPU] memory allocated = 1434.51
[GPU] memory reserved = 8776.58
Step 352000 | Loss: 1.6597
[GPU] memory allocated = 1434.51
[GPU] memory reserved = 8776.58
Step 353000 | Loss: 1.4842
[GPU] memory allocated = 1434.51
[GPU] memory reserved = 8776.58
Step 354000 | Loss: 1.4818
[GPU] memory allocated = 1434.51
[GPU] memory reserved = 8776.58
Step 355000 | Loss: 1.6113
[GPU] memory allocated = 1434.51
[GPU] memory reserved = 8776.58
Step 356000 | Loss: 1.6253
[GPU] memory allocated = 1434.51
[GPU] memory reserved = 8776.58
Step 357000 | Loss: 1.6338
[GPU] memory allocated = 1434.51
[GPU] memory reserved = 8776.58
Step 358000 | Loss: 1.6664
[GPU] memory allocated = 1434.51
[GPU] memory reserved = 8776.58
Step 359000 | Loss: 1.6376
[GPU] memory allocated = 1434.51
[GPU] memory reserved = 8776.58
Step 360000 | Loss: 1.5955
[GPU] memory allocated = 1434.51
[GPU] memory reserved = 8776.58
Step 361000 | Loss: 1.6180
[GPU] memory allocated = 1434.51
[GPU] memory reserved = 8776.58
Step 362000 | Loss: 1.6209
[GPU] memory allocated = 1434.51
[GPU] memory reserved = 8776.58
Step 363000 | Loss: 1.5039
[GPU] memory allocated = 1434.51
[GPU] memory reserved = 8776.58
Step 364000 | Loss: 1.5533
[GPU] memory allocated = 1434.51
[GPU] memory reserved = 8776.58
Step 365000 | Loss: 1.7362
[GPU] memory allocated = 1434.51
[GPU] memory reserved = 8776.58
Step 366000 | Loss: 1.5849
[GPU] memory allocated = 1434.51
[GPU] memory reserved = 8776.58
Step 367000 | Loss: 1.6787
[GPU] memory allocated = 1434.51
[GPU] memory reserved = 8776.58
Step 368000 | Loss: 1.7326
[GPU] memory allocated = 1434.51
[GPU] memory reserved = 8776.58
Step 369000 | Loss: 1.6992
[GPU] memory allocated = 1434.51
[GPU] memory reserved = 8776.58
Step 370000 | Loss: 1.6472
[GPU] memory allocated = 1434.51
[GPU] memory reserved = 8776.58
Step 371000 | Loss: 1.6540
[GPU] memory allocated = 1434.51
[GPU] memory reserved = 8776.58
Step 372000 | Loss: 1.5082
[GPU] memory allocated = 1434.51
[GPU] memory reserved = 8776.58
Step 373000 | Loss: 1.5403
[GPU] memory allocated = 1434.51
[GPU] memory reserved = 8776.58
Step 374000 | Loss: 1.5788
[GPU] memory allocated = 1434.51
[GPU] memory reserved = 8776.58
Step 375000 | Loss: 1.7154
[GPU] memory allocated = 1434.51
[GPU] memory reserved = 8776.58
Step 376000 | Loss: 1.5354
[GPU] memory allocated = 1434.51
[GPU] memory reserved = 8776.58
Step 377000 | Loss: 1.6881
[GPU] memory allocated = 1434.51
[GPU] memory reserved = 8776.58
Step 378000 | Loss: 1.7278
[GPU] memory allocated = 1434.51
[GPU] memory reserved = 8776.58
Step 379000 | Loss: 1.5914
[GPU] memory allocated = 1434.51
[GPU] memory reserved = 8776.58
Step 380000 | Loss: 1.5610
[GPU] memory allocated = 1434.51
[GPU] memory reserved = 8776.58
Step 381000 | Loss: 1.6470
[GPU] memory allocated = 1434.51
[GPU] memory reserved = 8776.58
Step 382000 | Loss: 1.7705
[GPU] memory allocated = 1434.51
[GPU] memory reserved = 8776.58
Step 383000 | Loss: 1.6142
[GPU] memory allocated = 1434.51
[GPU] memory reserved = 8776.58
Step 384000 | Loss: 1.6072
[GPU] memory allocated = 1434.51
[GPU] memory reserved = 8776.58
Step 385000 | Loss: 1.5604
[GPU] memory allocated = 1434.51
[GPU] memory reserved = 8776.58
Step 386000 | Loss: 1.5397
[GPU] memory allocated = 1434.51
[GPU] memory reserved = 8776.58
Step 387000 | Loss: 1.5610
[GPU] memory allocated = 1434.51
[GPU] memory reserved = 8776.58
Step 388000 | Loss: 1.5969
[GPU] memory allocated = 1434.51
[GPU] memory reserved = 8776.58
Step 389000 | Loss: 1.5222
[GPU] memory allocated = 1434.51
[GPU] memory reserved = 8776.58
Step 390000 | Loss: 1.6062
[GPU] memory allocated = 1434.51
[GPU] memory reserved = 8776.58
Step 391000 | Loss: 1.6383
[GPU] memory allocated = 1434.51
[GPU] memory reserved = 8776.58
Step 392000 | Loss: 1.6835
[GPU] memory allocated = 1434.51
[GPU] memory reserved = 8776.58
Step 393000 | Loss: 1.5360
[GPU] memory allocated = 1434.51
[GPU] memory reserved = 8776.58
Step 394000 | Loss: 1.5659
[GPU] memory allocated = 1434.51
[GPU] memory reserved = 8776.58
Step 395000 | Loss: 1.5147
[GPU] memory allocated = 1434.51
[GPU] memory reserved = 8776.58
Step 396000 | Loss: 1.5760
[GPU] memory allocated = 1434.51
[GPU] memory reserved = 8776.58
Step 397000 | Loss: 1.5574
[GPU] memory allocated = 1434.51
[GPU] memory reserved = 8776.58
Step 398000 | Loss: 1.5139
[GPU] memory allocated = 1434.51
[GPU] memory reserved = 8776.58
Step 399000 | Loss: 1.5500
[GPU] memory allocated = 1434.51
[GPU] memory reserved = 8776.58
Step 400000 | Loss: 1.6362
[GPU] memory allocated = 1434.51
[GPU] memory reserved = 8776.58
Step 401000 | Loss: 1.5863
[GPU] memory allocated = 1434.51
[GPU] memory reserved = 8776.58
Step 402000 | Loss: 1.5275
[GPU] memory allocated = 1434.51
[GPU] memory reserved = 8776.58
Step 403000 | Loss: 1.7223
[GPU] memory allocated = 1434.51
[GPU] memory reserved = 8776.58
Step 404000 | Loss: 1.4438
[GPU] memory allocated = 1434.51
[GPU] memory reserved = 8776.58
Step 405000 | Loss: 1.6063
[GPU] memory allocated = 1434.51
[GPU] memory reserved = 8776.58
Step 406000 | Loss: 1.6005
[GPU] memory allocated = 1434.51
[GPU] memory reserved = 8776.58
Step 407000 | Loss: 1.6408
[GPU] memory allocated = 1434.51
[GPU] memory reserved = 8776.58
Step 408000 | Loss: 1.6069
[GPU] memory allocated = 1434.51
[GPU] memory reserved = 8776.58
Step 409000 | Loss: 1.5521
[GPU] memory allocated = 1434.51
[GPU] memory reserved = 8776.58
Step 410000 | Loss: 1.6159
[GPU] memory allocated = 1434.51
[GPU] memory reserved = 8776.58
Step 411000 | Loss: 1.6162
[GPU] memory allocated = 1434.51
[GPU] memory reserved = 8776.58
Step 412000 | Loss: 1.6011
[GPU] memory allocated = 1434.51
[GPU] memory reserved = 8776.58
Step 413000 | Loss: 1.5076
[GPU] memory allocated = 1434.51
[GPU] memory reserved = 8776.58
Step 414000 | Loss: 1.6327
[GPU] memory allocated = 1434.51
[GPU] memory reserved = 8776.58
Step 415000 | Loss: 1.6123
[GPU] memory allocated = 1434.51
[GPU] memory reserved = 8776.58
Step 416000 | Loss: 1.5969
[GPU] memory allocated = 1434.51
[GPU] memory reserved = 8776.58
Step 417000 | Loss: 1.6900
[GPU] memory allocated = 1434.51
[GPU] memory reserved = 8776.58
Step 418000 | Loss: 1.6967
[GPU] memory allocated = 1434.51
[GPU] memory reserved = 8776.58
Step 419000 | Loss: 1.6072
[GPU] memory allocated = 1434.51
[GPU] memory reserved = 8776.58
Step 420000 | Loss: 1.6890
[GPU] memory allocated = 1434.51
[GPU] memory reserved = 8776.58
Step 421000 | Loss: 1.6698
[GPU] memory allocated = 1434.51
[GPU] memory reserved = 8776.58
Step 422000 | Loss: 1.7428
[GPU] memory allocated = 1434.51
[GPU] memory reserved = 8776.58
Step 423000 | Loss: 1.5850
[GPU] memory allocated = 1434.51
[GPU] memory reserved = 8776.58
Step 424000 | Loss: 1.6240
[GPU] memory allocated = 1434.51
[GPU] memory reserved = 8776.58
Step 425000 | Loss: 1.5239
[GPU] memory allocated = 1434.51
[GPU] memory reserved = 8776.58
Step 426000 | Loss: 1.5320
[GPU] memory allocated = 1434.51
[GPU] memory reserved = 8776.58
Step 427000 | Loss: 1.5675
[GPU] memory allocated = 1434.51
[GPU] memory reserved = 8776.58
Step 428000 | Loss: 1.4982
[GPU] memory allocated = 1434.51
[GPU] memory reserved = 8776.58
Step 429000 | Loss: 1.6039
[GPU] memory allocated = 1434.51
[GPU] memory reserved = 8776.58
Step 430000 | Loss: 1.5538
[GPU] memory allocated = 1434.51
[GPU] memory reserved = 8776.58
Step 431000 | Loss: 1.6064
[GPU] memory allocated = 1434.51
[GPU] memory reserved = 8776.58
Step 432000 | Loss: 1.6412
[GPU] memory allocated = 1434.51
[GPU] memory reserved = 8776.58
Step 433000 | Loss: 1.6577
[GPU] memory allocated = 1434.51
[GPU] memory reserved = 8776.58
Step 434000 | Loss: 1.6436
[GPU] memory allocated = 1434.51
[GPU] memory reserved = 8776.58
Step 435000 | Loss: 1.6314
[GPU] memory allocated = 1434.51
[GPU] memory reserved = 8776.58
Step 436000 | Loss: 1.6616
[GPU] memory allocated = 1434.51
[GPU] memory reserved = 8776.58
Step 437000 | Loss: 1.5978
[GPU] memory allocated = 1434.51
[GPU] memory reserved = 8776.58
Step 438000 | Loss: 1.6426
[GPU] memory allocated = 1434.51
[GPU] memory reserved = 8776.58
Step 439000 | Loss: 1.6371
[GPU] memory allocated = 1434.51
[GPU] memory reserved = 8776.58
Step 440000 | Loss: 1.6520
[GPU] memory allocated = 1434.51
[GPU] memory reserved = 8776.58
Step 441000 | Loss: 1.7180
[GPU] memory allocated = 1434.51
[GPU] memory reserved = 8776.58
Step 442000 | Loss: 1.6590
[GPU] memory allocated = 1434.51
[GPU] memory reserved = 8776.58
Step 443000 | Loss: 1.5743
[GPU] memory allocated = 1434.51
[GPU] memory reserved = 8776.58
Step 444000 | Loss: 1.6281
[GPU] memory allocated = 1434.51
[GPU] memory reserved = 8776.58
Step 445000 | Loss: 1.6407
[GPU] memory allocated = 1434.51
[GPU] memory reserved = 8776.58
Step 446000 | Loss: 1.5943
[GPU] memory allocated = 1434.51
[GPU] memory reserved = 8776.58
Step 447000 | Loss: 1.5667
[GPU] memory allocated = 1434.51
[GPU] memory reserved = 8776.58
Step 448000 | Loss: 1.6748
[GPU] memory allocated = 1434.51
[GPU] memory reserved = 8776.58
Step 449000 | Loss: 1.4422
[GPU] memory allocated = 1434.51
[GPU] memory reserved = 8776.58
Step 450000 | Loss: 1.7215
[GPU] memory allocated = 1434.51
[GPU] memory reserved = 8776.58
Step 451000 | Loss: 1.5908
[GPU] memory allocated = 1434.51
[GPU] memory reserved = 8776.58
Step 452000 | Loss: 1.5636
[GPU] memory allocated = 1434.51
[GPU] memory reserved = 8776.58
Step 453000 | Loss: 1.5577
[GPU] memory allocated = 1434.51
[GPU] memory reserved = 8776.58
Step 454000 | Loss: 1.6004
[GPU] memory allocated = 1434.51
[GPU] memory reserved = 8776.58
Step 455000 | Loss: 1.5510
[GPU] memory allocated = 1434.51
[GPU] memory reserved = 8776.58
Step 456000 | Loss: 1.7549
[GPU] memory allocated = 1434.51
[GPU] memory reserved = 8776.58
Step 457000 | Loss: 1.6420
[GPU] memory allocated = 1434.51
[GPU] memory reserved = 8776.58
Step 458000 | Loss: 1.7155
[GPU] memory allocated = 1434.51
[GPU] memory reserved = 8776.58
Step 459000 | Loss: 1.5802
[GPU] memory allocated = 1434.51
[GPU] memory reserved = 8776.58
Step 460000 | Loss: 1.6946
[GPU] memory allocated = 1434.51
[GPU] memory reserved = 8776.58
Step 461000 | Loss: 1.6531
[GPU] memory allocated = 1434.51
[GPU] memory reserved = 8776.58
Step 462000 | Loss: 1.6237
[GPU] memory allocated = 1434.51
[GPU] memory reserved = 8776.58
Step 463000 | Loss: 1.6238
[GPU] memory allocated = 1434.51
[GPU] memory reserved = 8776.58
Step 464000 | Loss: 1.5921
[GPU] memory allocated = 1434.51
[GPU] memory reserved = 8776.58
Step 465000 | Loss: 1.6096
[GPU] memory allocated = 1434.51
[GPU] memory reserved = 8776.58
Step 466000 | Loss: 1.6193
[GPU] memory allocated = 1434.51
[GPU] memory reserved = 8776.58
Step 467000 | Loss: 1.6103
[GPU] memory allocated = 1434.51
[GPU] memory reserved = 8776.58
Step 468000 | Loss: 1.6171
[GPU] memory allocated = 1434.51
[GPU] memory reserved = 8776.58
Step 469000 | Loss: 1.5928
[GPU] memory allocated = 1434.51
[GPU] memory reserved = 8776.58
Step 470000 | Loss: 1.4858
[GPU] memory allocated = 1434.51
[GPU] memory reserved = 8776.58
Step 471000 | Loss: 1.6207
[GPU] memory allocated = 1434.51
[GPU] memory reserved = 8776.58
Step 472000 | Loss: 1.6568
[GPU] memory allocated = 1434.51
[GPU] memory reserved = 8776.58
Step 473000 | Loss: 1.5893
[GPU] memory allocated = 1434.51
[GPU] memory reserved = 8776.58
Step 474000 | Loss: 1.6730
[GPU] memory allocated = 1434.51
[GPU] memory reserved = 8776.58
Step 475000 | Loss: 1.6723
[GPU] memory allocated = 1434.51
[GPU] memory reserved = 8776.58
Step 476000 | Loss: 1.6101
[GPU] memory allocated = 1434.51
[GPU] memory reserved = 8776.58
Step 477000 | Loss: 1.6574
[GPU] memory allocated = 1434.51
[GPU] memory reserved = 8776.58
Step 478000 | Loss: 1.5639
[GPU] memory allocated = 1434.51
[GPU] memory reserved = 8776.58
Step 479000 | Loss: 1.5200
[GPU] memory allocated = 1434.51
[GPU] memory reserved = 8776.58
Step 480000 | Loss: 1.5760
[GPU] memory allocated = 1434.51
[GPU] memory reserved = 8776.58
Step 481000 | Loss: 1.5189
[GPU] memory allocated = 1434.51
[GPU] memory reserved = 8776.58
Step 482000 | Loss: 1.5357
[GPU] memory allocated = 1434.51
[GPU] memory reserved = 8776.58
Step 483000 | Loss: 1.6391
[GPU] memory allocated = 1434.51
[GPU] memory reserved = 8776.58
Step 484000 | Loss: 1.7133
[GPU] memory allocated = 1434.51
[GPU] memory reserved = 8776.58
Step 485000 | Loss: 1.6653
[GPU] memory allocated = 1434.51
[GPU] memory reserved = 8776.58
Step 486000 | Loss: 1.6634
[GPU] memory allocated = 1434.51
[GPU] memory reserved = 8776.58
Step 487000 | Loss: 1.6469
[GPU] memory allocated = 1434.51
[GPU] memory reserved = 8776.58
Step 488000 | Loss: 1.5795
[GPU] memory allocated = 1434.51
[GPU] memory reserved = 8776.58
Step 489000 | Loss: 1.5906
[GPU] memory allocated = 1434.51
[GPU] memory reserved = 8776.58
Step 490000 | Loss: 1.5166
[GPU] memory allocated = 1434.51
[GPU] memory reserved = 8776.58
Step 491000 | Loss: 1.6005
[GPU] memory allocated = 1434.51
[GPU] memory reserved = 8776.58
Step 492000 | Loss: 1.5630
[GPU] memory allocated = 1434.51
[GPU] memory reserved = 8776.58
Step 493000 | Loss: 1.6369
[GPU] memory allocated = 1434.51
[GPU] memory reserved = 8776.58
Step 494000 | Loss: 1.5699
[GPU] memory allocated = 1434.51
[GPU] memory reserved = 8776.58
Step 495000 | Loss: 1.6259
[GPU] memory allocated = 1434.51
[GPU] memory reserved = 8776.58
Step 496000 | Loss: 1.7057
[GPU] memory allocated = 1434.51
[GPU] memory reserved = 8776.58
Step 497000 | Loss: 1.6729
[GPU] memory allocated = 1434.51
[GPU] memory reserved = 8776.58
Step 498000 | Loss: 1.5352
[GPU] memory allocated = 1434.51
[GPU] memory reserved = 8776.58
Step 499000 | Loss: 1.5953
[GPU] memory allocated = 1434.51
[GPU] memory reserved = 8776.58
Step 500000 | Loss: 1.6248
[GPU] memory allocated = 1434.51
[GPU] memory reserved = 8776.58
Step 501000 | Loss: 1.5630
[GPU] memory allocated = 1434.51
[GPU] memory reserved = 8776.58
Step 502000 | Loss: 1.6326
[GPU] memory allocated = 1434.51
[GPU] memory reserved = 8776.58
Step 503000 | Loss: 1.7882
[GPU] memory allocated = 1434.51
[GPU] memory reserved = 8776.58
Step 504000 | Loss: 1.5755
[GPU] memory allocated = 1434.51
[GPU] memory reserved = 8776.58
Step 505000 | Loss: 1.5449
[GPU] memory allocated = 1434.51
[GPU] memory reserved = 8776.58
Step 506000 | Loss: 1.7617
[GPU] memory allocated = 1434.51
[GPU] memory reserved = 8776.58
Step 507000 | Loss: 1.6117
[GPU] memory allocated = 1434.51
[GPU] memory reserved = 8776.58
Step 508000 | Loss: 1.6729
[GPU] memory allocated = 1434.51
[GPU] memory reserved = 8776.58
Step 509000 | Loss: 1.6169
[GPU] memory allocated = 1434.51
[GPU] memory reserved = 8776.58
Step 510000 | Loss: 1.7198
[GPU] memory allocated = 1434.51
[GPU] memory reserved = 8776.58
Step 511000 | Loss: 1.6295
[GPU] memory allocated = 1434.51
[GPU] memory reserved = 8776.58
Step 512000 | Loss: 1.7171
[GPU] memory allocated = 1434.51
[GPU] memory reserved = 8776.58
Step 513000 | Loss: 1.7255
[GPU] memory allocated = 1434.51
[GPU] memory reserved = 8776.58
Step 514000 | Loss: 1.5626
[GPU] memory allocated = 1434.51
[GPU] memory reserved = 8776.58
Step 515000 | Loss: 1.6582
[GPU] memory allocated = 1434.51
[GPU] memory reserved = 8776.58
Step 516000 | Loss: 1.5705
[GPU] memory allocated = 1434.51
[GPU] memory reserved = 8776.58
Step 517000 | Loss: 1.6116
[GPU] memory allocated = 1434.51
[GPU] memory reserved = 8776.58
Step 518000 | Loss: 1.6331
[GPU] memory allocated = 1434.51
[GPU] memory reserved = 8776.58
Step 519000 | Loss: 1.6002
[GPU] memory allocated = 1434.51
[GPU] memory reserved = 8776.58
Step 520000 | Loss: 1.6937
[GPU] memory allocated = 1434.51
[GPU] memory reserved = 8776.58
Step 521000 | Loss: 1.6373
[GPU] memory allocated = 1434.51
[GPU] memory reserved = 8776.58
Step 522000 | Loss: 1.6849
[GPU] memory allocated = 1434.51
[GPU] memory reserved = 8776.58
Step 523000 | Loss: 1.5396
[GPU] memory allocated = 1434.51
[GPU] memory reserved = 8776.58
Step 524000 | Loss: 1.5929
[GPU] memory allocated = 1434.51
[GPU] memory reserved = 8776.58
Step 525000 | Loss: 1.6184
[GPU] memory allocated = 1434.51
[GPU] memory reserved = 8776.58
Step 526000 | Loss: 1.6666
[GPU] memory allocated = 1434.51
[GPU] memory reserved = 8776.58
Step 527000 | Loss: 1.4723
[GPU] memory allocated = 1434.51
[GPU] memory reserved = 8776.58
Step 528000 | Loss: 1.6006
[GPU] memory allocated = 1434.51
[GPU] memory reserved = 8776.58
Step 529000 | Loss: 1.6444
[GPU] memory allocated = 1434.51
[GPU] memory reserved = 8776.58
Step 530000 | Loss: 1.7673
[GPU] memory allocated = 1434.51
[GPU] memory reserved = 8776.58
Step 531000 | Loss: 1.7415
[GPU] memory allocated = 1434.51
[GPU] memory reserved = 8776.58
Step 532000 | Loss: 1.5596
[GPU] memory allocated = 1434.51
[GPU] memory reserved = 8776.58
Step 533000 | Loss: 1.6540
[GPU] memory allocated = 1434.51
[GPU] memory reserved = 8776.58
Step 534000 | Loss: 1.6359
[GPU] memory allocated = 1434.51
[GPU] memory reserved = 8776.58
Step 535000 | Loss: 1.6716
[GPU] memory allocated = 1434.51
[GPU] memory reserved = 8776.58
Step 536000 | Loss: 1.5309
[GPU] memory allocated = 1434.51
[GPU] memory reserved = 8776.58
Step 537000 | Loss: 1.5422
[GPU] memory allocated = 1434.51
[GPU] memory reserved = 8776.58
Step 538000 | Loss: 1.6786
[GPU] memory allocated = 1434.51
[GPU] memory reserved = 8776.58
Step 539000 | Loss: 1.5206
[GPU] memory allocated = 1434.51
[GPU] memory reserved = 8776.58
Step 540000 | Loss: 1.5418
[GPU] memory allocated = 1434.51
[GPU] memory reserved = 8776.58
Step 541000 | Loss: 1.5611
[GPU] memory allocated = 1434.51
[GPU] memory reserved = 8776.58
Step 542000 | Loss: 1.6682
[GPU] memory allocated = 1434.51
[GPU] memory reserved = 8776.58
Step 543000 | Loss: 1.5499
[GPU] memory allocated = 1434.51
[GPU] memory reserved = 8776.58
Step 544000 | Loss: 1.5502
[GPU] memory allocated = 1434.51
[GPU] memory reserved = 8776.58
Step 545000 | Loss: 1.6921
[GPU] memory allocated = 1434.51
[GPU] memory reserved = 8776.58
Step 546000 | Loss: 1.6096
[GPU] memory allocated = 1434.51
[GPU] memory reserved = 8776.58
Step 547000 | Loss: 1.6060
[GPU] memory allocated = 1434.51
[GPU] memory reserved = 8776.58
Step 548000 | Loss: 1.6542
[GPU] memory allocated = 1434.51
[GPU] memory reserved = 8776.58
Step 549000 | Loss: 1.6005
[GPU] memory allocated = 1434.51
[GPU] memory reserved = 8776.58
Step 550000 | Loss: 1.6490
[GPU] memory allocated = 1434.51
[GPU] memory reserved = 8776.58
Step 551000 | Loss: 1.6807
[GPU] memory allocated = 1434.51
[GPU] memory reserved = 8776.58
Step 552000 | Loss: 1.5348
[GPU] memory allocated = 1434.51
[GPU] memory reserved = 8776.58
Step 553000 | Loss: 1.5811
[GPU] memory allocated = 1434.51
[GPU] memory reserved = 8776.58
Step 554000 | Loss: 1.5846
[GPU] memory allocated = 1434.51
[GPU] memory reserved = 8776.58
Step 555000 | Loss: 1.6135
[GPU] memory allocated = 1434.51
[GPU] memory reserved = 8776.58
Step 556000 | Loss: 1.7275
[GPU] memory allocated = 1434.51
[GPU] memory reserved = 8776.58
Step 557000 | Loss: 1.7111
[GPU] memory allocated = 1434.51
[GPU] memory reserved = 8776.58
Step 558000 | Loss: 1.7044
[GPU] memory allocated = 1434.51
[GPU] memory reserved = 8776.58
Step 559000 | Loss: 1.4725
[GPU] memory allocated = 1434.51
[GPU] memory reserved = 8776.58
Step 560000 | Loss: 1.7414
[GPU] memory allocated = 1434.51
[GPU] memory reserved = 8776.58
Step 561000 | Loss: 1.7018
[GPU] memory allocated = 1434.51
[GPU] memory reserved = 8776.58
Step 562000 | Loss: 1.5747
[GPU] memory allocated = 1434.51
[GPU] memory reserved = 8776.58
Step 563000 | Loss: 1.7167
[GPU] memory allocated = 1434.51
[GPU] memory reserved = 8776.58
Step 564000 | Loss: 1.6636
[GPU] memory allocated = 1434.51
[GPU] memory reserved = 8776.58
Step 565000 | Loss: 1.6027
[GPU] memory allocated = 1434.51
[GPU] memory reserved = 8776.58
Step 566000 | Loss: 1.6413
[GPU] memory allocated = 1434.51
[GPU] memory reserved = 8776.58
Step 567000 | Loss: 1.5105
[GPU] memory allocated = 1434.51
[GPU] memory reserved = 8776.58
Step 568000 | Loss: 1.6008
[GPU] memory allocated = 1434.51
[GPU] memory reserved = 8776.58
Step 569000 | Loss: 1.5970
[GPU] memory allocated = 1434.51
[GPU] memory reserved = 8776.58
Step 570000 | Loss: 1.7158
[GPU] memory allocated = 1434.51
[GPU] memory reserved = 8776.58
Step 571000 | Loss: 1.5048
[GPU] memory allocated = 1434.51
[GPU] memory reserved = 8776.58
Step 572000 | Loss: 1.6523
[GPU] memory allocated = 1434.51
[GPU] memory reserved = 8776.58
Step 573000 | Loss: 1.6327
[GPU] memory allocated = 1434.51
[GPU] memory reserved = 8776.58
Step 574000 | Loss: 1.6942
[GPU] memory allocated = 1434.51
[GPU] memory reserved = 8776.58
Step 575000 | Loss: 1.6161
[GPU] memory allocated = 1434.51
[GPU] memory reserved = 8776.58
Step 576000 | Loss: 1.6049
[GPU] memory allocated = 1434.51
[GPU] memory reserved = 8776.58
Step 577000 | Loss: 1.5787
[GPU] memory allocated = 1434.51
[GPU] memory reserved = 8776.58
Step 578000 | Loss: 1.6235
[GPU] memory allocated = 1434.51
[GPU] memory reserved = 8776.58
Step 579000 | Loss: 1.6216
[GPU] memory allocated = 1434.51
[GPU] memory reserved = 8776.58
Step 580000 | Loss: 1.6838
[GPU] memory allocated = 1434.51
[GPU] memory reserved = 8776.58
Step 581000 | Loss: 1.6926
[GPU] memory allocated = 1434.51
[GPU] memory reserved = 8776.58
Step 582000 | Loss: 1.6028
[GPU] memory allocated = 1434.51
[GPU] memory reserved = 8776.58
Step 583000 | Loss: 1.5587
[GPU] memory allocated = 1434.51
[GPU] memory reserved = 8776.58
Step 584000 | Loss: 1.5373
[GPU] memory allocated = 1434.51
[GPU] memory reserved = 8776.58
Step 585000 | Loss: 1.6122
[GPU] memory allocated = 1434.51
[GPU] memory reserved = 8776.58
Step 586000 | Loss: 1.5971
[GPU] memory allocated = 1434.51
[GPU] memory reserved = 8776.58
Step 587000 | Loss: 1.5449
[GPU] memory allocated = 1434.51
[GPU] memory reserved = 8776.58
Step 588000 | Loss: 1.6078
[GPU] memory allocated = 1434.51
[GPU] memory reserved = 8776.58
Step 589000 | Loss: 1.5741
[GPU] memory allocated = 1434.51
[GPU] memory reserved = 8776.58
Step 590000 | Loss: 1.5577
[GPU] memory allocated = 1434.51
[GPU] memory reserved = 8776.58
Step 591000 | Loss: 1.5379
[GPU] memory allocated = 1434.51
[GPU] memory reserved = 8776.58
Step 592000 | Loss: 1.5663
[GPU] memory allocated = 1434.51
[GPU] memory reserved = 8776.58
Step 593000 | Loss: 1.6072
[GPU] memory allocated = 1434.51
[GPU] memory reserved = 8776.58
Step 594000 | Loss: 1.6352
[GPU] memory allocated = 1434.51
[GPU] memory reserved = 8776.58
Step 595000 | Loss: 1.5977
[GPU] memory allocated = 1434.51
[GPU] memory reserved = 8776.58
Step 596000 | Loss: 1.5123
[GPU] memory allocated = 1434.51
[GPU] memory reserved = 8776.58
Step 597000 | Loss: 1.6117
[GPU] memory allocated = 1434.51
[GPU] memory reserved = 8776.58
Step 598000 | Loss: 1.6363
[GPU] memory allocated = 1434.51
[GPU] memory reserved = 8776.58
Step 599000 | Loss: 1.5124
[GPU] memory allocated = 1434.51
[GPU] memory reserved = 8776.58
Step 600000 | Loss: 1.5281
[GPU] memory allocated = 1434.51
[GPU] memory reserved = 8776.58
Step 601000 | Loss: 1.6802
[GPU] memory allocated = 1434.51
[GPU] memory reserved = 8776.58
Step 602000 | Loss: 1.5689
[GPU] memory allocated = 1434.51
[GPU] memory reserved = 8776.58
Step 603000 | Loss: 1.5816
[GPU] memory allocated = 1434.51
[GPU] memory reserved = 8776.58
Step 604000 | Loss: 1.5598
[GPU] memory allocated = 1434.51
[GPU] memory reserved = 8776.58
Step 605000 | Loss: 1.4961
[GPU] memory allocated = 1434.51
[GPU] memory reserved = 8776.58
Step 606000 | Loss: 1.6415
[GPU] memory allocated = 1434.51
[GPU] memory reserved = 8776.58
Step 607000 | Loss: 1.6453
[GPU] memory allocated = 1434.51
[GPU] memory reserved = 8776.58
Step 608000 | Loss: 1.6771
[GPU] memory allocated = 1434.51
[GPU] memory reserved = 8776.58
Step 609000 | Loss: 1.6536
[GPU] memory allocated = 1434.51
[GPU] memory reserved = 8776.58
Step 610000 | Loss: 1.5508
[GPU] memory allocated = 1434.51
[GPU] memory reserved = 8776.58
Step 611000 | Loss: 1.6479
[GPU] memory allocated = 1434.51
[GPU] memory reserved = 8776.58
Step 612000 | Loss: 1.5745
[GPU] memory allocated = 1434.51
[GPU] memory reserved = 8776.58
Step 613000 | Loss: 1.5250
[GPU] memory allocated = 1434.51
[GPU] memory reserved = 8776.58
Step 614000 | Loss: 1.6445
[GPU] memory allocated = 1434.51
[GPU] memory reserved = 8776.58
Step 615000 | Loss: 1.5630
[GPU] memory allocated = 1434.51
[GPU] memory reserved = 8776.58
Step 616000 | Loss: 1.5728
[GPU] memory allocated = 1434.51
[GPU] memory reserved = 8776.58
Step 617000 | Loss: 1.6141
[GPU] memory allocated = 1434.51
[GPU] memory reserved = 8776.58
Step 618000 | Loss: 1.6120
[GPU] memory allocated = 1434.51
[GPU] memory reserved = 8776.58
Step 619000 | Loss: 1.5367
[GPU] memory allocated = 1434.51
[GPU] memory reserved = 8776.58
Step 620000 | Loss: 1.6912
[GPU] memory allocated = 1434.51
[GPU] memory reserved = 8776.58
Step 621000 | Loss: 1.5999
[GPU] memory allocated = 1434.51
[GPU] memory reserved = 8776.58
Step 622000 | Loss: 1.6836
[GPU] memory allocated = 1434.51
[GPU] memory reserved = 8776.58
Step 623000 | Loss: 1.5980
[GPU] memory allocated = 1434.51
[GPU] memory reserved = 8776.58
Step 624000 | Loss: 1.5625
[GPU] memory allocated = 1434.51
[GPU] memory reserved = 8776.58
Step 625000 | Loss: 1.6317
[GPU] memory allocated = 1434.51
[GPU] memory reserved = 8776.58
Step 626000 | Loss: 1.5605
[GPU] memory allocated = 1434.51