Thu May 15 23:18:50 2025       
+-----------------------------------------------------------------------------------------+
| NVIDIA-SMI 550.144.03             Driver Version: 550.144.03     CUDA Version: 12.4     |
|-----------------------------------------+------------------------+----------------------+
| GPU  Name                 Persistence-M | Bus-Id          Disp.A | Volatile Uncorr. ECC |
| Fan  Temp   Perf          Pwr:Usage/Cap |           Memory-Usage | GPU-Util  Compute M. |
|                                         |                        |               MIG M. |
|=========================================+========================+======================|
|   0  Tesla V100-PCIE-32GB           Off |   00000000:3D:00.0 Off |                    0 |
| N/A   49C    P0             44W /  250W |       1MiB /  32768MiB |      1%      Default |
|                                         |                        |                  N/A |
+-----------------------------------------+------------------------+----------------------+
                                                                                         
+-----------------------------------------------------------------------------------------+
| Processes:                                                                              |
|  GPU   GI   CI        PID   Type   Process name                              GPU Memory |
|        ID   ID                                                               Usage      |
|=========================================================================================|
|  No running processes found                                                             |
+-----------------------------------------------------------------------------------------+
              total        used        free      shared  buff/cache   available
Mem:           376G         11G        355G        534M        9.8G        363G
Swap:           15G          0B         15G
pid, used_gpu_memory [MiB]
cuda available: True
device being used: cuda
Using device: cuda
Model device: cuda:0
Running Baseline Model
Epoch 1 | Starting warmup...
[GPU] memory allocated = 1434.51
[GPU] memory reserved = 8776.58
Step 1000 | Loss: 2.6727
[GPU] memory allocated = 1434.51
[GPU] memory reserved = 8776.58
Step 2000 | Loss: 2.3235
[GPU] memory allocated = 1434.51
[GPU] memory reserved = 8776.58
Step 3000 | Loss: 2.0793
[GPU] memory allocated = 1434.51
[GPU] memory reserved = 8776.58
Step 4000 | Loss: 2.0277
[GPU] memory allocated = 1434.51
[GPU] memory reserved = 8776.58
Step 5000 | Loss: 2.0190
[GPU] memory allocated = 1434.51
[GPU] memory reserved = 8776.58
Step 6000 | Loss: 1.8912
[GPU] memory allocated = 1434.51
[GPU] memory reserved = 8776.58
Step 7000 | Loss: 1.7476
[GPU] memory allocated = 1434.51
[GPU] memory reserved = 8776.58
Step 8000 | Loss: 1.8484
[GPU] memory allocated = 1434.51
[GPU] memory reserved = 8776.58
Step 9000 | Loss: 1.8305
[GPU] memory allocated = 1434.51
[GPU] memory reserved = 8776.58
Step 10000 | Loss: 1.7807
[GPU] memory allocated = 1434.51
[GPU] memory reserved = 8776.58
Step 11000 | Loss: 1.6902
[GPU] memory allocated = 1434.51
[GPU] memory reserved = 8776.58
Step 12000 | Loss: 1.6374
[GPU] memory allocated = 1434.51
[GPU] memory reserved = 8776.58
Step 13000 | Loss: 1.7385
[GPU] memory allocated = 1434.51
[GPU] memory reserved = 8776.58
Step 14000 | Loss: 1.6846
[GPU] memory allocated = 1434.51
[GPU] memory reserved = 8776.58
Step 15000 | Loss: 1.6478
[GPU] memory allocated = 1434.51
[GPU] memory reserved = 8776.58
Step 16000 | Loss: 1.5641
[GPU] memory allocated = 1434.51
[GPU] memory reserved = 8776.58
Step 17000 | Loss: 1.5941
[GPU] memory allocated = 1434.51
[GPU] memory reserved = 8776.58
Step 18000 | Loss: 1.5776
[GPU] memory allocated = 1434.51
[GPU] memory reserved = 8776.58
Step 19000 | Loss: 1.4570
[GPU] memory allocated = 1434.51
[GPU] memory reserved = 8776.58
Step 20000 | Loss: 1.4802
[GPU] memory allocated = 1434.51
[GPU] memory reserved = 8776.58
Step 21000 | Loss: 1.5989
[GPU] memory allocated = 1434.51
[GPU] memory reserved = 8776.58
Step 22000 | Loss: 1.5922
[GPU] memory allocated = 1434.51
[GPU] memory reserved = 8776.58
Step 23000 | Loss: 1.3951
[GPU] memory allocated = 1434.51
[GPU] memory reserved = 8776.58
Step 24000 | Loss: 1.5209
[GPU] memory allocated = 1434.51
[GPU] memory reserved = 8776.58
Step 25000 | Loss: 1.4159
[GPU] memory allocated = 1434.51
[GPU] memory reserved = 8776.58
Step 26000 | Loss: 1.4194
[GPU] memory allocated = 1434.51
[GPU] memory reserved = 8776.58
Step 27000 | Loss: 1.5761
[GPU] memory allocated = 1434.51
[GPU] memory reserved = 8776.58
Step 28000 | Loss: 1.4729
[GPU] memory allocated = 1434.51
[GPU] memory reserved = 8776.58
Step 29000 | Loss: 1.4263
[GPU] memory allocated = 1434.51
[GPU] memory reserved = 8776.58
Step 30000 | Loss: 1.4804
[GPU] memory allocated = 1434.51
[GPU] memory reserved = 8776.58
Step 31000 | Loss: 1.4040
[GPU] memory allocated = 1434.51
[GPU] memory reserved = 8776.58
Step 32000 | Loss: 1.4802
[GPU] memory allocated = 1434.51
[GPU] memory reserved = 8776.58
Step 33000 | Loss: 1.4727
[GPU] memory allocated = 1434.51
[GPU] memory reserved = 8776.58
Step 34000 | Loss: 1.2295
[GPU] memory allocated = 1434.51
[GPU] memory reserved = 8776.58
Step 35000 | Loss: 1.3737
[GPU] memory allocated = 1434.51
[GPU] memory reserved = 8776.58
Step 36000 | Loss: 1.3990
[GPU] memory allocated = 1434.51
[GPU] memory reserved = 8776.58
Step 37000 | Loss: 1.4100
[GPU] memory allocated = 1434.51
[GPU] memory reserved = 8776.58
Step 38000 | Loss: 1.3056
[GPU] memory allocated = 1434.51
[GPU] memory reserved = 8776.58
Step 39000 | Loss: 1.2988
[GPU] memory allocated = 1434.51
[GPU] memory reserved = 8776.58
Step 40000 | Loss: 1.4018
[GPU] memory allocated = 1434.51
[GPU] memory reserved = 8776.58
Step 41000 | Loss: 1.2736
[GPU] memory allocated = 1434.51
[GPU] memory reserved = 8776.58
Step 42000 | Loss: 1.3681
[GPU] memory allocated = 1434.51
[GPU] memory reserved = 8776.58
Step 43000 | Loss: 1.2134
[GPU] memory allocated = 1434.51
[GPU] memory reserved = 8776.58
Step 44000 | Loss: 1.4000
[GPU] memory allocated = 1434.51
[GPU] memory reserved = 8776.58
Step 45000 | Loss: 1.3184
[GPU] memory allocated = 1434.51
[GPU] memory reserved = 8776.58
Step 46000 | Loss: 1.3188
[GPU] memory allocated = 1434.51
[GPU] memory reserved = 8776.58
Step 47000 | Loss: 1.2704
[GPU] memory allocated = 1434.51
[GPU] memory reserved = 8776.58
Step 48000 | Loss: 1.3259
[GPU] memory allocated = 1434.51
[GPU] memory reserved = 8776.58
Step 49000 | Loss: 1.2903
[GPU] memory allocated = 1434.51
[GPU] memory reserved = 8776.58
Step 50000 | Loss: 1.2220
[GPU] memory allocated = 1434.51
[GPU] memory reserved = 8776.58
Step 51000 | Loss: 1.3604
[GPU] memory allocated = 1434.51
[GPU] memory reserved = 8776.58
Step 52000 | Loss: 1.3439
[GPU] memory allocated = 1434.51
[GPU] memory reserved = 8776.58
Step 53000 | Loss: 1.2700
[GPU] memory allocated = 1434.51
[GPU] memory reserved = 8776.58
Step 54000 | Loss: 1.1044
[GPU] memory allocated = 1434.51
[GPU] memory reserved = 8776.58
Step 55000 | Loss: 1.3875
[GPU] memory allocated = 1434.51
[GPU] memory reserved = 8776.58
Step 56000 | Loss: 1.2724
[GPU] memory allocated = 1434.51
[GPU] memory reserved = 8776.58
Step 57000 | Loss: 1.2310
[GPU] memory allocated = 1434.51
[GPU] memory reserved = 8776.58
Step 58000 | Loss: 1.2872
[GPU] memory allocated = 1434.51
[GPU] memory reserved = 8776.58
Step 59000 | Loss: 1.1952
[GPU] memory allocated = 1434.51
[GPU] memory reserved = 8776.58
Step 60000 | Loss: 1.2142
[GPU] memory allocated = 1434.51
[GPU] memory reserved = 8776.58
Step 61000 | Loss: 1.1292
[GPU] memory allocated = 1434.51
[GPU] memory reserved = 8776.58
Step 62000 | Loss: 1.1247
[GPU] memory allocated = 1434.51
[GPU] memory reserved = 8776.58
Step 63000 | Loss: 1.2864
[GPU] memory allocated = 1434.51
[GPU] memory reserved = 8776.58
Step 64000 | Loss: 1.4057
[GPU] memory allocated = 1434.51
[GPU] memory reserved = 8776.58
Step 65000 | Loss: 1.2898
[GPU] memory allocated = 1434.51
[GPU] memory reserved = 8776.58
Step 66000 | Loss: 1.2500
[GPU] memory allocated = 1434.51
[GPU] memory reserved = 8776.58
Step 67000 | Loss: 1.1966
[GPU] memory allocated = 1434.51
[GPU] memory reserved = 8776.58
Step 68000 | Loss: 1.2884
[GPU] memory allocated = 1434.51
[GPU] memory reserved = 8776.58
Step 69000 | Loss: 1.2842
[GPU] memory allocated = 1434.51
[GPU] memory reserved = 8776.58
Step 70000 | Loss: 1.2859
[GPU] memory allocated = 1434.51
[GPU] memory reserved = 8776.58
Step 71000 | Loss: 1.3125
[GPU] memory allocated = 1434.51
[GPU] memory reserved = 8776.58
Step 72000 | Loss: 1.1987
[GPU] memory allocated = 1434.51
[GPU] memory reserved = 8776.58
Step 73000 | Loss: 1.2723
[GPU] memory allocated = 1434.51
[GPU] memory reserved = 8776.58
Step 74000 | Loss: 1.2435
[GPU] memory allocated = 1434.51
[GPU] memory reserved = 8776.58
Step 75000 | Loss: 1.2560
[GPU] memory allocated = 1434.51
[GPU] memory reserved = 8776.58
Step 76000 | Loss: 1.2242
[GPU] memory allocated = 1434.51
[GPU] memory reserved = 8776.58
Step 77000 | Loss: 1.2632
[GPU] memory allocated = 1434.51
[GPU] memory reserved = 8776.58
Step 78000 | Loss: 1.3370
[GPU] memory allocated = 1434.51
[GPU] memory reserved = 8776.58
Step 79000 | Loss: 1.1599
[GPU] memory allocated = 1434.51
[GPU] memory reserved = 8776.58
Step 80000 | Loss: 1.1990
[GPU] memory allocated = 1434.51
[GPU] memory reserved = 8776.58
Step 81000 | Loss: 1.1882
[GPU] memory allocated = 1434.51
[GPU] memory reserved = 8776.58
Step 82000 | Loss: 1.1186
[GPU] memory allocated = 1434.51
[GPU] memory reserved = 8776.58
Step 83000 | Loss: 1.2860
[GPU] memory allocated = 1434.51
[GPU] memory reserved = 8776.58
Step 84000 | Loss: 1.1874
[GPU] memory allocated = 1434.51
[GPU] memory reserved = 8776.58
Step 85000 | Loss: 1.3206
[GPU] memory allocated = 1434.51
[GPU] memory reserved = 8776.58
Step 86000 | Loss: 1.1731
[GPU] memory allocated = 1434.51
[GPU] memory reserved = 8776.58
Step 87000 | Loss: 1.1037
[GPU] memory allocated = 1434.51
[GPU] memory reserved = 8776.58
Step 88000 | Loss: 1.1774
[GPU] memory allocated = 1434.51
[GPU] memory reserved = 8776.58
Step 89000 | Loss: 1.1903
[GPU] memory allocated = 1434.51
[GPU] memory reserved = 8776.58
Step 90000 | Loss: 1.2182
[GPU] memory allocated = 1434.51
[GPU] memory reserved = 8776.58
Step 91000 | Loss: 1.1425
[GPU] memory allocated = 1434.51
[GPU] memory reserved = 8776.58
Step 92000 | Loss: 1.1685
[GPU] memory allocated = 1434.51
[GPU] memory reserved = 8776.58
Step 93000 | Loss: 1.1170
[GPU] memory allocated = 1434.51
[GPU] memory reserved = 8776.58
Step 94000 | Loss: 1.2212
[GPU] memory allocated = 1434.51
[GPU] memory reserved = 8776.58
Step 95000 | Loss: 1.2217
[GPU] memory allocated = 1434.51
[GPU] memory reserved = 8776.58
Step 96000 | Loss: 1.1656
[GPU] memory allocated = 1434.51
[GPU] memory reserved = 8776.58
Step 97000 | Loss: 1.2277
[GPU] memory allocated = 1434.51
[GPU] memory reserved = 8776.58
Step 98000 | Loss: 1.2826
[GPU] memory allocated = 1434.51
[GPU] memory reserved = 8776.58
Step 99000 | Loss: 1.2047
[GPU] memory allocated = 1434.51
[GPU] memory reserved = 8776.58
Step 100000 | Loss: 1.1864
[GPU] memory allocated = 1434.51
[GPU] memory reserved = 8776.58
Step 101000 | Loss: 1.1769
[GPU] memory allocated = 1434.51
[GPU] memory reserved = 8776.58
Step 102000 | Loss: 1.1908
[GPU] memory allocated = 1434.51
[GPU] memory reserved = 8776.58
Step 103000 | Loss: 1.2265
[GPU] memory allocated = 1434.51
[GPU] memory reserved = 8776.58
Step 104000 | Loss: 1.2236
[GPU] memory allocated = 1434.51
[GPU] memory reserved = 8776.58
Step 105000 | Loss: 1.1761
[GPU] memory allocated = 1434.51
[GPU] memory reserved = 8776.58
Step 106000 | Loss: 1.2286
[GPU] memory allocated = 1434.51
[GPU] memory reserved = 8776.58
Step 107000 | Loss: 1.0672
[GPU] memory allocated = 1434.51
[GPU] memory reserved = 8776.58
Step 108000 | Loss: 1.1345
[GPU] memory allocated = 1434.51
[GPU] memory reserved = 8776.58
Step 109000 | Loss: 1.1700
[GPU] memory allocated = 1434.51
[GPU] memory reserved = 8776.58
Step 110000 | Loss: 1.2753
[GPU] memory allocated = 1434.51
[GPU] memory reserved = 8776.58
Step 111000 | Loss: 1.2310
[GPU] memory allocated = 1434.51
[GPU] memory reserved = 8776.58
Step 112000 | Loss: 1.1261
[GPU] memory allocated = 1434.51
[GPU] memory reserved = 8776.58
Step 113000 | Loss: 1.1587
[GPU] memory allocated = 1434.51
[GPU] memory reserved = 8776.58
Step 114000 | Loss: 1.1435
[GPU] memory allocated = 1434.51
[GPU] memory reserved = 8776.58
Step 115000 | Loss: 1.0519
[GPU] memory allocated = 1434.51
[GPU] memory reserved = 8776.58
Step 116000 | Loss: 1.1618
[GPU] memory allocated = 1434.51
[GPU] memory reserved = 8776.58
Step 117000 | Loss: 1.1711
[GPU] memory allocated = 1434.51
[GPU] memory reserved = 8776.58
Step 118000 | Loss: 1.0960
[GPU] memory allocated = 1434.51
[GPU] memory reserved = 8776.58
Step 119000 | Loss: 1.0248
[GPU] memory allocated = 1434.51
[GPU] memory reserved = 8776.58
Step 120000 | Loss: 1.1166
[GPU] memory allocated = 1434.51
[GPU] memory reserved = 8776.58
Step 121000 | Loss: 1.0677
[GPU] memory allocated = 1434.51
[GPU] memory reserved = 8776.58
Step 122000 | Loss: 1.1331
[GPU] memory allocated = 1434.51
[GPU] memory reserved = 8776.58
Step 123000 | Loss: 1.1636
[GPU] memory allocated = 1434.51
[GPU] memory reserved = 8776.58
Step 124000 | Loss: 1.2001
[GPU] memory allocated = 1434.51
[GPU] memory reserved = 8776.58
Step 125000 | Loss: 1.1246
[GPU] memory allocated = 1434.51
[GPU] memory reserved = 8776.58
Step 126000 | Loss: 1.1215
[GPU] memory allocated = 1434.51
[GPU] memory reserved = 8776.58
Step 127000 | Loss: 1.1238
[GPU] memory allocated = 1434.51
[GPU] memory reserved = 8776.58
Step 128000 | Loss: 1.1392
[GPU] memory allocated = 1434.51
[GPU] memory reserved = 8776.58
Step 129000 | Loss: 1.1823
[GPU] memory allocated = 1434.51
[GPU] memory reserved = 8776.58
Step 130000 | Loss: 1.0759
[GPU] memory allocated = 1434.51
[GPU] memory reserved = 8776.58
Step 131000 | Loss: 1.1529
[GPU] memory allocated = 1434.51
[GPU] memory reserved = 8776.58
Step 132000 | Loss: 1.0757
[GPU] memory allocated = 1434.51
[GPU] memory reserved = 8776.58
Step 133000 | Loss: 1.0878
[GPU] memory allocated = 1434.51
[GPU] memory reserved = 8776.58
Step 134000 | Loss: 1.1015
[GPU] memory allocated = 1434.51
[GPU] memory reserved = 8776.58
Step 135000 | Loss: 1.0920
[GPU] memory allocated = 1434.51
[GPU] memory reserved = 8776.58
Step 136000 | Loss: 1.2377
[GPU] memory allocated = 1434.51
[GPU] memory reserved = 8776.58
Step 137000 | Loss: 1.0535
[GPU] memory allocated = 1434.51
[GPU] memory reserved = 8776.58
Step 138000 | Loss: 1.1614
[GPU] memory allocated = 1434.51
[GPU] memory reserved = 8776.58
Step 139000 | Loss: 1.1594
[GPU] memory allocated = 1434.51
[GPU] memory reserved = 8776.58
Step 140000 | Loss: 1.1248
[GPU] memory allocated = 1434.51
[GPU] memory reserved = 8776.58
Step 141000 | Loss: 1.0769
[GPU] memory allocated = 1434.51
[GPU] memory reserved = 8776.58
Step 142000 | Loss: 1.0443
[GPU] memory allocated = 1434.51
[GPU] memory reserved = 8776.58
Step 143000 | Loss: 1.0776
[GPU] memory allocated = 1434.51
[GPU] memory reserved = 8776.58
Step 144000 | Loss: 1.1384
[GPU] memory allocated = 1434.51
[GPU] memory reserved = 8776.58
Step 145000 | Loss: 1.0941
[GPU] memory allocated = 1434.51
[GPU] memory reserved = 8776.58
Step 146000 | Loss: 1.1484
[GPU] memory allocated = 1434.51
[GPU] memory reserved = 8776.58
Step 147000 | Loss: 1.2457
[GPU] memory allocated = 1434.51
[GPU] memory reserved = 8776.58
Step 148000 | Loss: 1.1282
[GPU] memory allocated = 1434.51
[GPU] memory reserved = 8776.58
Step 149000 | Loss: 1.0695
[GPU] memory allocated = 1434.51
[GPU] memory reserved = 8776.58
Step 150000 | Loss: 1.0910
[GPU] memory allocated = 1434.51
[GPU] memory reserved = 8776.58
Step 151000 | Loss: 1.1474
[GPU] memory allocated = 1434.51
[GPU] memory reserved = 8776.58
Step 152000 | Loss: 1.1872
[GPU] memory allocated = 1434.51
[GPU] memory reserved = 8776.58
Step 153000 | Loss: 1.0511
[GPU] memory allocated = 1434.51
[GPU] memory reserved = 8776.58
Step 154000 | Loss: 1.0757
[GPU] memory allocated = 1434.51
[GPU] memory reserved = 8776.58
Step 155000 | Loss: 1.1288
[GPU] memory allocated = 1434.51
[GPU] memory reserved = 8776.58
Step 156000 | Loss: 1.0383
[GPU] memory allocated = 1434.51
[GPU] memory reserved = 8776.58
Step 157000 | Loss: 0.9609
[GPU] memory allocated = 1434.51
[GPU] memory reserved = 8776.58
Step 158000 | Loss: 1.1109
[GPU] memory allocated = 1434.51
[GPU] memory reserved = 8776.58
Step 159000 | Loss: 1.1261
[GPU] memory allocated = 1434.51
[GPU] memory reserved = 8776.58
Step 160000 | Loss: 1.2380
[GPU] memory allocated = 1434.51
[GPU] memory reserved = 8776.58
Step 161000 | Loss: 1.1809
[GPU] memory allocated = 1434.51
[GPU] memory reserved = 8776.58
Step 162000 | Loss: 0.9982
[GPU] memory allocated = 1434.51
[GPU] memory reserved = 8776.58
Step 163000 | Loss: 1.0909
[GPU] memory allocated = 1434.51
[GPU] memory reserved = 8776.58
Step 164000 | Loss: 1.0211
[GPU] memory allocated = 1434.51
[GPU] memory reserved = 8776.58
Step 165000 | Loss: 1.0992
[GPU] memory allocated = 1434.51
[GPU] memory reserved = 8776.58
Step 166000 | Loss: 1.1244
[GPU] memory allocated = 1434.51
[GPU] memory reserved = 8776.58
Step 167000 | Loss: 0.9833
[GPU] memory allocated = 1434.51
[GPU] memory reserved = 8776.58
Step 168000 | Loss: 1.0828
[GPU] memory allocated = 1434.51
[GPU] memory reserved = 8776.58
Step 169000 | Loss: 1.0943
[GPU] memory allocated = 1434.51
[GPU] memory reserved = 8776.58
Step 170000 | Loss: 1.0764
[GPU] memory allocated = 1434.51
[GPU] memory reserved = 8776.58
Step 171000 | Loss: 1.1502
[GPU] memory allocated = 1434.51
[GPU] memory reserved = 8776.58
Step 172000 | Loss: 1.1050
[GPU] memory allocated = 1434.51
[GPU] memory reserved = 8776.58
Step 173000 | Loss: 1.0110
[GPU] memory allocated = 1434.51
[GPU] memory reserved = 8776.58
Step 174000 | Loss: 1.1726
[GPU] memory allocated = 1434.51
[GPU] memory reserved = 8776.58
Step 175000 | Loss: 1.0852
[GPU] memory allocated = 1434.51
[GPU] memory reserved = 8776.58
Step 176000 | Loss: 1.0961
[GPU] memory allocated = 1434.51
[GPU] memory reserved = 8776.58
Step 177000 | Loss: 1.0708
[GPU] memory allocated = 1434.51
[GPU] memory reserved = 8776.58
Step 178000 | Loss: 1.1079
[GPU] memory allocated = 1434.51
[GPU] memory reserved = 8776.58
Step 179000 | Loss: 1.1355
[GPU] memory allocated = 1434.51
[GPU] memory reserved = 8776.58
Step 180000 | Loss: 1.1000
[GPU] memory allocated = 1434.51
[GPU] memory reserved = 8776.58
Step 181000 | Loss: 1.0344
[GPU] memory allocated = 1434.51
[GPU] memory reserved = 8776.58
Step 182000 | Loss: 1.1463
[GPU] memory allocated = 1434.51
[GPU] memory reserved = 8776.58
Step 183000 | Loss: 1.0472
[GPU] memory allocated = 1434.51
[GPU] memory reserved = 8776.58
Step 184000 | Loss: 1.0253
[GPU] memory allocated = 1434.51
[GPU] memory reserved = 8776.58
Step 185000 | Loss: 1.1593
[GPU] memory allocated = 1434.51
[GPU] memory reserved = 8776.58
Step 186000 | Loss: 1.2322
[GPU] memory allocated = 1434.51
[GPU] memory reserved = 8776.58
Step 187000 | Loss: 1.1063
[GPU] memory allocated = 1434.51
[GPU] memory reserved = 8776.58
Step 188000 | Loss: 1.1074
[GPU] memory allocated = 1434.51
[GPU] memory reserved = 8776.58
Step 189000 | Loss: 1.1378
[GPU] memory allocated = 1434.51
[GPU] memory reserved = 8776.58
Step 190000 | Loss: 1.0074
[GPU] memory allocated = 1434.51
[GPU] memory reserved = 8776.58
Step 191000 | Loss: 0.9639
[GPU] memory allocated = 1434.51
[GPU] memory reserved = 8776.58
Step 192000 | Loss: 1.1311
[GPU] memory allocated = 1434.51
[GPU] memory reserved = 8776.58
Step 193000 | Loss: 1.1300
[GPU] memory allocated = 1434.51
[GPU] memory reserved = 8776.58
Step 194000 | Loss: 1.1385
[GPU] memory allocated = 1434.51
[GPU] memory reserved = 8776.58
Step 195000 | Loss: 1.1757
[GPU] memory allocated = 1434.51
[GPU] memory reserved = 8776.58
Step 196000 | Loss: 1.0377
[GPU] memory allocated = 1434.51
[GPU] memory reserved = 8776.58
Step 197000 | Loss: 1.1392
[GPU] memory allocated = 1434.51
[GPU] memory reserved = 8776.58
Step 198000 | Loss: 0.9828
[GPU] memory allocated = 1434.51
[GPU] memory reserved = 8776.58
Step 199000 | Loss: 0.9208
[GPU] memory allocated = 1434.51
[GPU] memory reserved = 8776.58
Step 200000 | Loss: 1.1583
[GPU] memory allocated = 1434.51
[GPU] memory reserved = 8776.58
Step 201000 | Loss: 1.1278
[GPU] memory allocated = 1434.51
[GPU] memory reserved = 8776.58
Step 202000 | Loss: 0.9732
[GPU] memory allocated = 1434.51
[GPU] memory reserved = 8776.58
Step 203000 | Loss: 1.0569
[GPU] memory allocated = 1434.51
[GPU] memory reserved = 8776.58
Step 204000 | Loss: 0.9742
[GPU] memory allocated = 1434.51
[GPU] memory reserved = 8776.58
Step 205000 | Loss: 0.9879
[GPU] memory allocated = 1434.51
[GPU] memory reserved = 8776.58
Step 206000 | Loss: 1.1678
[GPU] memory allocated = 1434.51
[GPU] memory reserved = 8776.58
Step 207000 | Loss: 1.1215
[GPU] memory allocated = 1434.51
[GPU] memory reserved = 8776.58
Step 208000 | Loss: 1.0597
[GPU] memory allocated = 1434.51
[GPU] memory reserved = 8776.58
Step 209000 | Loss: 1.0323
[GPU] memory allocated = 1434.51
[GPU] memory reserved = 8776.58
Step 210000 | Loss: 0.9492
[GPU] memory allocated = 1434.51
[GPU] memory reserved = 8776.58
Step 211000 | Loss: 1.1201
[GPU] memory allocated = 1434.51
[GPU] memory reserved = 8776.58
Step 212000 | Loss: 1.0380
[GPU] memory allocated = 1434.51
[GPU] memory reserved = 8776.58
Step 213000 | Loss: 1.1582
[GPU] memory allocated = 1434.51
[GPU] memory reserved = 8776.58
Step 214000 | Loss: 1.1172
[GPU] memory allocated = 1434.51
[GPU] memory reserved = 8776.58
Step 215000 | Loss: 1.2040
[GPU] memory allocated = 1434.51
[GPU] memory reserved = 8776.58
Step 216000 | Loss: 1.1016
[GPU] memory allocated = 1434.51
[GPU] memory reserved = 8776.58
Step 217000 | Loss: 1.0675
[GPU] memory allocated = 1434.51
[GPU] memory reserved = 8776.58
Step 218000 | Loss: 0.9803
[GPU] memory allocated = 1434.51
[GPU] memory reserved = 8776.58
Step 219000 | Loss: 1.0788
[GPU] memory allocated = 1434.51
[GPU] memory reserved = 8776.58
Step 220000 | Loss: 0.8991
[GPU] memory allocated = 1434.51
[GPU] memory reserved = 8776.58
Step 221000 | Loss: 1.0331
[GPU] memory allocated = 1434.51
[GPU] memory reserved = 8776.58
Step 222000 | Loss: 1.1059
[GPU] memory allocated = 1434.51
[GPU] memory reserved = 8776.58
Step 223000 | Loss: 1.0313
[GPU] memory allocated = 1434.51
[GPU] memory reserved = 8776.58
Step 224000 | Loss: 0.9680
[GPU] memory allocated = 1434.51
[GPU] memory reserved = 8776.58
Step 225000 | Loss: 1.0360
[GPU] memory allocated = 1434.51
[GPU] memory reserved = 8776.58
Step 226000 | Loss: 1.1331
[GPU] memory allocated = 1434.51
[GPU] memory reserved = 8776.58
Step 227000 | Loss: 1.0664
[GPU] memory allocated = 1434.51
[GPU] memory reserved = 8776.58
Step 228000 | Loss: 1.0548
[GPU] memory allocated = 1434.51
[GPU] memory reserved = 8776.58
Step 229000 | Loss: 1.0862
[GPU] memory allocated = 1434.51
[GPU] memory reserved = 8776.58
Step 230000 | Loss: 1.1246
[GPU] memory allocated = 1434.51
[GPU] memory reserved = 8776.58
Step 231000 | Loss: 1.0787
[GPU] memory allocated = 1434.51
[GPU] memory reserved = 8776.58
Step 232000 | Loss: 1.0906
[GPU] memory allocated = 1434.51
[GPU] memory reserved = 8776.58
Step 233000 | Loss: 1.1107
[GPU] memory allocated = 1434.51
[GPU] memory reserved = 8776.58
Step 234000 | Loss: 1.0720
[GPU] memory allocated = 1434.51
[GPU] memory reserved = 8776.58
Step 235000 | Loss: 1.0824
[GPU] memory allocated = 1434.51
[GPU] memory reserved = 8776.58
Step 236000 | Loss: 1.0587
[GPU] memory allocated = 1434.51
[GPU] memory reserved = 8776.58
Step 237000 | Loss: 1.0846
[GPU] memory allocated = 1434.51
[GPU] memory reserved = 8776.58
Step 238000 | Loss: 1.0062
[GPU] memory allocated = 1434.51
[GPU] memory reserved = 8776.58
Step 239000 | Loss: 1.0687
[GPU] memory allocated = 1434.51
[GPU] memory reserved = 8776.58
Step 240000 | Loss: 1.1836
[GPU] memory allocated = 1434.51
[GPU] memory reserved = 8776.58
Step 241000 | Loss: 0.9846
[GPU] memory allocated = 1434.51
[GPU] memory reserved = 8776.58
Step 242000 | Loss: 1.1482
[GPU] memory allocated = 1434.51
[GPU] memory reserved = 8776.58
Step 243000 | Loss: 1.1505
[GPU] memory allocated = 1434.51
[GPU] memory reserved = 8776.58
Step 244000 | Loss: 1.0479
[GPU] memory allocated = 1434.51
[GPU] memory reserved = 8776.58
Step 245000 | Loss: 1.0349
[GPU] memory allocated = 1434.51
[GPU] memory reserved = 8776.58
Step 246000 | Loss: 1.1053
[GPU] memory allocated = 1434.51
[GPU] memory reserved = 8776.58
Step 247000 | Loss: 1.0600
[GPU] memory allocated = 1434.51
[GPU] memory reserved = 8776.58
Step 248000 | Loss: 1.0356
[GPU] memory allocated = 1434.51
[GPU] memory reserved = 8776.58
Step 249000 | Loss: 1.1494
[GPU] memory allocated = 1434.51
[GPU] memory reserved = 8776.58
Step 250000 | Loss: 1.0140
[GPU] memory allocated = 1434.51
[GPU] memory reserved = 8776.58
Step 251000 | Loss: 1.0116
[GPU] memory allocated = 1434.51
[GPU] memory reserved = 8776.58
Step 252000 | Loss: 1.0907
[GPU] memory allocated = 1434.51
[GPU] memory reserved = 8776.58
Step 253000 | Loss: 1.0613
[GPU] memory allocated = 1434.51
[GPU] memory reserved = 8776.58
Step 254000 | Loss: 1.1126
[GPU] memory allocated = 1434.51
[GPU] memory reserved = 8776.58
Step 255000 | Loss: 1.0233
[GPU] memory allocated = 1434.51
[GPU] memory reserved = 8776.58
Step 256000 | Loss: 1.0578
[GPU] memory allocated = 1434.51
[GPU] memory reserved = 8776.58
Step 257000 | Loss: 1.1286
[GPU] memory allocated = 1434.51
[GPU] memory reserved = 8776.58
Step 258000 | Loss: 1.0048
[GPU] memory allocated = 1434.51
[GPU] memory reserved = 8776.58
Step 259000 | Loss: 0.9966
[GPU] memory allocated = 1434.51
[GPU] memory reserved = 8776.58
Step 260000 | Loss: 1.0686
[GPU] memory allocated = 1434.51
[GPU] memory reserved = 8776.58
Step 261000 | Loss: 1.0487
[GPU] memory allocated = 1434.51
[GPU] memory reserved = 8776.58
Step 262000 | Loss: 0.9197
[GPU] memory allocated = 1434.51
[GPU] memory reserved = 8776.58
Step 263000 | Loss: 1.0634
[GPU] memory allocated = 1434.51
[GPU] memory reserved = 8776.58
Step 264000 | Loss: 1.1520
[GPU] memory allocated = 1434.51
[GPU] memory reserved = 8776.58
Step 265000 | Loss: 1.0790
[GPU] memory allocated = 1434.51
[GPU] memory reserved = 8776.58
Step 266000 | Loss: 1.1278
[GPU] memory allocated = 1434.51
[GPU] memory reserved = 8776.58
Step 267000 | Loss: 1.0889
[GPU] memory allocated = 1434.51
[GPU] memory reserved = 8776.58
Step 268000 | Loss: 0.9981
[GPU] memory allocated = 1434.51
[GPU] memory reserved = 8776.58
Step 269000 | Loss: 0.9872
[GPU] memory allocated = 1434.51
[GPU] memory reserved = 8776.58
Step 270000 | Loss: 1.0564
[GPU] memory allocated = 1434.51
[GPU] memory reserved = 8776.58
Step 271000 | Loss: 1.0725
[GPU] memory allocated = 1434.51
[GPU] memory reserved = 8776.58
Step 272000 | Loss: 1.1296
[GPU] memory allocated = 1434.51
[GPU] memory reserved = 8776.58
Step 273000 | Loss: 1.0234
[GPU] memory allocated = 1434.51
[GPU] memory reserved = 8776.58
Step 274000 | Loss: 1.0501
[GPU] memory allocated = 1434.51
[GPU] memory reserved = 8776.58
Step 275000 | Loss: 1.1899
[GPU] memory allocated = 1434.51
[GPU] memory reserved = 8776.58
Step 276000 | Loss: 1.0011
[GPU] memory allocated = 1434.51
[GPU] memory reserved = 8776.58
Step 277000 | Loss: 1.0581
[GPU] memory allocated = 1434.51
[GPU] memory reserved = 8776.58
Step 278000 | Loss: 1.0476
[GPU] memory allocated = 1434.51
[GPU] memory reserved = 8776.58
Step 279000 | Loss: 0.9823
[GPU] memory allocated = 1434.51
[GPU] memory reserved = 8776.58
Step 280000 | Loss: 1.0851
[GPU] memory allocated = 1434.51
[GPU] memory reserved = 8776.58
Step 281000 | Loss: 1.1126
[GPU] memory allocated = 1434.51
[GPU] memory reserved = 8776.58
Step 282000 | Loss: 0.9775
[GPU] memory allocated = 1434.51
[GPU] memory reserved = 8776.58
Step 283000 | Loss: 1.0757
[GPU] memory allocated = 1434.51
[GPU] memory reserved = 8776.58
Step 284000 | Loss: 1.0285
[GPU] memory allocated = 1434.51
[GPU] memory reserved = 8776.58
Step 285000 | Loss: 1.0365
[GPU] memory allocated = 1434.51
[GPU] memory reserved = 8776.58
Step 286000 | Loss: 0.9655
[GPU] memory allocated = 1434.51
[GPU] memory reserved = 8776.58
Step 287000 | Loss: 1.0425
[GPU] memory allocated = 1434.51
[GPU] memory reserved = 8776.58
Step 288000 | Loss: 0.9517
[GPU] memory allocated = 1434.51
[GPU] memory reserved = 8776.58
Step 289000 | Loss: 1.0195
[GPU] memory allocated = 1434.51
[GPU] memory reserved = 8776.58
Step 290000 | Loss: 1.0083
[GPU] memory allocated = 1434.51
[GPU] memory reserved = 8776.58
Step 291000 | Loss: 0.9874
[GPU] memory allocated = 1434.51
[GPU] memory reserved = 8776.58
Step 292000 | Loss: 1.1836
[GPU] memory allocated = 1434.51
[GPU] memory reserved = 8776.58
Step 293000 | Loss: 0.9505
[GPU] memory allocated = 1434.51
[GPU] memory reserved = 8776.58
Step 294000 | Loss: 1.0070
[GPU] memory allocated = 1434.51
[GPU] memory reserved = 8776.58
Step 295000 | Loss: 1.0655
[GPU] memory allocated = 1434.51
[GPU] memory reserved = 8776.58
Step 296000 | Loss: 1.1061
[GPU] memory allocated = 1434.51
[GPU] memory reserved = 8776.58
Step 297000 | Loss: 1.0812
[GPU] memory allocated = 1434.51
[GPU] memory reserved = 8776.58
Step 298000 | Loss: 1.0178
[GPU] memory allocated = 1434.51
[GPU] memory reserved = 8776.58
Step 299000 | Loss: 1.0256
[GPU] memory allocated = 1434.51
[GPU] memory reserved = 8776.58
Step 300000 | Loss: 1.1194
[GPU] memory allocated = 1434.51
[GPU] memory reserved = 8776.58
Step 301000 | Loss: 1.1087
[GPU] memory allocated = 1434.51
[GPU] memory reserved = 8776.58
Step 302000 | Loss: 0.9575
[GPU] memory allocated = 1434.51
[GPU] memory reserved = 8776.58
Step 303000 | Loss: 1.0371
[GPU] memory allocated = 1434.51
[GPU] memory reserved = 8776.58
Step 304000 | Loss: 1.0420
[GPU] memory allocated = 1434.51
[GPU] memory reserved = 8776.58
Step 305000 | Loss: 1.0698
[GPU] memory allocated = 1434.51
[GPU] memory reserved = 8776.58
Step 306000 | Loss: 1.0613
[GPU] memory allocated = 1434.51
[GPU] memory reserved = 8776.58
Step 307000 | Loss: 1.0621
[GPU] memory allocated = 1434.51
[GPU] memory reserved = 8776.58
Step 308000 | Loss: 1.0537
[GPU] memory allocated = 1434.51
[GPU] memory reserved = 8776.58
Step 309000 | Loss: 0.9141
[GPU] memory allocated = 1434.51
[GPU] memory reserved = 8776.58
Step 310000 | Loss: 1.0279
[GPU] memory allocated = 1434.51
[GPU] memory reserved = 8776.58
Step 311000 | Loss: 0.9719
[GPU] memory allocated = 1434.51
[GPU] memory reserved = 8776.58
Step 312000 | Loss: 1.0586
[GPU] memory allocated = 1434.51
[GPU] memory reserved = 8776.58
Step 313000 | Loss: 1.1351
[GPU] memory allocated = 1434.51
[GPU] memory reserved = 8776.58
Step 314000 | Loss: 0.9756
[GPU] memory allocated = 1434.51
[GPU] memory reserved = 8776.58
Step 315000 | Loss: 1.0418
[GPU] memory allocated = 1434.51
[GPU] memory reserved = 8776.58
Step 316000 | Loss: 1.0163
[GPU] memory allocated = 1434.51
[GPU] memory reserved = 8776.58
Step 317000 | Loss: 1.0447
[GPU] memory allocated = 1434.51
[GPU] memory reserved = 8776.58
Step 318000 | Loss: 1.0016
[GPU] memory allocated = 1434.51
[GPU] memory reserved = 8776.58
Step 319000 | Loss: 1.0398
[GPU] memory allocated = 1434.51
[GPU] memory reserved = 8776.58
Step 320000 | Loss: 1.0177
[GPU] memory allocated = 1434.51
[GPU] memory reserved = 8776.58
Step 321000 | Loss: 0.9892
[GPU] memory allocated = 1434.51
[GPU] memory reserved = 8776.58
Step 322000 | Loss: 0.9791
[GPU] memory allocated = 1434.51
[GPU] memory reserved = 8776.58
Step 323000 | Loss: 0.9509
[GPU] memory allocated = 1434.51
[GPU] memory reserved = 8776.58
Step 324000 | Loss: 1.0277
[GPU] memory allocated = 1434.51
[GPU] memory reserved = 8776.58
Step 325000 | Loss: 1.0106
[GPU] memory allocated = 1434.51
[GPU] memory reserved = 8776.58
Step 326000 | Loss: 1.0689
[GPU] memory allocated = 1434.51
[GPU] memory reserved = 8776.58
Step 327000 | Loss: 1.1095
[GPU] memory allocated = 1434.51
[GPU] memory reserved = 8776.58
Step 328000 | Loss: 0.8728
[GPU] memory allocated = 1434.51
[GPU] memory reserved = 8776.58
Step 329000 | Loss: 0.8931
[GPU] memory allocated = 1434.51
[GPU] memory reserved = 8776.58
Step 330000 | Loss: 1.0092
[GPU] memory allocated = 1434.51
[GPU] memory reserved = 8776.58
Step 331000 | Loss: 1.1021
[GPU] memory allocated = 1434.51
[GPU] memory reserved = 8776.58
Step 332000 | Loss: 1.0944
[GPU] memory allocated = 1434.51
[GPU] memory reserved = 8776.58
Step 333000 | Loss: 1.0604
[GPU] memory allocated = 1434.51
[GPU] memory reserved = 8776.58
Step 334000 | Loss: 1.0404
[GPU] memory allocated = 1434.51
[GPU] memory reserved = 8776.58
Step 335000 | Loss: 0.9226
[GPU] memory allocated = 1434.51
[GPU] memory reserved = 8776.58
Step 336000 | Loss: 0.9870
[GPU] memory allocated = 1434.51
[GPU] memory reserved = 8776.58
Step 337000 | Loss: 1.0482
[GPU] memory allocated = 1434.51
[GPU] memory reserved = 8776.58
Step 338000 | Loss: 1.1090
[GPU] memory allocated = 1434.51
[GPU] memory reserved = 8776.58
Step 339000 | Loss: 0.9093
[GPU] memory allocated = 1434.51
[GPU] memory reserved = 8776.58
Step 340000 | Loss: 1.0901
[GPU] memory allocated = 1434.51
[GPU] memory reserved = 8776.58
Step 341000 | Loss: 1.0572
[GPU] memory allocated = 1434.51
[GPU] memory reserved = 8776.58
Step 342000 | Loss: 1.0907
[GPU] memory allocated = 1434.51
[GPU] memory reserved = 8776.58
Step 343000 | Loss: 1.0215
[GPU] memory allocated = 1434.51
[GPU] memory reserved = 8776.58
Step 344000 | Loss: 0.9525
[GPU] memory allocated = 1434.51
[GPU] memory reserved = 8776.58
Step 345000 | Loss: 1.0919
[GPU] memory allocated = 1434.51
[GPU] memory reserved = 8776.58
Step 346000 | Loss: 0.9923
[GPU] memory allocated = 1434.51
[GPU] memory reserved = 8776.58
Step 347000 | Loss: 1.0304
[GPU] memory allocated = 1434.51
[GPU] memory reserved = 8776.58
Step 348000 | Loss: 1.0228
[GPU] memory allocated = 1434.51
[GPU] memory reserved = 8776.58
Step 349000 | Loss: 0.9998
[GPU] memory allocated = 1434.51
[GPU] memory reserved = 8776.58
Step 350000 | Loss: 1.0709
[GPU] memory allocated = 1434.51
[GPU] memory reserved = 8776.58
Step 351000 | Loss: 0.9244
[GPU] memory allocated = 1434.51
[GPU] memory reserved = 8776.58
Step 352000 | Loss: 1.1090
[GPU] memory allocated = 1434.51
[GPU] memory reserved = 8776.58
Step 353000 | Loss: 1.0044
[GPU] memory allocated = 1434.51
[GPU] memory reserved = 8776.58
Step 354000 | Loss: 1.0704
[GPU] memory allocated = 1434.51
[GPU] memory reserved = 8776.58
Step 355000 | Loss: 1.0102
[GPU] memory allocated = 1434.51
[GPU] memory reserved = 8776.58
Step 356000 | Loss: 0.9837
[GPU] memory allocated = 1434.51
[GPU] memory reserved = 8776.58
Step 357000 | Loss: 1.0955
[GPU] memory allocated = 1434.51
[GPU] memory reserved = 8776.58
Step 358000 | Loss: 0.9067
[GPU] memory allocated = 1434.51
[GPU] memory reserved = 8776.58
Step 359000 | Loss: 1.0040
[GPU] memory allocated = 1434.51
[GPU] memory reserved = 8776.58
Step 360000 | Loss: 0.9899
[GPU] memory allocated = 1434.51
[GPU] memory reserved = 8776.58
Step 361000 | Loss: 0.8890
[GPU] memory allocated = 1434.51
[GPU] memory reserved = 8776.58
Step 362000 | Loss: 1.0286
[GPU] memory allocated = 1434.51
[GPU] memory reserved = 8776.58
Step 363000 | Loss: 1.0186
[GPU] memory allocated = 1434.51
[GPU] memory reserved = 8776.58
Step 364000 | Loss: 1.0268
[GPU] memory allocated = 1434.51
[GPU] memory reserved = 8776.58
Step 365000 | Loss: 1.0581
[GPU] memory allocated = 1434.51
[GPU] memory reserved = 8776.58
Step 366000 | Loss: 1.0895
[GPU] memory allocated = 1434.51
[GPU] memory reserved = 8776.58
Step 367000 | Loss: 0.8685
[GPU] memory allocated = 1434.51
[GPU] memory reserved = 8776.58
Step 368000 | Loss: 1.1367
[GPU] memory allocated = 1434.51
[GPU] memory reserved = 8776.58
Step 369000 | Loss: 1.0801
[GPU] memory allocated = 1434.51
[GPU] memory reserved = 8776.58
Step 370000 | Loss: 1.0203
[GPU] memory allocated = 1434.51
[GPU] memory reserved = 8776.58
Step 371000 | Loss: 0.9000
[GPU] memory allocated = 1434.51
[GPU] memory reserved = 8776.58
Step 372000 | Loss: 1.0269
[GPU] memory allocated = 1434.51
[GPU] memory reserved = 8776.58
Step 373000 | Loss: 1.0631
[GPU] memory allocated = 1434.51
[GPU] memory reserved = 8776.58
Step 374000 | Loss: 0.9809
[GPU] memory allocated = 1434.51
[GPU] memory reserved = 8776.58
Step 375000 | Loss: 0.9718
[GPU] memory allocated = 1434.51
[GPU] memory reserved = 8776.58
Step 376000 | Loss: 0.9978
[GPU] memory allocated = 1434.51
[GPU] memory reserved = 8776.58
Step 377000 | Loss: 1.0093
[GPU] memory allocated = 1434.51
[GPU] memory reserved = 8776.58
Step 378000 | Loss: 1.0538
[GPU] memory allocated = 1434.51
[GPU] memory reserved = 8776.58
Step 379000 | Loss: 0.9699
[GPU] memory allocated = 1434.51
[GPU] memory reserved = 8776.58
Step 380000 | Loss: 0.9532
[GPU] memory allocated = 1434.51
[GPU] memory reserved = 8776.58
Step 381000 | Loss: 1.0164
[GPU] memory allocated = 1434.51
[GPU] memory reserved = 8776.58
Step 382000 | Loss: 1.1121
[GPU] memory allocated = 1434.51
[GPU] memory reserved = 8776.58
Step 383000 | Loss: 1.0510
[GPU] memory allocated = 1434.51
[GPU] memory reserved = 8776.58
Step 384000 | Loss: 0.9433
[GPU] memory allocated = 1434.51
[GPU] memory reserved = 8776.58
Step 385000 | Loss: 1.0160
[GPU] memory allocated = 1434.51
[GPU] memory reserved = 8776.58
Step 386000 | Loss: 0.9475
[GPU] memory allocated = 1434.51
[GPU] memory reserved = 8776.58
Step 387000 | Loss: 1.0873
[GPU] memory allocated = 1434.51
[GPU] memory reserved = 8776.58
Step 388000 | Loss: 0.9505
[GPU] memory allocated = 1434.51
[GPU] memory reserved = 8776.58
Step 389000 | Loss: 1.0187
[GPU] memory allocated = 1434.51
[GPU] memory reserved = 8776.58
Step 390000 | Loss: 1.1044
[GPU] memory allocated = 1434.51
[GPU] memory reserved = 8776.58
Step 391000 | Loss: 1.0637
[GPU] memory allocated = 1434.51
[GPU] memory reserved = 8776.58
Step 392000 | Loss: 1.0416
[GPU] memory allocated = 1434.51
[GPU] memory reserved = 8776.58
Step 393000 | Loss: 0.9407
[GPU] memory allocated = 1434.51
[GPU] memory reserved = 8776.58
Step 394000 | Loss: 1.0760
[GPU] memory allocated = 1434.51
[GPU] memory reserved = 8776.58
Step 395000 | Loss: 0.9436
[GPU] memory allocated = 1434.51
[GPU] memory reserved = 8776.58
Step 396000 | Loss: 0.9718
[GPU] memory allocated = 1434.51
[GPU] memory reserved = 8776.58
Step 397000 | Loss: 1.1678
[GPU] memory allocated = 1434.51
[GPU] memory reserved = 8776.58
Step 398000 | Loss: 1.0002
[GPU] memory allocated = 1434.51
[GPU] memory reserved = 8776.58
Step 399000 | Loss: 0.9971
[GPU] memory allocated = 1434.51
[GPU] memory reserved = 8776.58
Step 400000 | Loss: 0.9263
[GPU] memory allocated = 1434.51
[GPU] memory reserved = 8776.58
Step 401000 | Loss: 0.9308
[GPU] memory allocated = 1434.51
[GPU] memory reserved = 8776.58
Step 402000 | Loss: 1.0364
[GPU] memory allocated = 1434.51
[GPU] memory reserved = 8776.58
Step 403000 | Loss: 0.8915
[GPU] memory allocated = 1434.51
[GPU] memory reserved = 8776.58
Step 404000 | Loss: 1.0098
[GPU] memory allocated = 1434.51
[GPU] memory reserved = 8776.58
Step 405000 | Loss: 0.8663
[GPU] memory allocated = 1434.51
[GPU] memory reserved = 8776.58
Step 406000 | Loss: 1.0801
[GPU] memory allocated = 1434.51
[GPU] memory reserved = 8776.58
Step 407000 | Loss: 0.9765
[GPU] memory allocated = 1434.51
[GPU] memory reserved = 8776.58
Step 408000 | Loss: 1.0396
[GPU] memory allocated = 1434.51
[GPU] memory reserved = 8776.58
Step 409000 | Loss: 1.0389
[GPU] memory allocated = 1434.51
[GPU] memory reserved = 8776.58
Step 410000 | Loss: 0.9872
[GPU] memory allocated = 1434.51
[GPU] memory reserved = 8776.58
Step 411000 | Loss: 1.0231
[GPU] memory allocated = 1434.51
[GPU] memory reserved = 8776.58
Step 412000 | Loss: 1.0406
[GPU] memory allocated = 1434.51
[GPU] memory reserved = 8776.58
Step 413000 | Loss: 1.0545
[GPU] memory allocated = 1434.51
[GPU] memory reserved = 8776.58
Step 414000 | Loss: 1.0049
[GPU] memory allocated = 1434.51
[GPU] memory reserved = 8776.58
Step 415000 | Loss: 0.9349
[GPU] memory allocated = 1434.51
[GPU] memory reserved = 8776.58
Step 416000 | Loss: 1.0268
[GPU] memory allocated = 1434.51
[GPU] memory reserved = 8776.58
Step 417000 | Loss: 1.0224
[GPU] memory allocated = 1434.51
[GPU] memory reserved = 8776.58
Step 418000 | Loss: 0.9059
[GPU] memory allocated = 1434.51
[GPU] memory reserved = 8776.58
Step 419000 | Loss: 1.0361
[GPU] memory allocated = 1434.51
[GPU] memory reserved = 8776.58
Step 420000 | Loss: 1.0345
[GPU] memory allocated = 1434.51
[GPU] memory reserved = 8776.58
Step 421000 | Loss: 0.9717
[GPU] memory allocated = 1434.51
[GPU] memory reserved = 8776.58
Step 422000 | Loss: 0.9454
[GPU] memory allocated = 1434.51
[GPU] memory reserved = 8776.58
Step 423000 | Loss: 0.9521
[GPU] memory allocated = 1434.51
[GPU] memory reserved = 8776.58
Step 424000 | Loss: 1.0588
[GPU] memory allocated = 1434.51
[GPU] memory reserved = 8776.58
Step 425000 | Loss: 1.0101
[GPU] memory allocated = 1434.51
[GPU] memory reserved = 8776.58
Step 426000 | Loss: 1.0444
[GPU] memory allocated = 1434.51
[GPU] memory reserved = 8776.58
Step 427000 | Loss: 0.9369
[GPU] memory allocated = 1434.51
[GPU] memory reserved = 8776.58
Step 428000 | Loss: 1.0496
[GPU] memory allocated = 1434.51
[GPU] memory reserved = 8776.58
Step 429000 | Loss: 1.0209
[GPU] memory allocated = 1434.51
[GPU] memory reserved = 8776.58
Step 430000 | Loss: 1.0211
[GPU] memory allocated = 1434.51
[GPU] memory reserved = 8776.58
Step 431000 | Loss: 1.0161
[GPU] memory allocated = 1434.51
[GPU] memory reserved = 8776.58
Step 432000 | Loss: 1.0080
[GPU] memory allocated = 1434.51
[GPU] memory reserved = 8776.58
Step 433000 | Loss: 1.0847
[GPU] memory allocated = 1434.51
[GPU] memory reserved = 8776.58
Step 434000 | Loss: 1.1409
[GPU] memory allocated = 1434.51
[GPU] memory reserved = 8776.58
Step 435000 | Loss: 1.0724
[GPU] memory allocated = 1434.51
[GPU] memory reserved = 8776.58
Step 436000 | Loss: 1.0288
[GPU] memory allocated = 1434.51
[GPU] memory reserved = 8776.58
Step 437000 | Loss: 0.9292
[GPU] memory allocated = 1434.51
[GPU] memory reserved = 8776.58
Step 438000 | Loss: 1.0905
[GPU] memory allocated = 1434.51
[GPU] memory reserved = 8776.58
Step 439000 | Loss: 1.0366
[GPU] memory allocated = 1434.51
[GPU] memory reserved = 8776.58
Step 440000 | Loss: 1.0177
[GPU] memory allocated = 1434.51
[GPU] memory reserved = 8776.58
Step 441000 | Loss: 0.9855
[GPU] memory allocated = 1434.51
[GPU] memory reserved = 8776.58
Step 442000 | Loss: 1.1001
[GPU] memory allocated = 1434.51
[GPU] memory reserved = 8776.58
Step 443000 | Loss: 0.7955
[GPU] memory allocated = 1434.51
[GPU] memory reserved = 8776.58
Step 444000 | Loss: 1.0269
[GPU] memory allocated = 1434.51
[GPU] memory reserved = 8776.58
Step 445000 | Loss: 0.9912
[GPU] memory allocated = 1434.51
[GPU] memory reserved = 8776.58
Step 446000 | Loss: 1.0602
[GPU] memory allocated = 1434.51
[GPU] memory reserved = 8776.58
Step 447000 | Loss: 1.0108
[GPU] memory allocated = 1434.51
[GPU] memory reserved = 8776.58
Step 448000 | Loss: 0.9847
[GPU] memory allocated = 1434.51
[GPU] memory reserved = 8776.58
Step 449000 | Loss: 0.9090
[GPU] memory allocated = 1434.51
[GPU] memory reserved = 8776.58
Step 450000 | Loss: 1.0580
[GPU] memory allocated = 1434.51
[GPU] memory reserved = 8776.58
Step 451000 | Loss: 0.9698
[GPU] memory allocated = 1434.51
[GPU] memory reserved = 8776.58
Step 452000 | Loss: 0.9629
[GPU] memory allocated = 1434.51
[GPU] memory reserved = 8776.58
Step 453000 | Loss: 1.0249
[GPU] memory allocated = 1434.51
[GPU] memory reserved = 8776.58
Step 454000 | Loss: 1.0694
[GPU] memory allocated = 1434.51
[GPU] memory reserved = 8776.58
Step 455000 | Loss: 0.9608
[GPU] memory allocated = 1434.51
[GPU] memory reserved = 8776.58
Step 456000 | Loss: 1.0038
[GPU] memory allocated = 1434.51
[GPU] memory reserved = 8776.58
Step 457000 | Loss: 0.8744
[GPU] memory allocated = 1434.51
[GPU] memory reserved = 8776.58
Step 458000 | Loss: 1.1483
[GPU] memory allocated = 1434.51
[GPU] memory reserved = 8776.58
Step 459000 | Loss: 1.1177
[GPU] memory allocated = 1434.51
[GPU] memory reserved = 8776.58
Step 460000 | Loss: 0.9698
[GPU] memory allocated = 1434.51
[GPU] memory reserved = 8776.58
Step 461000 | Loss: 1.0478
[GPU] memory allocated = 1434.51
[GPU] memory reserved = 8776.58
Step 462000 | Loss: 0.9869
[GPU] memory allocated = 1434.51
[GPU] memory reserved = 8776.58
Step 463000 | Loss: 1.0664
[GPU] memory allocated = 1434.51
[GPU] memory reserved = 8776.58
Step 464000 | Loss: 0.9231
[GPU] memory allocated = 1434.51
[GPU] memory reserved = 8776.58
Step 465000 | Loss: 0.9478
[GPU] memory allocated = 1434.51
[GPU] memory reserved = 8776.58
Step 466000 | Loss: 1.0132
[GPU] memory allocated = 1434.51
[GPU] memory reserved = 8776.58
Step 467000 | Loss: 1.0227
[GPU] memory allocated = 1434.51
[GPU] memory reserved = 8776.58
Step 468000 | Loss: 1.0277
[GPU] memory allocated = 1434.51
[GPU] memory reserved = 8776.58
Step 469000 | Loss: 0.9260
[GPU] memory allocated = 1434.51
[GPU] memory reserved = 8776.58
Step 470000 | Loss: 0.9099
[GPU] memory allocated = 1434.51
[GPU] memory reserved = 8776.58
Step 471000 | Loss: 0.9196
[GPU] memory allocated = 1434.51
[GPU] memory reserved = 8776.58
Step 472000 | Loss: 0.9524
[GPU] memory allocated = 1434.51
[GPU] memory reserved = 8776.58
Step 473000 | Loss: 0.9379
[GPU] memory allocated = 1434.51
[GPU] memory reserved = 8776.58
Step 474000 | Loss: 0.9995
[GPU] memory allocated = 1434.51
[GPU] memory reserved = 8776.58
Step 475000 | Loss: 0.9618
[GPU] memory allocated = 1434.51
[GPU] memory reserved = 8776.58
Step 476000 | Loss: 0.9580
[GPU] memory allocated = 1434.51
[GPU] memory reserved = 8776.58
Step 477000 | Loss: 1.0864
[GPU] memory allocated = 1434.51
[GPU] memory reserved = 8776.58
Step 478000 | Loss: 1.0341
[GPU] memory allocated = 1434.51
[GPU] memory reserved = 8776.58
Step 479000 | Loss: 1.0364
[GPU] memory allocated = 1434.51
[GPU] memory reserved = 8776.58
Step 480000 | Loss: 0.9958
[GPU] memory allocated = 1434.51
[GPU] memory reserved = 8776.58
Step 481000 | Loss: 1.1386
[GPU] memory allocated = 1434.51
[GPU] memory reserved = 8776.58
Step 482000 | Loss: 0.9244
[GPU] memory allocated = 1434.51
[GPU] memory reserved = 8776.58
Step 483000 | Loss: 1.0425
[GPU] memory allocated = 1434.51
[GPU] memory reserved = 8776.58
Step 484000 | Loss: 0.9430
[GPU] memory allocated = 1434.51
[GPU] memory reserved = 8776.58
Step 485000 | Loss: 0.9940
[GPU] memory allocated = 1434.51
[GPU] memory reserved = 8776.58
Step 486000 | Loss: 0.9261
[GPU] memory allocated = 1434.51
[GPU] memory reserved = 8776.58
Step 487000 | Loss: 0.9833
[GPU] memory allocated = 1434.51
[GPU] memory reserved = 8776.58
Step 488000 | Loss: 1.0139
[GPU] memory allocated = 1434.51
[GPU] memory reserved = 8776.58
Step 489000 | Loss: 1.0633
[GPU] memory allocated = 1434.51
[GPU] memory reserved = 8776.58
Step 490000 | Loss: 1.1126
[GPU] memory allocated = 1434.51
[GPU] memory reserved = 8776.58
Step 491000 | Loss: 1.0443
[GPU] memory allocated = 1434.51
[GPU] memory reserved = 8776.58
Step 492000 | Loss: 1.0910
[GPU] memory allocated = 1434.51
[GPU] memory reserved = 8776.58
Step 493000 | Loss: 1.1359
[GPU] memory allocated = 1434.51
[GPU] memory reserved = 8776.58
Step 494000 | Loss: 1.0760
[GPU] memory allocated = 1434.51
[GPU] memory reserved = 8776.58
Step 495000 | Loss: 0.9398
[GPU] memory allocated = 1434.51
[GPU] memory reserved = 8776.58
Step 496000 | Loss: 1.0188
[GPU] memory allocated = 1434.51
[GPU] memory reserved = 8776.58
Step 497000 | Loss: 0.9345
[GPU] memory allocated = 1434.51
[GPU] memory reserved = 8776.58
Step 498000 | Loss: 1.0619
[GPU] memory allocated = 1434.51
[GPU] memory reserved = 8776.58
Step 499000 | Loss: 1.0355
[GPU] memory allocated = 1434.51
[GPU] memory reserved = 8776.58
Step 500000 | Loss: 1.0316
[GPU] memory allocated = 1434.51
[GPU] memory reserved = 8776.58
Step 501000 | Loss: 0.8603
[GPU] memory allocated = 1434.51
[GPU] memory reserved = 8776.58
Step 502000 | Loss: 0.8764
[GPU] memory allocated = 1434.51
[GPU] memory reserved = 8776.58
Step 503000 | Loss: 1.0642
[GPU] memory allocated = 1434.51
[GPU] memory reserved = 8776.58
Step 504000 | Loss: 1.1293
[GPU] memory allocated = 1434.51
[GPU] memory reserved = 8776.58
Step 505000 | Loss: 0.8064
[GPU] memory allocated = 1434.51
[GPU] memory reserved = 8776.58
Step 506000 | Loss: 0.9687
[GPU] memory allocated = 1434.51
[GPU] memory reserved = 8776.58
Step 507000 | Loss: 1.0370
[GPU] memory allocated = 1434.51
[GPU] memory reserved = 8776.58
Step 508000 | Loss: 0.8896
[GPU] memory allocated = 1434.51
[GPU] memory reserved = 8776.58
Step 509000 | Loss: 0.9970
[GPU] memory allocated = 1434.51
[GPU] memory reserved = 8776.58
Step 510000 | Loss: 1.0354
[GPU] memory allocated = 1434.51
[GPU] memory reserved = 8776.58
Step 511000 | Loss: 1.0386
[GPU] memory allocated = 1434.51
[GPU] memory reserved = 8776.58
Step 512000 | Loss: 1.0507
[GPU] memory allocated = 1434.51
[GPU] memory reserved = 8776.58
Step 513000 | Loss: 0.9593
[GPU] memory allocated = 1434.51
[GPU] memory reserved = 8776.58
Step 514000 | Loss: 1.0520
[GPU] memory allocated = 1434.51
[GPU] memory reserved = 8776.58
Step 515000 | Loss: 0.9525
[GPU] memory allocated = 1434.51
[GPU] memory reserved = 8776.58
Step 516000 | Loss: 1.0545
[GPU] memory allocated = 1434.51
[GPU] memory reserved = 8776.58
Step 517000 | Loss: 0.9350
[GPU] memory allocated = 1434.51
[GPU] memory reserved = 8776.58
Step 518000 | Loss: 1.0557
[GPU] memory allocated = 1434.51
[GPU] memory reserved = 8776.58
Step 519000 | Loss: 0.9649
[GPU] memory allocated = 1434.51
[GPU] memory reserved = 8776.58
Step 520000 | Loss: 1.0080
[GPU] memory allocated = 1434.51
[GPU] memory reserved = 8776.58
Step 521000 | Loss: 0.8966
[GPU] memory allocated = 1434.51
[GPU] memory reserved = 8776.58
Step 522000 | Loss: 0.9124
[GPU] memory allocated = 1434.51
[GPU] memory reserved = 8776.58
Step 523000 | Loss: 1.0172
[GPU] memory allocated = 1434.51
[GPU] memory reserved = 8776.58
Step 524000 | Loss: 1.0283
[GPU] memory allocated = 1434.51
[GPU] memory reserved = 8776.58
Step 525000 | Loss: 1.0186
[GPU] memory allocated = 1434.51
[GPU] memory reserved = 8776.58
Step 526000 | Loss: 1.0520
[GPU] memory allocated = 1434.51
[GPU] memory reserved = 8776.58
Step 527000 | Loss: 1.1202
[GPU] memory allocated = 1434.51
[GPU] memory reserved = 8776.58
Step 528000 | Loss: 0.9633
[GPU] memory allocated = 1434.51
[GPU] memory reserved = 8776.58
Step 529000 | Loss: 0.9759
[GPU] memory allocated = 1434.51
[GPU] memory reserved = 8776.58
Step 530000 | Loss: 1.0569
[GPU] memory allocated = 1434.51
[GPU] memory reserved = 8776.58
Step 531000 | Loss: 1.0343
[GPU] memory allocated = 1434.51
[GPU] memory reserved = 8776.58
Step 532000 | Loss: 1.0135
[GPU] memory allocated = 1434.51
[GPU] memory reserved = 8776.58
Step 533000 | Loss: 0.9615
[GPU] memory allocated = 1434.51
[GPU] memory reserved = 8776.58
Step 534000 | Loss: 0.8637
[GPU] memory allocated = 1434.51
[GPU] memory reserved = 8776.58
Step 535000 | Loss: 0.9539
[GPU] memory allocated = 1434.51
[GPU] memory reserved = 8776.58
Step 536000 | Loss: 1.0516
[GPU] memory allocated = 1434.51
[GPU] memory reserved = 8776.58
Step 537000 | Loss: 0.9981
[GPU] memory allocated = 1434.51
[GPU] memory reserved = 8776.58
Step 538000 | Loss: 0.8948
[GPU] memory allocated = 1434.51
[GPU] memory reserved = 8776.58
Step 539000 | Loss: 1.0408
[GPU] memory allocated = 1434.51
[GPU] memory reserved = 8776.58
Step 540000 | Loss: 1.0266
[GPU] memory allocated = 1434.51
[GPU] memory reserved = 8776.58
Step 541000 | Loss: 1.0345
[GPU] memory allocated = 1434.51
[GPU] memory reserved = 8776.58
Step 542000 | Loss: 0.9341
[GPU] memory allocated = 1434.51
[GPU] memory reserved = 8776.58
Step 543000 | Loss: 0.9237
[GPU] memory allocated = 1434.51
[GPU] memory reserved = 8776.58
Step 544000 | Loss: 1.1754
[GPU] memory allocated = 1434.51
[GPU] memory reserved = 8776.58
Step 545000 | Loss: 0.9731
[GPU] memory allocated = 1434.51
[GPU] memory reserved = 8776.58
Step 546000 | Loss: 0.9446
[GPU] memory allocated = 1434.51
[GPU] memory reserved = 8776.58
Step 547000 | Loss: 0.9740
[GPU] memory allocated = 1434.51
[GPU] memory reserved = 8776.58
Step 548000 | Loss: 1.0304
[GPU] memory allocated = 1434.51
[GPU] memory reserved = 8776.58
Step 549000 | Loss: 0.9957
[GPU] memory allocated = 1434.51
[GPU] memory reserved = 8776.58
Step 550000 | Loss: 0.9011
[GPU] memory allocated = 1434.51
[GPU] memory reserved = 8776.58
Step 551000 | Loss: 1.0025
[GPU] memory allocated = 1434.51
[GPU] memory reserved = 8776.58
Step 552000 | Loss: 1.0036
[GPU] memory allocated = 1434.51
[GPU] memory reserved = 8776.58
Step 553000 | Loss: 1.0103
[GPU] memory allocated = 1434.51
[GPU] memory reserved = 8776.58
Step 554000 | Loss: 0.9452
[GPU] memory allocated = 1434.51
[GPU] memory reserved = 8776.58
Step 555000 | Loss: 0.9665
[GPU] memory allocated = 1434.51
[GPU] memory reserved = 8776.58
Step 556000 | Loss: 1.0014
[GPU] memory allocated = 1434.51
[GPU] memory reserved = 8776.58
Step 557000 | Loss: 1.0243
[GPU] memory allocated = 1434.51
[GPU] memory reserved = 8776.58
Step 558000 | Loss: 1.0417
[GPU] memory allocated = 1434.51
[GPU] memory reserved = 8776.58
Step 559000 | Loss: 0.9569
[GPU] memory allocated = 1434.51
[GPU] memory reserved = 8776.58
Step 560000 | Loss: 0.9174
[GPU] memory allocated = 1434.51
[GPU] memory reserved = 8776.58
Step 561000 | Loss: 0.9120
[GPU] memory allocated = 1434.51
[GPU] memory reserved = 8776.58
Step 562000 | Loss: 1.0271
[GPU] memory allocated = 1434.51
[GPU] memory reserved = 8776.58
Step 563000 | Loss: 0.9612
[GPU] memory allocated = 1434.51
[GPU] memory reserved = 8776.58
Step 564000 | Loss: 1.0106
[GPU] memory allocated = 1434.51
[GPU] memory reserved = 8776.58
Step 565000 | Loss: 0.9509
[GPU] memory allocated = 1434.51
[GPU] memory reserved = 8776.58
Step 566000 | Loss: 0.9875
[GPU] memory allocated = 1434.51
[GPU] memory reserved = 8776.58
Step 567000 | Loss: 0.9527
[GPU] memory allocated = 1434.51
[GPU] memory reserved = 8776.58
Step 568000 | Loss: 1.0644
[GPU] memory allocated = 1434.51
[GPU] memory reserved = 8776.58
Step 569000 | Loss: 0.9543
[GPU] memory allocated = 1434.51
[GPU] memory reserved = 8776.58
Step 570000 | Loss: 1.0254
[GPU] memory allocated = 1434.51
[GPU] memory reserved = 8776.58
Step 571000 | Loss: 1.1213
[GPU] memory allocated = 1434.51
[GPU] memory reserved = 8776.58
Step 572000 | Loss: 1.0269
[GPU] memory allocated = 1434.51
[GPU] memory reserved = 8776.58
Step 573000 | Loss: 0.9821
[GPU] memory allocated = 1434.51
[GPU] memory reserved = 8776.58
Step 574000 | Loss: 1.1314
[GPU] memory allocated = 1434.51
[GPU] memory reserved = 8776.58
Step 575000 | Loss: 0.9947
[GPU] memory allocated = 1434.51
[GPU] memory reserved = 8776.58
Step 576000 | Loss: 1.1673
[GPU] memory allocated = 1434.51
[GPU] memory reserved = 8776.58
Step 577000 | Loss: 0.9863
[GPU] memory allocated = 1434.51
[GPU] memory reserved = 8776.58
Step 578000 | Loss: 0.9424
[GPU] memory allocated = 1434.51
[GPU] memory reserved = 8776.58
Step 579000 | Loss: 0.9437
[GPU] memory allocated = 1434.51
[GPU] memory reserved = 8776.58
Step 580000 | Loss: 1.1576
[GPU] memory allocated = 1434.51
[GPU] memory reserved = 8776.58
Step 581000 | Loss: 0.8774
[GPU] memory allocated = 1434.51
[GPU] memory reserved = 8776.58
Step 582000 | Loss: 1.0892
[GPU] memory allocated = 1434.51
[GPU] memory reserved = 8776.58
Step 583000 | Loss: 0.9323
[GPU] memory allocated = 1434.51
[GPU] memory reserved = 8776.58
Step 584000 | Loss: 1.0723
[GPU] memory allocated = 1434.51
[GPU] memory reserved = 8776.58
Step 585000 | Loss: 0.9380
[GPU] memory allocated = 1434.51
[GPU] memory reserved = 8776.58
Step 586000 | Loss: 1.0530
[GPU] memory allocated = 1434.51
[GPU] memory reserved = 8776.58
Step 587000 | Loss: 0.9570
[GPU] memory allocated = 1434.51
[GPU] memory reserved = 8776.58
Step 588000 | Loss: 1.0173
[GPU] memory allocated = 1434.51
[GPU] memory reserved = 8776.58
Step 589000 | Loss: 0.9619
[GPU] memory allocated = 1434.51
[GPU] memory reserved = 8776.58
Step 590000 | Loss: 0.9975
[GPU] memory allocated = 1434.51
[GPU] memory reserved = 8776.58
Step 591000 | Loss: 0.9135
[GPU] memory allocated = 1434.51
[GPU] memory reserved = 8776.58
Step 592000 | Loss: 1.0249
[GPU] memory allocated = 1434.51
[GPU] memory reserved = 8776.58
Step 593000 | Loss: 0.8927
[GPU] memory allocated = 1434.51
[GPU] memory reserved = 8776.58
Step 594000 | Loss: 1.0026
[GPU] memory allocated = 1434.51
[GPU] memory reserved = 8776.58
Step 595000 | Loss: 1.0319
[GPU] memory allocated = 1434.51
[GPU] memory reserved = 8776.58
Step 596000 | Loss: 1.0457
[GPU] memory allocated = 1434.51
[GPU] memory reserved = 8776.58
Step 597000 | Loss: 0.8719
[GPU] memory allocated = 1434.51
[GPU] memory reserved = 8776.58
Step 598000 | Loss: 0.9019
[GPU] memory allocated = 1434.51
[GPU] memory reserved = 8776.58
Step 599000 | Loss: 1.0770
[GPU] memory allocated = 1434.51
[GPU] memory reserved = 8776.58
Step 600000 | Loss: 1.0899
[GPU] memory allocated = 1434.51
[GPU] memory reserved = 8776.58
Step 601000 | Loss: 1.0249
[GPU] memory allocated = 1434.51
[GPU] memory reserved = 8776.58
Step 602000 | Loss: 0.9138
[GPU] memory allocated = 1434.51
[GPU] memory reserved = 8776.58
Step 603000 | Loss: 0.9421
[GPU] memory allocated = 1434.51
[GPU] memory reserved = 8776.58
Step 604000 | Loss: 0.9397
[GPU] memory allocated = 1434.51
[GPU] memory reserved = 8776.58
Step 605000 | Loss: 1.0782
[GPU] memory allocated = 1434.51
[GPU] memory reserved = 8776.58
Step 606000 | Loss: 1.0317
[GPU] memory allocated = 1434.51
[GPU] memory reserved = 8776.58
Step 607000 | Loss: 1.0693
[GPU] memory allocated = 1434.51
[GPU] memory reserved = 8776.58
Step 608000 | Loss: 1.0058
[GPU] memory allocated = 1434.51
[GPU] memory reserved = 8776.58
Step 609000 | Loss: 1.0559
[GPU] memory allocated = 1434.51
[GPU] memory reserved = 8776.58
Step 610000 | Loss: 1.0311
[GPU] memory allocated = 1434.51
[GPU] memory reserved = 8776.58
Step 611000 | Loss: 1.0392
[GPU] memory allocated = 1434.51
[GPU] memory reserved = 8776.58
Step 612000 | Loss: 0.8398
[GPU] memory allocated = 1434.51
[GPU] memory reserved = 8776.58
Step 613000 | Loss: 0.9721
[GPU] memory allocated = 1434.51
[GPU] memory reserved = 8776.58
Step 614000 | Loss: 0.9403
[GPU] memory allocated = 1434.51
[GPU] memory reserved = 8776.58
Step 615000 | Loss: 0.9973
[GPU] memory allocated = 1434.51
[GPU] memory reserved = 8776.58
Step 616000 | Loss: 0.9619
[GPU] memory allocated = 1434.51
[GPU] memory reserved = 8776.58
Step 617000 | Loss: 0.9881
[GPU] memory allocated = 1434.51
[GPU] memory reserved = 8776.58
Step 618000 | Loss: 0.9564
[GPU] memory allocated = 1434.51
[GPU] memory reserved = 8776.58
Step 619000 | Loss: 1.0738
[GPU] memory allocated = 1434.51
[GPU] memory reserved = 8776.58
Step 620000 | Loss: 1.0148
[GPU] memory allocated = 1434.51
[GPU] memory reserved = 8776.58
Step 621000 | Loss: 1.1011
[GPU] memory allocated = 1434.51
[GPU] memory reserved = 8776.58
Step 622000 | Loss: 1.0306
[GPU] memory allocated = 1434.51
[GPU] memory reserved = 8776.58
Step 623000 | Loss: 1.0002
[GPU] memory allocated = 1434.51
[GPU] memory reserved = 8776.58
Step 624000 | Loss: 0.9384
[GPU] memory allocated = 1434.51
[GPU] memory reserved = 8776.58
Step 625000 | Loss: 0.9703
[GPU] memory allocated = 1434.51
[GPU] memory reserved = 8776.58
Step 626000 | Loss: 1.1048
[GPU] memory allocated = 1434.51
[GPU] memory reserved = 8776.58
Step 627000 | Loss: 0.9858
[GPU] memory allocated = 1434.51
[GPU] memory reserved = 8776.58
Step 628000 | Loss: 0.9937
[GPU] memory allocated = 1434.51
[GPU] memory reserved = 8776.58
Step 629000 | Loss: 0.9336
[GPU] memory allocated = 1434.51
[GPU] memory reserved = 8776.58
Step 630000 | Loss: 0.9454
[GPU] memory allocated = 1434.51
[GPU] memory reserved = 8776.58
Step 631000 | Loss: 1.0405
[GPU] memory allocated = 1434.51
[GPU] memory reserved = 8776.58
Step 632000 | Loss: 1.1222
[GPU] memory allocated = 1434.51
[GPU] memory reserved = 8776.58
Step 633000 | Loss: 1.0053
[GPU] memory allocated = 1434.51
[GPU] memory reserved = 8776.58
Step 634000 | Loss: 1.0127
[GPU] memory allocated = 1434.51
[GPU] memory reserved = 8776.58
Step 635000 | Loss: 1.0648
[GPU] memory allocated = 1434.51
[GPU] memory reserved = 8776.58
Step 636000 | Loss: 1.0523
[GPU] memory allocated = 1434.51
[GPU] memory reserved = 8776.58
Step 637000 | Loss: 0.9276
[GPU] memory allocated = 1434.51
[GPU] memory reserved = 8776.58
Step 638000 | Loss: 0.9565
[GPU] memory allocated = 1434.51
[GPU] memory reserved = 8776.58
Step 639000 | Loss: 1.0098
[GPU] memory allocated = 1434.51
[GPU] memory reserved = 8776.58
Step 640000 | Loss: 0.9403
[GPU] memory allocated = 1434.51
[GPU] memory reserved = 8776.58
Step 641000 | Loss: 1.0541
[GPU] memory allocated = 1434.51
[GPU] memory reserved = 8776.58
Step 642000 | Loss: 0.7685
[GPU] memory allocated = 1434.51
[GPU] memory reserved = 8776.58
Step 643000 | Loss: 0.9934
[GPU] memory allocated = 1434.51
[GPU] memory reserved = 8776.58
Step 644000 | Loss: 0.8595
[GPU] memory allocated = 1434.51
[GPU] memory reserved = 8776.58
Step 645000 | Loss: 0.9330
[GPU] memory allocated = 1434.51
[GPU] memory reserved = 8776.58
Step 646000 | Loss: 0.9543
[GPU] memory allocated = 1434.51
[GPU] memory reserved = 8776.58
Step 647000 | Loss: 0.9735
[GPU] memory allocated = 1434.51
[GPU] memory reserved = 8776.58
Step 648000 | Loss: 0.9604
[GPU] memory allocated = 1434.51
[GPU] memory reserved = 8776.58
Step 649000 | Loss: 1.0223
[GPU] memory allocated = 1434.51
[GPU] memory reserved = 8776.58
Step 650000 | Loss: 0.9883
[GPU] memory allocated = 1434.51
[GPU] memory reserved = 8776.58
Step 651000 | Loss: 0.9530
[GPU] memory allocated = 1434.51
[GPU] memory reserved = 8776.58
Step 652000 | Loss: 1.0032
[GPU] memory allocated = 1434.51
[GPU] memory reserved = 8776.58
Step 653000 | Loss: 0.9725
[GPU] memory allocated = 1434.51
[GPU] memory reserved = 8776.58
Step 654000 | Loss: 1.0237
[GPU] memory allocated = 1434.51
[GPU] memory reserved = 8776.58
Step 655000 | Loss: 0.9917
[GPU] memory allocated = 1434.51
[GPU] memory reserved = 8776.58
Step 656000 | Loss: 0.8580
[GPU] memory allocated = 1434.51
[GPU] memory reserved = 8776.58
Step 657000 | Loss: 1.0454
[GPU] memory allocated = 1434.51
[GPU] memory reserved = 8776.58
Step 658000 | Loss: 0.9692
[GPU] memory allocated = 1434.51
[GPU] memory reserved = 8776.58
Step 659000 | Loss: 0.9124
[GPU] memory allocated = 1434.51
[GPU] memory reserved = 8776.58
Step 660000 | Loss: 0.9601
[GPU] memory allocated = 1434.51
[GPU] memory reserved = 8776.58
Step 661000 | Loss: 1.0714
[GPU] memory allocated = 1434.51
[GPU] memory reserved = 8776.58
Step 662000 | Loss: 1.0471
[GPU] memory allocated = 1434.51
[GPU] memory reserved = 8776.58
Step 663000 | Loss: 1.0061
[GPU] memory allocated = 1434.51
[GPU] memory reserved = 8776.58
Step 664000 | Loss: 0.9322
[GPU] memory allocated = 1434.51
[GPU] memory reserved = 8776.58
Step 665000 | Loss: 1.0605
[GPU] memory allocated = 1434.51
[GPU] memory reserved = 8776.58
Step 666000 | Loss: 0.9969
[GPU] memory allocated = 1434.51
[GPU] memory reserved = 8776.58
Step 667000 | Loss: 0.9780
[GPU] memory allocated = 1434.51
[GPU] memory reserved = 8776.58
Step 668000 | Loss: 0.9685
[GPU] memory allocated = 1434.51
[GPU] memory reserved = 8776.58
Step 669000 | Loss: 1.0659
[GPU] memory allocated = 1434.51
[GPU] memory reserved = 8776.58
Step 670000 | Loss: 0.9172
[GPU] memory allocated = 1434.51
[GPU] memory reserved = 8776.58
Step 671000 | Loss: 0.8950
[GPU] memory allocated = 1434.51
[GPU] memory reserved = 8776.58
Step 672000 | Loss: 0.9668
[GPU] memory allocated = 1434.51
[GPU] memory reserved = 8776.58
Step 673000 | Loss: 0.9210
[GPU] memory allocated = 1434.51
[GPU] memory reserved = 8776.58
Step 674000 | Loss: 0.9802
[GPU] memory allocated = 1434.51
[GPU] memory reserved = 8776.58
Step 675000 | Loss: 1.0425
[GPU] memory allocated = 1434.51
[GPU] memory reserved = 8776.58
Step 676000 | Loss: 1.0483
[GPU] memory allocated = 1434.51
[GPU] memory reserved = 8776.58
Step 677000 | Loss: 0.9594
[GPU] memory allocated = 1434.51
[GPU] memory reserved = 8776.58
Step 678000 | Loss: 0.9436
[GPU] memory allocated = 1434.51
[GPU] memory reserved = 8776.58
Step 679000 | Loss: 0.9602
[GPU] memory allocated = 1434.51
[GPU] memory reserved = 8776.58
Step 680000 | Loss: 0.9535
[GPU] memory allocated = 1434.51
[GPU] memory reserved = 8776.58
Step 681000 | Loss: 0.8908
[GPU] memory allocated = 1434.51
[GPU] memory reserved = 8776.58
Step 682000 | Loss: 0.8954
[GPU] memory allocated = 1434.51
[GPU] memory reserved = 8776.58
Step 683000 | Loss: 0.8608
[GPU] memory allocated = 1434.51
[GPU] memory reserved = 8776.58
Step 684000 | Loss: 0.9557
[GPU] memory allocated = 1434.51
[GPU] memory reserved = 8776.58
Step 685000 | Loss: 1.0355
[GPU] memory allocated = 1434.51
[GPU] memory reserved = 8776.58
Step 686000 | Loss: 0.9486
[GPU] memory allocated = 1434.51
[GPU] memory reserved = 8776.58
Step 687000 | Loss: 0.9133
[GPU] memory allocated = 1434.51
[GPU] memory reserved = 8776.58
Step 688000 | Loss: 0.8462
[GPU] memory allocated = 1434.51
[GPU] memory reserved = 8776.58
Step 689000 | Loss: 0.9903
[GPU] memory allocated = 1434.51
[GPU] memory reserved = 8776.58
Step 690000 | Loss: 0.8323
[GPU] memory allocated = 1434.51
[GPU] memory reserved = 8776.58
Step 691000 | Loss: 1.0413
[GPU] memory allocated = 1434.51
[GPU] memory reserved = 8776.58
Step 692000 | Loss: 0.9149
[GPU] memory allocated = 1434.51
[GPU] memory reserved = 8776.58
Step 693000 | Loss: 0.8934
[GPU] memory allocated = 1434.51
[GPU] memory reserved = 8776.58
Step 694000 | Loss: 1.0311
[GPU] memory allocated = 1434.51
[GPU] memory reserved = 8776.58
Step 695000 | Loss: 1.0419
[GPU] memory allocated = 1434.51
[GPU] memory reserved = 8776.58
Step 696000 | Loss: 1.0033
[GPU] memory allocated = 1434.51
[GPU] memory reserved = 8776.58
Step 697000 | Loss: 1.0631
[debug] Lenght of validation loader = 36731
Epoch 1 | Training Loss: 1.08 | Validation Loss: 1.5947
Epoch 2 | LR: 0.000967
