Fri May 16 00:01:30 2025       
+-----------------------------------------------------------------------------------------+
| NVIDIA-SMI 550.144.03             Driver Version: 550.144.03     CUDA Version: 12.4     |
|-----------------------------------------+------------------------+----------------------+
| GPU  Name                 Persistence-M | Bus-Id          Disp.A | Volatile Uncorr. ECC |
| Fan  Temp   Perf          Pwr:Usage/Cap |           Memory-Usage | GPU-Util  Compute M. |
|                                         |                        |               MIG M. |
|=========================================+========================+======================|
|   0  NVIDIA A100-SXM4-80GB          On  |   00000000:01:00.0 Off |                    0 |
| N/A   30C    P0             56W /  500W |       1MiB /  81920MiB |      0%      Default |
|                                         |                        |             Disabled |
+-----------------------------------------+------------------------+----------------------+
                                                                                         
+-----------------------------------------------------------------------------------------+
| Processes:                                                                              |
|  GPU   GI   CI        PID   Type   Process name                              GPU Memory |
|        ID   ID                                                               Usage      |
|=========================================================================================|
|  No running processes found                                                             |
+-----------------------------------------------------------------------------------------+
              total        used        free      shared  buff/cache   available
Mem:           503G         10G        357G        1.5G        135G        490G
Swap:           31G        234M         31G
pid, used_gpu_memory [MiB]
cuda available: True
device being used: cuda
Using device: cuda
Model device: cuda:0
Running Baseline Model
Epoch 1 | Starting warmup...
Step 1000 | Loss: 2.6854
Step 2000 | Loss: 2.2495
Step 3000 | Loss: 2.1834
Step 4000 | Loss: 2.1725
Step 5000 | Loss: 2.0876
Step 6000 | Loss: 1.9903
Step 7000 | Loss: 2.0613
Step 8000 | Loss: 1.9338
Step 9000 | Loss: 1.8553
Step 10000 | Loss: 1.8906
Step 11000 | Loss: 1.9572
Step 12000 | Loss: 1.8760
Step 13000 | Loss: 1.9359
Step 14000 | Loss: 1.7523
Step 15000 | Loss: 1.9034
Step 16000 | Loss: 1.6316
Step 17000 | Loss: 1.7916
Step 18000 | Loss: 1.8214
Step 19000 | Loss: 1.7558
Step 20000 | Loss: 1.8848
Step 21000 | Loss: 1.7782
Step 22000 | Loss: 1.7112
Step 23000 | Loss: 1.8276
Step 24000 | Loss: 1.7538
Step 25000 | Loss: 1.9045
Step 26000 | Loss: 1.8185
Step 27000 | Loss: 1.9258
Step 28000 | Loss: 1.8107
Step 29000 | Loss: 1.7021
Step 30000 | Loss: 1.7853
Step 31000 | Loss: 1.7133
Step 32000 | Loss: 1.8053
Step 33000 | Loss: 1.8144
Step 34000 | Loss: 1.7517
Step 35000 | Loss: 1.6823
Step 36000 | Loss: 1.7370
Step 37000 | Loss: 1.6751
Step 38000 | Loss: 1.7088
Step 39000 | Loss: 1.8236
Step 40000 | Loss: 1.7553
Step 41000 | Loss: 1.8045
Step 42000 | Loss: 1.7146
Step 43000 | Loss: 1.7491
Step 44000 | Loss: 1.6975
Step 45000 | Loss: 1.7407
Step 46000 | Loss: 1.7997
Step 47000 | Loss: 1.6774
Step 48000 | Loss: 1.7330
Step 49000 | Loss: 1.8934
Step 50000 | Loss: 1.7188
Step 51000 | Loss: 1.7622
Step 52000 | Loss: 1.6423
Step 53000 | Loss: 1.6662
Step 54000 | Loss: 1.5741
Step 55000 | Loss: 1.7308
Step 56000 | Loss: 1.8108
Step 57000 | Loss: 1.6712
Step 58000 | Loss: 1.6852
Step 59000 | Loss: 1.7476
Step 60000 | Loss: 1.7218
Step 61000 | Loss: 1.6228
Step 62000 | Loss: 1.8306
Step 63000 | Loss: 1.7067
Step 64000 | Loss: 1.9299
Step 65000 | Loss: 1.6697
Step 66000 | Loss: 1.6513
Step 67000 | Loss: 1.6874
Step 68000 | Loss: 1.8464
Step 69000 | Loss: 1.6112
Step 70000 | Loss: 1.9060
Step 71000 | Loss: 1.7359
Step 72000 | Loss: 1.6450
Step 73000 | Loss: 1.7214
Step 74000 | Loss: 1.7218
Step 75000 | Loss: 1.6594
Step 76000 | Loss: 1.7324
Step 77000 | Loss: 1.5799
Step 78000 | Loss: 1.7409
Step 79000 | Loss: 1.7334
Step 80000 | Loss: 1.6843
Step 81000 | Loss: 1.8066
Step 82000 | Loss: 1.7024
Step 83000 | Loss: 1.7104
Step 84000 | Loss: 1.5579
Step 85000 | Loss: 1.7350
Step 86000 | Loss: 1.6708
Step 87000 | Loss: 1.6603
Step 88000 | Loss: 1.6754
Step 89000 | Loss: 1.6024
Step 90000 | Loss: 1.6692
Step 91000 | Loss: 1.7254
Step 92000 | Loss: 1.7059
Step 93000 | Loss: 1.7514
Step 94000 | Loss: 1.6292
Step 95000 | Loss: 1.6984
Step 96000 | Loss: 1.6852
Step 97000 | Loss: 1.5342
Step 98000 | Loss: 1.7268
Step 99000 | Loss: 1.6048
Step 100000 | Loss: 1.6797
Step 101000 | Loss: 1.6474
Step 102000 | Loss: 1.5883
Step 103000 | Loss: 1.6385
Step 104000 | Loss: 1.7087
Step 105000 | Loss: 1.7089
Step 106000 | Loss: 1.5571
Step 107000 | Loss: 1.7251
Step 108000 | Loss: 1.7781
Step 109000 | Loss: 1.6557
Step 110000 | Loss: 1.6837
Step 111000 | Loss: 1.6628
Step 112000 | Loss: 1.6214
Step 113000 | Loss: 1.6333
Step 114000 | Loss: 1.6917
Step 115000 | Loss: 1.6966
Step 116000 | Loss: 1.6542
Step 117000 | Loss: 1.7342
Step 118000 | Loss: 1.6398
Step 119000 | Loss: 1.6792
Step 120000 | Loss: 1.5582
Step 121000 | Loss: 1.5833
Step 122000 | Loss: 1.6884
Step 123000 | Loss: 1.7253
Step 124000 | Loss: 1.6431
Step 125000 | Loss: 1.6631
Step 126000 | Loss: 1.5967
Step 127000 | Loss: 1.6596
Step 128000 | Loss: 1.6683
Step 129000 | Loss: 1.6670
Step 130000 | Loss: 1.6763
Step 131000 | Loss: 1.7484
Step 132000 | Loss: 1.6673
Step 133000 | Loss: 1.6495
Step 134000 | Loss: 1.6718
Step 135000 | Loss: 1.7928
Step 136000 | Loss: 1.7219
Step 137000 | Loss: 1.6952
Step 138000 | Loss: 1.5698
Step 139000 | Loss: 1.5821
Step 140000 | Loss: 1.7108
Step 141000 | Loss: 1.6327
Step 142000 | Loss: 1.6886
Step 143000 | Loss: 1.7009
Step 144000 | Loss: 1.5177
Step 145000 | Loss: 1.6732
Step 146000 | Loss: 1.6531
Step 147000 | Loss: 1.7280
Step 148000 | Loss: 1.6708
Step 149000 | Loss: 1.5622
Step 150000 | Loss: 1.7679
Step 151000 | Loss: 1.6416
Step 152000 | Loss: 1.6915
Step 153000 | Loss: 1.6996
Step 154000 | Loss: 1.6794
Step 155000 | Loss: 1.6920
Step 156000 | Loss: 1.7045
Step 157000 | Loss: 1.6743
Step 158000 | Loss: 1.6760
Step 159000 | Loss: 1.5873
Step 160000 | Loss: 1.4944
Step 161000 | Loss: 1.6832
Step 162000 | Loss: 1.6833
Step 163000 | Loss: 1.5691
Step 164000 | Loss: 1.5652
Step 165000 | Loss: 1.5215
Step 166000 | Loss: 1.6549
Step 167000 | Loss: 1.5273
Step 168000 | Loss: 1.5918
Step 169000 | Loss: 1.6939
Step 170000 | Loss: 1.6647
Step 171000 | Loss: 1.7038
Step 172000 | Loss: 1.6324
Step 173000 | Loss: 1.6745
Step 174000 | Loss: 1.6441
Step 175000 | Loss: 1.6908
Step 176000 | Loss: 1.6023
Step 177000 | Loss: 1.4981
Step 178000 | Loss: 1.6461
Step 179000 | Loss: 1.6051
Step 180000 | Loss: 1.5528
Step 181000 | Loss: 1.6551
Step 182000 | Loss: 1.6830
Step 183000 | Loss: 1.6040
Step 184000 | Loss: 1.4939
Step 185000 | Loss: 1.6124
Step 186000 | Loss: 1.6149
Step 187000 | Loss: 1.6816
Step 188000 | Loss: 1.6584
Step 189000 | Loss: 1.6796
Step 190000 | Loss: 1.7632
Step 191000 | Loss: 1.7404
Step 192000 | Loss: 1.6773
Step 193000 | Loss: 1.7010
Step 194000 | Loss: 1.6941
Step 195000 | Loss: 1.5660
Step 196000 | Loss: 1.5453
Step 197000 | Loss: 1.7052
Step 198000 | Loss: 1.5853
Step 199000 | Loss: 1.6506
Step 200000 | Loss: 1.7701
Step 201000 | Loss: 1.6622
Step 202000 | Loss: 1.6264
Step 203000 | Loss: 1.6372
Step 204000 | Loss: 1.6179
Step 205000 | Loss: 1.5300
Step 206000 | Loss: 1.6470
Step 207000 | Loss: 1.6553
Step 208000 | Loss: 1.5790
Step 209000 | Loss: 1.6291
Step 210000 | Loss: 1.4636
Step 211000 | Loss: 1.5989
Step 212000 | Loss: 1.6450
Step 213000 | Loss: 1.6364
Step 214000 | Loss: 1.7120
Step 215000 | Loss: 1.6651
Step 216000 | Loss: 1.6003
Step 217000 | Loss: 1.6426
Step 218000 | Loss: 1.6275
Step 219000 | Loss: 1.7144
Step 220000 | Loss: 1.6624
Step 221000 | Loss: 1.6585
Step 222000 | Loss: 1.6236
Step 223000 | Loss: 1.7206
Step 224000 | Loss: 1.6748
Step 225000 | Loss: 1.5549
Step 226000 | Loss: 1.6814
Step 227000 | Loss: 1.4484
Step 228000 | Loss: 1.5715
Step 229000 | Loss: 1.5557
Step 230000 | Loss: 1.7485
Step 231000 | Loss: 1.4681
Step 232000 | Loss: 1.6899
Step 233000 | Loss: 1.6289
Step 234000 | Loss: 1.6761
Step 235000 | Loss: 1.6662
Step 236000 | Loss: 1.7165
Step 237000 | Loss: 1.6826
Step 238000 | Loss: 1.7132
Step 239000 | Loss: 1.6288
Step 240000 | Loss: 1.6228
Step 241000 | Loss: 1.6215
Step 242000 | Loss: 1.7083
Step 243000 | Loss: 1.6538
Step 244000 | Loss: 1.6382
Step 245000 | Loss: 1.5983
Step 246000 | Loss: 1.6276
Step 247000 | Loss: 1.6023
Step 248000 | Loss: 1.6104
Step 249000 | Loss: 1.6937
Step 250000 | Loss: 1.7568
Step 251000 | Loss: 1.5338
Step 252000 | Loss: 1.5336
Step 253000 | Loss: 1.6689
Step 254000 | Loss: 1.6700
Step 255000 | Loss: 1.6028
Step 256000 | Loss: 1.6026
Step 257000 | Loss: 1.6939
Step 258000 | Loss: 1.4974
Step 259000 | Loss: 1.7434
Step 260000 | Loss: 1.5750
Step 261000 | Loss: 1.5875
Step 262000 | Loss: 1.5288
Step 263000 | Loss: 1.6274
Step 264000 | Loss: 1.6681
Step 265000 | Loss: 1.5216
Step 266000 | Loss: 1.6642
Step 267000 | Loss: 1.7046
Step 268000 | Loss: 1.6720
Step 269000 | Loss: 1.5894
Step 270000 | Loss: 1.5975
Step 271000 | Loss: 1.7398
Step 272000 | Loss: 1.5459
Step 273000 | Loss: 1.6967
Step 274000 | Loss: 1.7306
Step 275000 | Loss: 1.4902
Step 276000 | Loss: 1.6688
Step 277000 | Loss: 1.4446
Step 278000 | Loss: 1.6778
Step 279000 | Loss: 1.5795
Step 280000 | Loss: 1.6635
Step 281000 | Loss: 1.6229
Step 282000 | Loss: 1.6238
Step 283000 | Loss: 1.7450
Step 284000 | Loss: 1.6080
Step 285000 | Loss: 1.7374
Step 286000 | Loss: 1.5861
Step 287000 | Loss: 1.5968
Step 288000 | Loss: 1.6229
Step 289000 | Loss: 1.5358
Step 290000 | Loss: 1.6228
Step 291000 | Loss: 1.5756
Step 292000 | Loss: 1.6034
Step 293000 | Loss: 1.5860
Step 294000 | Loss: 1.6020
Step 295000 | Loss: 1.6186
Step 296000 | Loss: 1.6588
Step 297000 | Loss: 1.6639
Step 298000 | Loss: 1.5707
Step 299000 | Loss: 1.5969
Step 300000 | Loss: 1.6327
Step 301000 | Loss: 1.5394
Step 302000 | Loss: 1.6093
Step 303000 | Loss: 1.6374
Step 304000 | Loss: 1.7834
Step 305000 | Loss: 1.6102
Step 306000 | Loss: 1.6560
Step 307000 | Loss: 1.8017
Step 308000 | Loss: 1.7306
Step 309000 | Loss: 1.5802
Step 310000 | Loss: 1.6540
Step 311000 | Loss: 1.6496
Step 312000 | Loss: 1.7231
Step 313000 | Loss: 1.4842
Step 314000 | Loss: 1.7122
Step 315000 | Loss: 1.6061
Step 316000 | Loss: 1.6743
Step 317000 | Loss: 1.6086
Step 318000 | Loss: 1.5635
Step 319000 | Loss: 1.6801
Step 320000 | Loss: 1.5324
Step 321000 | Loss: 1.5799
Step 322000 | Loss: 1.6180
Step 323000 | Loss: 1.6290
Step 324000 | Loss: 1.5459
Step 325000 | Loss: 1.7408
Step 326000 | Loss: 1.5310
Step 327000 | Loss: 1.6167
Step 328000 | Loss: 1.6344
Step 329000 | Loss: 1.6722
Step 330000 | Loss: 1.6800
Step 331000 | Loss: 1.6147
Step 332000 | Loss: 1.6507
Step 333000 | Loss: 1.6818
Step 334000 | Loss: 1.6080
Step 335000 | Loss: 1.5291
Step 336000 | Loss: 1.6497
Step 337000 | Loss: 1.6296
Step 338000 | Loss: 1.6265
Step 339000 | Loss: 1.6168
Step 340000 | Loss: 1.5542
Step 341000 | Loss: 1.5719
Step 342000 | Loss: 1.6734
Step 343000 | Loss: 1.5262
Step 344000 | Loss: 1.7216
Step 345000 | Loss: 1.6395
Step 346000 | Loss: 1.6488
Step 347000 | Loss: 1.6312
Step 348000 | Loss: 1.7610
Step 349000 | Loss: 1.6883
Step 350000 | Loss: 1.6331
Step 351000 | Loss: 1.5988
Step 352000 | Loss: 1.5925
Step 353000 | Loss: 1.7106
Step 354000 | Loss: 1.5006
Step 355000 | Loss: 1.6971
Step 356000 | Loss: 1.6184
Step 357000 | Loss: 1.7454
Step 358000 | Loss: 1.5493
Step 359000 | Loss: 1.5875
Step 360000 | Loss: 1.4486
Step 361000 | Loss: 1.6191
Step 362000 | Loss: 1.5725
Step 363000 | Loss: 1.7214
Step 364000 | Loss: 1.6435
Step 365000 | Loss: 1.6479
Step 366000 | Loss: 1.4719
Step 367000 | Loss: 1.5373
Step 368000 | Loss: 1.6824
Step 369000 | Loss: 1.7118
Step 370000 | Loss: 1.7309
Step 371000 | Loss: 1.5733
Step 372000 | Loss: 1.7515
Step 373000 | Loss: 1.5752
Step 374000 | Loss: 1.6652
Step 375000 | Loss: 1.5997
Step 376000 | Loss: 1.5673
Step 377000 | Loss: 1.6241
Step 378000 | Loss: 1.6197
Step 379000 | Loss: 1.6325
Step 380000 | Loss: 1.5576
Step 381000 | Loss: 1.5346
Step 382000 | Loss: 1.5592
Step 383000 | Loss: 1.5873
Step 384000 | Loss: 1.6588
Step 385000 | Loss: 1.5082
Step 386000 | Loss: 1.5156
Step 387000 | Loss: 1.6057
Step 388000 | Loss: 1.6166
Step 389000 | Loss: 1.6098
Step 390000 | Loss: 1.6574
Step 391000 | Loss: 1.7143
Step 392000 | Loss: 1.5114
Step 393000 | Loss: 1.6921
Step 394000 | Loss: 1.5144
Step 395000 | Loss: 1.5899
Step 396000 | Loss: 1.4946
Step 397000 | Loss: 1.6177
Step 398000 | Loss: 1.6284
Step 399000 | Loss: 1.6581
Step 400000 | Loss: 1.6361
Step 401000 | Loss: 1.6175
Step 402000 | Loss: 1.5873
Step 403000 | Loss: 1.7309
Step 404000 | Loss: 1.6869
Step 405000 | Loss: 1.5541
Step 406000 | Loss: 1.5964
Step 407000 | Loss: 1.6794
Step 408000 | Loss: 1.5441
Step 409000 | Loss: 1.6541
Step 410000 | Loss: 1.6232
Step 411000 | Loss: 1.6095
Step 412000 | Loss: 1.7272
Step 413000 | Loss: 1.6160
Step 414000 | Loss: 1.5446
Step 415000 | Loss: 1.6425
Step 416000 | Loss: 1.6525
Step 417000 | Loss: 1.6959
Step 418000 | Loss: 1.6184
Step 419000 | Loss: 1.6424
Step 420000 | Loss: 1.5544
Step 421000 | Loss: 1.6593
Step 422000 | Loss: 1.6362
Step 423000 | Loss: 1.6504
Step 424000 | Loss: 1.5727
Step 425000 | Loss: 1.6077
Step 426000 | Loss: 1.5177
Step 427000 | Loss: 1.5924
Step 428000 | Loss: 1.5584
Step 429000 | Loss: 1.5575
Step 430000 | Loss: 1.5222
Step 431000 | Loss: 1.5430
Step 432000 | Loss: 1.6004
Step 433000 | Loss: 1.5567
Step 434000 | Loss: 1.4745
Step 435000 | Loss: 1.5923
Step 436000 | Loss: 1.6591
Step 437000 | Loss: 1.6160
Step 438000 | Loss: 1.6704
Step 439000 | Loss: 1.6555
Step 440000 | Loss: 1.6366
Step 441000 | Loss: 1.7658
Step 442000 | Loss: 1.6375
Step 443000 | Loss: 1.5885
Step 444000 | Loss: 1.5909
Step 445000 | Loss: 1.6491
Step 446000 | Loss: 1.5754
Step 447000 | Loss: 1.6414
Step 448000 | Loss: 1.5885
Step 449000 | Loss: 1.6310
Step 450000 | Loss: 1.6134
Step 451000 | Loss: 1.6298
Step 452000 | Loss: 1.7762
Step 453000 | Loss: 1.6364
Step 454000 | Loss: 1.5828
Step 455000 | Loss: 1.7516
Step 456000 | Loss: 1.6638
Step 457000 | Loss: 1.7027
Step 458000 | Loss: 1.5962
Step 459000 | Loss: 1.6294
Step 460000 | Loss: 1.3653
Step 461000 | Loss: 1.6896
Step 462000 | Loss: 1.6338
Step 463000 | Loss: 1.6621
Step 464000 | Loss: 1.5144
Step 465000 | Loss: 1.6324
Step 466000 | Loss: 1.5563
Step 467000 | Loss: 1.5155
Step 468000 | Loss: 1.5879
Step 469000 | Loss: 1.5657
Step 470000 | Loss: 1.5454
Step 471000 | Loss: 1.7039
Step 472000 | Loss: 1.5958
Step 473000 | Loss: 1.4531
Step 474000 | Loss: 1.6539
Step 475000 | Loss: 1.6933
Step 476000 | Loss: 1.7180
Step 477000 | Loss: 1.6430
Step 478000 | Loss: 1.6013
Step 479000 | Loss: 1.6797
Step 480000 | Loss: 1.6224
Step 481000 | Loss: 1.5195
Step 482000 | Loss: 1.6967
Step 483000 | Loss: 1.5665
Step 484000 | Loss: 1.6884
Step 485000 | Loss: 1.6331
Step 486000 | Loss: 1.6208
Step 487000 | Loss: 1.6770
Step 488000 | Loss: 1.6248
Step 489000 | Loss: 1.6398
Step 490000 | Loss: 1.6158
Step 491000 | Loss: 1.6194
Step 492000 | Loss: 1.6938
Step 493000 | Loss: 1.5514
Step 494000 | Loss: 1.6706
Step 495000 | Loss: 1.5682
Step 496000 | Loss: 1.6127
Step 497000 | Loss: 1.6264
Step 498000 | Loss: 1.6475
Step 499000 | Loss: 1.7178
Step 500000 | Loss: 1.6230
Step 501000 | Loss: 1.5760
Step 502000 | Loss: 1.5973
Step 503000 | Loss: 1.6092
Step 504000 | Loss: 1.5799
Step 505000 | Loss: 1.7211
Step 506000 | Loss: 1.5962
Step 507000 | Loss: 1.6621
Step 508000 | Loss: 1.5647
Step 509000 | Loss: 1.6206
Step 510000 | Loss: 1.6781
Step 511000 | Loss: 1.6746
Step 512000 | Loss: 1.6218
Step 513000 | Loss: 1.4226
Step 514000 | Loss: 1.6598
Step 515000 | Loss: 1.5874
Step 516000 | Loss: 1.5045
Step 517000 | Loss: 1.6204
Step 518000 | Loss: 1.7524
Step 519000 | Loss: 1.6184
Step 520000 | Loss: 1.6945
Step 521000 | Loss: 1.6604
Step 522000 | Loss: 1.5987
Step 523000 | Loss: 1.6535
Step 524000 | Loss: 1.6409
Step 525000 | Loss: 1.6220
Step 526000 | Loss: 1.6807
Step 527000 | Loss: 1.5006
Step 528000 | Loss: 1.6035
Step 529000 | Loss: 1.5378
Step 530000 | Loss: 1.5553
Step 531000 | Loss: 1.7171
Step 532000 | Loss: 1.5376
Step 533000 | Loss: 1.5724
Step 534000 | Loss: 1.6794
Step 535000 | Loss: 1.6245
Step 536000 | Loss: 1.6002
Step 537000 | Loss: 1.5496
Step 538000 | Loss: 1.5748
Step 539000 | Loss: 1.6460
Step 540000 | Loss: 1.6111
Step 541000 | Loss: 1.6291
Step 542000 | Loss: 1.5954
Step 543000 | Loss: 1.5838
Step 544000 | Loss: 1.6230
Step 545000 | Loss: 1.6331
Step 546000 | Loss: 1.6324
Step 547000 | Loss: 1.4667
Step 548000 | Loss: 1.6614
Step 549000 | Loss: 1.6145
Step 550000 | Loss: 1.7738
Step 551000 | Loss: 1.5080
Step 552000 | Loss: 1.5866
Step 553000 | Loss: 1.5476
Step 554000 | Loss: 1.6027
Step 555000 | Loss: 1.5227
Step 556000 | Loss: 1.7680
Step 557000 | Loss: 1.6656
Step 558000 | Loss: 1.6748
Step 559000 | Loss: 1.6357
Step 560000 | Loss: 1.6363
Step 561000 | Loss: 1.5372
Step 562000 | Loss: 1.5491
Step 563000 | Loss: 1.6008
Step 564000 | Loss: 1.6989
Step 565000 | Loss: 1.5161
Step 566000 | Loss: 1.5754
Step 567000 | Loss: 1.6773
Step 568000 | Loss: 1.6064
Step 569000 | Loss: 1.6318
Step 570000 | Loss: 1.5348
Step 571000 | Loss: 1.5274
Step 572000 | Loss: 1.4990
Step 573000 | Loss: 1.6899
Step 574000 | Loss: 1.5893
Step 575000 | Loss: 1.6028
Step 576000 | Loss: 1.5571
Step 577000 | Loss: 1.5179
Step 578000 | Loss: 1.5205
Step 579000 | Loss: 1.5990
Step 580000 | Loss: 1.5337
Step 581000 | Loss: 1.7101
Step 582000 | Loss: 1.5594
Step 583000 | Loss: 1.5997
Step 584000 | Loss: 1.6661
Step 585000 | Loss: 1.5648
Step 586000 | Loss: 1.5879
Step 587000 | Loss: 1.6141
Step 588000 | Loss: 1.5936
Step 589000 | Loss: 1.7292
Step 590000 | Loss: 1.6262
Step 591000 | Loss: 1.4977
Step 592000 | Loss: 1.6637
Step 593000 | Loss: 1.6163
Step 594000 | Loss: 1.6743
Step 595000 | Loss: 1.6078
Step 596000 | Loss: 1.6597
Step 597000 | Loss: 1.5962
Step 598000 | Loss: 1.6253
Step 599000 | Loss: 1.5657
Step 600000 | Loss: 1.6125
Step 601000 | Loss: 1.5156
Step 602000 | Loss: 1.5704
Step 603000 | Loss: 1.6310
Step 604000 | Loss: 1.7140
Step 605000 | Loss: 1.6900
Step 606000 | Loss: 1.5859
Step 607000 | Loss: 1.6482
Step 608000 | Loss: 1.6649
Step 609000 | Loss: 1.6003
Step 610000 | Loss: 1.5820
Step 611000 | Loss: 1.5684
Step 612000 | Loss: 1.6620
Step 613000 | Loss: 1.7460
Step 614000 | Loss: 1.5848
Step 615000 | Loss: 1.5531
Step 616000 | Loss: 1.6051
Step 617000 | Loss: 1.6751
Step 618000 | Loss: 1.5242
Step 619000 | Loss: 1.5944
Step 620000 | Loss: 1.6944
Step 621000 | Loss: 1.6153
Step 622000 | Loss: 1.5200
Step 623000 | Loss: 1.6653
Step 624000 | Loss: 1.6476
Step 625000 | Loss: 1.6873
Step 626000 | Loss: 1.6800
Step 627000 | Loss: 1.6090
Step 628000 | Loss: 1.6214
Step 629000 | Loss: 1.5197
Step 630000 | Loss: 1.7514
Step 631000 | Loss: 1.5911
Step 632000 | Loss: 1.6032
Step 633000 | Loss: 1.6005
Step 634000 | Loss: 1.6522
Step 635000 | Loss: 1.6166
Step 636000 | Loss: 1.5662
Step 637000 | Loss: 1.6131
Step 638000 | Loss: 1.6814
Step 639000 | Loss: 1.5612
Step 640000 | Loss: 1.5834
Step 641000 | Loss: 1.6538
Step 642000 | Loss: 1.5580
Step 643000 | Loss: 1.6018
Step 644000 | Loss: 1.5874
Step 645000 | Loss: 1.6343
Step 646000 | Loss: 1.5093
Step 647000 | Loss: 1.6494
Step 648000 | Loss: 1.6248
Step 649000 | Loss: 1.6438
Step 650000 | Loss: 1.7798
Step 651000 | Loss: 1.4846
Step 652000 | Loss: 1.5411
Step 653000 | Loss: 1.6551
Step 654000 | Loss: 1.5181
Step 655000 | Loss: 1.6770
Step 656000 | Loss: 1.6220
Step 657000 | Loss: 1.5901
Step 658000 | Loss: 1.5776
Step 659000 | Loss: 1.5787
Step 660000 | Loss: 1.6399
Step 661000 | Loss: 1.7734
Step 662000 | Loss: 1.6738
Step 663000 | Loss: 1.6069
Step 664000 | Loss: 1.7265
Step 665000 | Loss: 1.5714
Step 666000 | Loss: 1.5614
Step 667000 | Loss: 1.5601
Step 668000 | Loss: 1.4831
Step 669000 | Loss: 1.6700
Step 670000 | Loss: 1.5958
Step 671000 | Loss: 1.6156
Step 672000 | Loss: 1.6362
Step 673000 | Loss: 1.5680
Step 674000 | Loss: 1.5913
Step 675000 | Loss: 1.6348
Step 676000 | Loss: 1.7015
Step 677000 | Loss: 1.5479
Step 678000 | Loss: 1.6342
Step 679000 | Loss: 1.6325
Step 680000 | Loss: 1.5634
Step 681000 | Loss: 1.6951
Step 682000 | Loss: 1.6513
Step 683000 | Loss: 1.7052
Step 684000 | Loss: 1.5909
Step 685000 | Loss: 1.5727
Step 686000 | Loss: 1.4847
Step 687000 | Loss: 1.6973
Step 688000 | Loss: 1.6111
Step 689000 | Loss: 1.6010
Step 690000 | Loss: 1.5928
Step 691000 | Loss: 1.6527
Step 692000 | Loss: 1.5862
Step 693000 | Loss: 1.6343
Step 694000 | Loss: 1.5168
Step 695000 | Loss: 1.5940
Step 696000 | Loss: 1.6276
Step 697000 | Loss: 1.5792
Step 698000 | Loss: 1.5925
Step 699000 | Loss: 1.6403
Step 700000 | Loss: 1.6773
Step 701000 | Loss: 1.6363
Step 702000 | Loss: 1.7131
Step 703000 | Loss: 1.4243
Step 704000 | Loss: 1.6615
Step 705000 | Loss: 1.5838
Step 706000 | Loss: 1.4981
Step 707000 | Loss: 1.5957
Step 708000 | Loss: 1.6121
Step 709000 | Loss: 1.6168
Step 710000 | Loss: 1.5853
Step 711000 | Loss: 1.6525
Step 712000 | Loss: 1.6459
Step 713000 | Loss: 1.6611
Step 714000 | Loss: 1.6916
Step 715000 | Loss: 1.4696
Step 716000 | Loss: 1.6750
Step 717000 | Loss: 1.6099
Step 718000 | Loss: 1.6176
Step 719000 | Loss: 1.5004
Step 720000 | Loss: 1.5718
Step 721000 | Loss: 1.6221
Step 722000 | Loss: 1.5767
Step 723000 | Loss: 1.6212
Step 724000 | Loss: 1.6913
Step 725000 | Loss: 1.5864
Step 726000 | Loss: 1.6742
Step 727000 | Loss: 1.6548
Step 728000 | Loss: 1.5483
Step 729000 | Loss: 1.5691
Step 730000 | Loss: 1.6641
Step 731000 | Loss: 1.5793
Step 732000 | Loss: 1.5459
Step 733000 | Loss: 1.7075
Step 734000 | Loss: 1.6396
Step 735000 | Loss: 1.5436
Step 736000 | Loss: 1.6765
Step 737000 | Loss: 1.6332
Step 738000 | Loss: 1.5554
Step 739000 | Loss: 1.4702
Step 740000 | Loss: 1.7345
Step 741000 | Loss: 1.5662
Step 742000 | Loss: 1.5348
Step 743000 | Loss: 1.6658
Step 744000 | Loss: 1.5640
Step 745000 | Loss: 1.5183
Step 746000 | Loss: 1.6311
Step 747000 | Loss: 1.5970
Step 748000 | Loss: 1.5504
Step 749000 | Loss: 1.6083
Step 750000 | Loss: 1.5471
Step 751000 | Loss: 1.5999
Step 752000 | Loss: 1.6863
Step 753000 | Loss: 1.6771
Step 754000 | Loss: 1.5749
Step 755000 | Loss: 1.6021
Step 756000 | Loss: 1.5112
Step 757000 | Loss: 1.5926
Step 758000 | Loss: 1.6094
Step 759000 | Loss: 1.5445
Step 760000 | Loss: 1.5340
Step 761000 | Loss: 1.6614
Step 762000 | Loss: 1.6743
Step 763000 | Loss: 1.4217
Step 764000 | Loss: 1.6555
Step 765000 | Loss: 1.6391
Step 766000 | Loss: 1.6820
Step 767000 | Loss: 1.6878
Step 768000 | Loss: 1.6471
Step 769000 | Loss: 1.5883
Step 770000 | Loss: 1.5157
Step 771000 | Loss: 1.6071
Step 772000 | Loss: 1.5918
Step 773000 | Loss: 1.6313
Step 774000 | Loss: 1.6519
Step 775000 | Loss: 1.5511
Step 776000 | Loss: 1.5757
Step 777000 | Loss: 1.6634
Step 778000 | Loss: 1.6484
Step 779000 | Loss: 1.5640
Step 780000 | Loss: 1.6512
Step 781000 | Loss: 1.5941
Step 782000 | Loss: 1.6185
Step 783000 | Loss: 1.4666
Step 784000 | Loss: 1.3809
Step 785000 | Loss: 1.5748
Step 786000 | Loss: 1.5770
Step 787000 | Loss: 1.6236
Step 788000 | Loss: 1.6538
Step 789000 | Loss: 1.5372
Step 790000 | Loss: 1.6357
Step 791000 | Loss: 1.6851
Step 792000 | Loss: 1.6464
Step 793000 | Loss: 1.5044
Step 794000 | Loss: 1.6591
Step 795000 | Loss: 1.6084
Step 796000 | Loss: 1.6737
Step 797000 | Loss: 1.5975
Step 798000 | Loss: 1.5983
Step 799000 | Loss: 1.6006
Step 800000 | Loss: 1.6347
Step 801000 | Loss: 1.6013
Step 802000 | Loss: 1.5633
Step 803000 | Loss: 1.5182
Step 804000 | Loss: 1.6282
Step 805000 | Loss: 1.5532
Step 806000 | Loss: 1.6412
Step 807000 | Loss: 1.6103
Step 808000 | Loss: 1.6058
Step 809000 | Loss: 1.6643
Step 810000 | Loss: 1.6177
Step 811000 | Loss: 1.7476
Step 812000 | Loss: 1.5181
Step 813000 | Loss: 1.6519
Step 814000 | Loss: 1.4777
Step 815000 | Loss: 1.6282
Step 816000 | Loss: 1.5069
Step 817000 | Loss: 1.5281
Step 818000 | Loss: 1.6622
Step 819000 | Loss: 1.6471
Step 820000 | Loss: 1.5333
Step 821000 | Loss: 1.6929
Step 822000 | Loss: 1.5925
Step 823000 | Loss: 1.5560
Step 824000 | Loss: 1.6572
Step 825000 | Loss: 1.6322
Step 826000 | Loss: 1.6009
Step 827000 | Loss: 1.5442
Step 828000 | Loss: 1.5110
Step 829000 | Loss: 1.6929
Step 830000 | Loss: 1.6327
Step 831000 | Loss: 1.6983
Step 832000 | Loss: 1.5981
Step 833000 | Loss: 1.5494
Step 834000 | Loss: 1.5710
Step 835000 | Loss: 1.6440
Step 836000 | Loss: 1.6117
Step 837000 | Loss: 1.5035
Step 838000 | Loss: 1.5578
Step 839000 | Loss: 1.5952
Step 840000 | Loss: 1.5971
Step 841000 | Loss: 1.4908
Step 842000 | Loss: 1.5639
Step 843000 | Loss: 1.5389
Step 844000 | Loss: 1.5996
Step 845000 | Loss: 1.4782
Step 846000 | Loss: 1.6277
Step 847000 | Loss: 1.5905
Step 848000 | Loss: 1.6659
Step 849000 | Loss: 1.6594
Step 850000 | Loss: 1.6664
Step 851000 | Loss: 1.5765
Step 852000 | Loss: 1.6435
Step 853000 | Loss: 1.6571
Step 854000 | Loss: 1.6494
Step 855000 | Loss: 1.6756
Step 856000 | Loss: 1.7570
Step 857000 | Loss: 1.7205
Step 858000 | Loss: 1.7313
Step 859000 | Loss: 1.5513
Step 860000 | Loss: 1.6595
Step 861000 | Loss: 1.7072
Step 862000 | Loss: 1.6771
Step 863000 | Loss: 1.6368
Step 864000 | Loss: 1.4554
Step 865000 | Loss: 1.5760
Step 866000 | Loss: 1.6799
Step 867000 | Loss: 1.6190
Step 868000 | Loss: 1.7266
Step 869000 | Loss: 1.6329
Step 870000 | Loss: 1.6112
Step 871000 | Loss: 1.6089
Step 872000 | Loss: 1.5804
Step 873000 | Loss: 1.5324
Step 874000 | Loss: 1.7193
Step 875000 | Loss: 1.5684
Step 876000 | Loss: 1.6899
Step 877000 | Loss: 1.6832
Step 878000 | Loss: 1.6389
Step 879000 | Loss: 1.5586
Step 880000 | Loss: 1.5216
Step 881000 | Loss: 1.4841
Step 882000 | Loss: 1.7157
Step 883000 | Loss: 1.5610
Step 884000 | Loss: 1.5291
Step 885000 | Loss: 1.4036
Step 886000 | Loss: 1.6158
Step 887000 | Loss: 1.6782
Step 888000 | Loss: 1.5584
Step 889000 | Loss: 1.5849
Step 890000 | Loss: 1.5563
Step 891000 | Loss: 1.6387
Step 892000 | Loss: 1.5447
Step 893000 | Loss: 1.6806
Step 894000 | Loss: 1.6629
Step 895000 | Loss: 1.6365
Step 896000 | Loss: 1.6554
Step 897000 | Loss: 1.4247
Step 898000 | Loss: 1.6387
Step 899000 | Loss: 1.5840
Step 900000 | Loss: 1.6422
Step 901000 | Loss: 1.5987
Step 902000 | Loss: 1.6367
Step 903000 | Loss: 1.5673
Step 904000 | Loss: 1.6644
Step 905000 | Loss: 1.5298
Step 906000 | Loss: 1.6283
Step 907000 | Loss: 1.6041
Step 908000 | Loss: 1.6651
Step 909000 | Loss: 1.7414
Step 910000 | Loss: 1.5932
Step 911000 | Loss: 1.5773
Step 912000 | Loss: 1.5231
Step 913000 | Loss: 1.5812
Step 914000 | Loss: 1.6171
Step 915000 | Loss: 1.7141
Step 916000 | Loss: 1.5223